<?xml version="1.0" encoding="UTF-8"?>
<robot generator="Robot 7.2.2 (Python 3.13.3 on win32)" generated="2025-06-05T23:18:42.458924" rpa="false" schemaversion="5">
<suite id="s1" name="Testes candidatos à automação no Robot Framework" source="c:\Users\raiqu\Desktop\Nero\Estágio\Documentos das Sprints\Documentos\Sprint 6\Semana 12\Challenge 03\Testes candidatos à automação no Robot Framework">
<suite id="s1-s1" name="ServeRest API" source="c:\Users\raiqu\Desktop\Nero\Estágio\Documentos das Sprints\Documentos\Sprint 6\Semana 12\Challenge 03\Testes candidatos à automação no Robot Framework\ServeRest API">
<suite id="s1-s1-s1" name="Tests" source="c:\Users\raiqu\Desktop\Nero\Estágio\Documentos das Sprints\Documentos\Sprint 6\Semana 12\Challenge 03\Testes candidatos à automação no Robot Framework\ServeRest API\tests">
<suite id="s1-s1-s1-s1" name="Carrinhos Tests" source="c:\Users\raiqu\Desktop\Nero\Estágio\Documentos das Sprints\Documentos\Sprint 6\Semana 12\Challenge 03\Testes candidatos à automação no Robot Framework\ServeRest API\tests\carrinhos_tests.robot">
<kw name="Iniciar sessão autenticado" owner="base" type="SETUP">
<kw name="Iniciar sessão" owner="base">
<kw name="Run Keyword If" owner="BuiltIn">
<arg>'${auth_token}' != '${EMPTY}'</arg>
<arg>Set To Dictionary</arg>
<arg>${headers}</arg>
<arg>Authorization=${auth_token}</arg>
<doc>Runs the given keyword with the given arguments, if ``condition`` is true.</doc>
<status status="PASS" start="2025-06-05T23:18:43.244189" elapsed="0.000378"/>
</kw>
<kw name="Create Session" owner="RequestsLibrary">
<msg time="2025-06-05T23:18:43.245032" level="INFO">Creating Session using : alias=ServeRest, url=https://compassuol.serverest.dev, headers={'accept': 'application/json', 'Content-Type': 'application/json'},                     cookies={}, auth=None, timeout=None, proxies=None, verify=False,                     debug=0 </msg>
<arg>alias=${alias_base}</arg>
<arg>url=${url_base}</arg>
<arg>headers=${headers}</arg>
<doc>Create Session: create a HTTP session to a server</doc>
<status status="PASS" start="2025-06-05T23:18:43.244756" elapsed="0.001974"/>
</kw>
<status status="PASS" start="2025-06-05T23:18:43.243544" elapsed="0.003354"/>
</kw>
<kw name="Login e armazenar token bearer" owner="base">
<kw name="Payload cadastrar usuário com dados válidos" owner="common">
<kw name="Name" owner="FakerLibrary">
<msg time="2025-06-05T23:18:43.247934" level="INFO">${nome} = Ryan Luna</msg>
<var>${nome}</var>
<doc>:example: 'John Doe'</doc>
<status status="PASS" start="2025-06-05T23:18:43.247504" elapsed="0.000868"/>
</kw>
<kw name="Email" owner="FakerLibrary">
<msg time="2025-06-05T23:18:43.248942" level="INFO">${email} = melvinjackson@example.org</msg>
<var>${email}</var>
<status status="PASS" start="2025-06-05T23:18:43.248533" elapsed="0.000505"/>
</kw>
<kw name="Password" owner="FakerLibrary">
<msg time="2025-06-05T23:18:43.249379" level="INFO">${password} = *4w3FGjRJt</msg>
<var>${password}</var>
<doc>Generate a random password of the specified ``length``.</doc>
<status status="PASS" start="2025-06-05T23:18:43.249176" elapsed="0.000293"/>
</kw>
<kw name="Create Dictionary" owner="BuiltIn">
<msg time="2025-06-05T23:18:43.249977" level="INFO">${dados_validos} = {'nome': 'Ryan Luna', 'email': 'melvinjackson@example.org', 'password': '*4w3FGjRJt', 'administrador': 'true'}</msg>
<var>${dados_validos}</var>
<arg>nome=${nome}</arg>
<arg>email=${email}</arg>
<arg>password=${password}</arg>
<arg>administrador=true</arg>
<doc>Creates and returns a dictionary based on the given ``items``.</doc>
<status status="PASS" start="2025-06-05T23:18:43.249617" elapsed="0.000463"/>
</kw>
<kw name="Set Global Variable" owner="BuiltIn">
<msg time="2025-06-05T23:18:43.250498" level="INFO">${dados_validos} = {'nome': 'Ryan Luna', 'email': 'melvinjackson@example.org', 'password': '*4w3FGjRJt', 'administrador': 'true'}</msg>
<arg>${dados_validos}</arg>
<doc>Makes a variable available globally in all tests and suites.</doc>
<status status="PASS" start="2025-06-05T23:18:43.250241" elapsed="0.000359"/>
</kw>
<status status="PASS" start="2025-06-05T23:18:43.247313" elapsed="0.003434"/>
</kw>
<kw name="POST endpoint /usuarios com dados validos" owner="usuarios_keywords">
<kw name="POST On Session" owner="RequestsLibrary">
<msg time="2025-06-05T23:18:43.632046" level="INFO">POST Request : url=https://compassuol.serverest.dev/usuarios 
 path_url=/usuarios 
 headers={'User-Agent': 'python-requests/2.32.3', 'Accept-Encoding': 'gzip, deflate', 'accept': 'application/json', 'Connection': 'keep-alive', 'Content-Type': 'application/json', 'Content-Length': '110'} 
 body=b'{"nome": "Ryan Luna", "email": "melvinjackson@example.org", "password": "*4w3FGjRJt", "administrador": "true"}' 
 </msg>
<msg time="2025-06-05T23:18:43.632710" level="INFO">POST Response : url=https://compassuol.serverest.dev/usuarios 
 status=201, reason=Created 
 headers={'access-control-allow-origin': '*', 'x-dns-prefetch-control': 'off', 'x-frame-options': 'SAMEORIGIN', 'strict-transport-security': 'max-age=15552000; includeSubDomains', 'x-download-options': 'noopen', 'x-content-type-options': 'nosniff', 'x-xss-protection': '1; mode=block', 'content-type': 'application/json; charset=utf-8', 'x-cloud-trace-context': '00fa7c0ac2355a84f8cbc4ee9fe32c73;o=1', 'date': 'Fri, 06 Jun 2025 02:18:45 GMT', 'server': 'Google Frontend', 'Content-Length': '82'} 
 body={
    "message": "Cadastro realizado com sucesso",
    "_id": "HwuRW2hzmN7t7nXX"
} 
 </msg>
<msg time="2025-06-05T23:18:43.632977" level="INFO">C:\Users\raiqu\AppData\Local\Programs\Python\Python313\Lib\site-packages\urllib3\connectionpool.py:1097: InsecureRequestWarning: Unverified HTTPS request is being made to host 'compassuol.serverest.dev'. Adding certificate verification is strongly advised. See: https://urllib3.readthedocs.io/en/latest/advanced-usage.html#tls-warnings
  warnings.warn(</msg>
<msg time="2025-06-05T23:18:43.633621" level="INFO">${response} = &lt;Response [201]&gt;</msg>
<var>${response}</var>
<arg>alias=${alias_base}</arg>
<arg>url=/usuarios</arg>
<arg>json=&amp;{payload}</arg>
<arg>headers=${headers}</arg>
<doc>Sends a POST request on a previously created HTTP Session.</doc>
<status status="PASS" start="2025-06-05T23:18:43.251251" elapsed="0.382541"/>
</kw>
<kw name="Log" owner="BuiltIn">
<msg time="2025-06-05T23:18:43.634632" level="INFO">Response: {'message': 'Cadastro realizado com sucesso', '_id': 'HwuRW2hzmN7t7nXX'}</msg>
<arg>Response: ${response.json()}</arg>
<doc>Logs the given message with the given level.</doc>
<status status="PASS" start="2025-06-05T23:18:43.634114" elapsed="0.000638"/>
</kw>
<kw name="Set Test Variable" owner="BuiltIn">
<msg time="2025-06-05T23:18:43.635221" level="INFO">${response} = &lt;Response [201]&gt;</msg>
<arg>${response}</arg>
<doc>Makes a variable available everywhere within the scope of the current test.</doc>
<status status="PASS" start="2025-06-05T23:18:43.634948" elapsed="0.000395"/>
</kw>
<status status="PASS" start="2025-06-05T23:18:43.250960" elapsed="0.384489"/>
</kw>
<kw name="Payload com dados válidos" owner="common">
<kw name="Get From Dictionary" owner="Collections">
<msg time="2025-06-05T23:18:43.636100" level="INFO">${email} = melvinjackson@example.org</msg>
<var>${email}</var>
<arg>${dados_validos}</arg>
<arg>email</arg>
<doc>Returns a value from the given ``dictionary`` based on the given ``key``.</doc>
<status status="PASS" start="2025-06-05T23:18:43.635902" elapsed="0.000275"/>
</kw>
<kw name="Get From Dictionary" owner="Collections">
<msg time="2025-06-05T23:18:43.636603" level="INFO">${password} = *4w3FGjRJt</msg>
<var>${password}</var>
<arg>${dados_validos}</arg>
<arg>password</arg>
<doc>Returns a value from the given ``dictionary`` based on the given ``key``.</doc>
<status status="PASS" start="2025-06-05T23:18:43.636311" elapsed="0.000363"/>
</kw>
<kw name="Create Dictionary" owner="BuiltIn">
<msg time="2025-06-05T23:18:43.637026" level="INFO">${dados_validos_login} = {'email': 'melvinjackson@example.org', 'password': '*4w3FGjRJt'}</msg>
<var>${dados_validos_login}</var>
<arg>email=${email}</arg>
<arg>password=${password}</arg>
<doc>Creates and returns a dictionary based on the given ``items``.</doc>
<status status="PASS" start="2025-06-05T23:18:43.636799" elapsed="0.000412"/>
</kw>
<kw name="Set Global Variable" owner="BuiltIn">
<msg time="2025-06-05T23:18:43.637661" level="INFO">${dados_validos_login} = {'email': 'melvinjackson@example.org', 'password': '*4w3FGjRJt'}</msg>
<arg>${dados_validos_login}</arg>
<doc>Makes a variable available globally in all tests and suites.</doc>
<status status="PASS" start="2025-06-05T23:18:43.637398" elapsed="0.000351"/>
</kw>
<status status="PASS" start="2025-06-05T23:18:43.635654" elapsed="0.002175"/>
</kw>
<kw name="POST endpoint /login com dados válidos" owner="login_keywords">
<kw name="POST On Session" owner="RequestsLibrary">
<msg time="2025-06-05T23:18:43.807160" level="INFO">POST Request : url=https://compassuol.serverest.dev/login 
 path_url=/login 
 headers={'User-Agent': 'python-requests/2.32.3', 'Accept-Encoding': 'gzip, deflate', 'accept': 'application/json', 'Connection': 'keep-alive', 'Content-Type': 'application/json', 'Content-Length': '64'} 
 body=b'{"email": "melvinjackson@example.org", "password": "*4w3FGjRJt"}' 
 </msg>
<msg time="2025-06-05T23:18:43.807715" level="INFO">POST Response : url=https://compassuol.serverest.dev/login 
 status=200, reason=OK 
 headers={'access-control-allow-origin': '*', 'x-dns-prefetch-control': 'off', 'x-frame-options': 'SAMEORIGIN', 'strict-transport-security': 'max-age=15552000; includeSubDomains', 'x-download-options': 'noopen', 'x-content-type-options': 'nosniff', 'x-xss-protection': '1; mode=block', 'content-type': 'application/json; charset=utf-8', 'x-cloud-trace-context': '34bade633770cb05f8cbc4ee9fe321ff', 'date': 'Fri, 06 Jun 2025 02:18:45 GMT', 'server': 'Google Frontend', 'Content-Length': '288'} 
 body={
    "message": "Login realizado com sucesso",
    "authorization": "Bearer eyJhbGciOiJIUzI1NiIsInR5cCI6IkpXVCJ9.eyJlbWFpbCI6Im1lbHZpbmphY2tzb25AZXhhbXBsZS5vcmciLCJwYXNzd29yZCI6Iio0dzNGR2pSSnQiLCJpYXQiOjE3NDkxNzYzMjUsImV4cCI6MTc0OTE3NjkyNX0.Is0NsmI5bMkd-bHQFPQJyPn5VkTP-soOKHzuGKye3Pk"
} 
 </msg>
<msg time="2025-06-05T23:18:43.807882" level="INFO">C:\Users\raiqu\AppData\Local\Programs\Python\Python313\Lib\site-packages\urllib3\connectionpool.py:1097: InsecureRequestWarning: Unverified HTTPS request is being made to host 'compassuol.serverest.dev'. Adding certificate verification is strongly advised. See: https://urllib3.readthedocs.io/en/latest/advanced-usage.html#tls-warnings
  warnings.warn(</msg>
<msg time="2025-06-05T23:18:43.808455" level="INFO">${response} = &lt;Response [200]&gt;</msg>
<var>${response}</var>
<arg>alias=${alias_base}</arg>
<arg>url=/login</arg>
<arg>json=&amp;{payload}</arg>
<arg>headers=${headers}</arg>
<doc>Sends a POST request on a previously created HTTP Session.</doc>
<status status="PASS" start="2025-06-05T23:18:43.638196" elapsed="0.170400"/>
</kw>
<kw name="Log" owner="BuiltIn">
<msg time="2025-06-05T23:18:43.809274" level="INFO">Response: {'message': 'Login realizado com sucesso', 'authorization': 'Bearer eyJhbGciOiJIUzI1NiIsInR5cCI6IkpXVCJ9.eyJlbWFpbCI6Im1lbHZpbmphY2tzb25AZXhhbXBsZS5vcmciLCJwYXNzd29yZCI6Iio0dzNGR2pSSnQiLCJpYXQiOjE3NDkxNzYzMjUsImV4cCI6MTc0OTE3NjkyNX0.Is0NsmI5bMkd-bHQFPQJyPn5VkTP-soOKHzuGKye3Pk'}</msg>
<arg>Response: ${response.json()}</arg>
<doc>Logs the given message with the given level.</doc>
<status status="PASS" start="2025-06-05T23:18:43.808832" elapsed="0.000549"/>
</kw>
<kw name="Set Test Variable" owner="BuiltIn">
<msg time="2025-06-05T23:18:43.809775" level="INFO">${response} = &lt;Response [200]&gt;</msg>
<arg>${response}</arg>
<doc>Makes a variable available everywhere within the scope of the current test.</doc>
<status status="PASS" start="2025-06-05T23:18:43.809546" elapsed="0.000329"/>
</kw>
<status status="PASS" start="2025-06-05T23:18:43.637986" elapsed="0.171983"/>
</kw>
<kw name="Set Variable" owner="BuiltIn">
<msg time="2025-06-05T23:18:43.810472" level="INFO">${auth_token} = Bearer eyJhbGciOiJIUzI1NiIsInR5cCI6IkpXVCJ9.eyJlbWFpbCI6Im1lbHZpbmphY2tzb25AZXhhbXBsZS5vcmciLCJwYXNzd29yZCI6Iio0dzNGR2pSSnQiLCJpYXQiOjE3NDkxNzYzMjUsImV4cCI6MTc0OTE3NjkyNX0.Is0NsmI5bMkd-bHQFPQJyPn5VkTP...</msg>
<var>${auth_token}</var>
<arg>${response.json()["authorization"]}</arg>
<doc>Returns the given values which can then be assigned to a variables.</doc>
<status status="PASS" start="2025-06-05T23:18:43.810103" elapsed="0.000448"/>
</kw>
<kw name="Set Global Variable" owner="BuiltIn">
<msg time="2025-06-05T23:18:43.810887" level="INFO">${auth_token} = Bearer eyJhbGciOiJIUzI1NiIsInR5cCI6IkpXVCJ9.eyJlbWFpbCI6Im1lbHZpbmphY2tzb25AZXhhbXBsZS5vcmciLCJwYXNzd29yZCI6Iio0dzNGR2pSSnQiLCJpYXQiOjE3NDkxNzYzMjUsImV4cCI6MTc0OTE3NjkyNX0.Is0NsmI5bMkd-bHQFPQJyPn5VkTP...</msg>
<arg>${auth_token}</arg>
<doc>Makes a variable available globally in all tests and suites.</doc>
<status status="PASS" start="2025-06-05T23:18:43.810690" elapsed="0.000277"/>
</kw>
<kw name="Iniciar sessão" owner="base">
<kw name="Run Keyword If" owner="BuiltIn">
<kw name="Set To Dictionary" owner="Collections">
<arg>${headers}</arg>
<arg>Authorization=${auth_token}</arg>
<doc>Adds the given ``key_value_pairs`` and/or ``items`` to the ``dictionary``.</doc>
<status status="PASS" start="2025-06-05T23:18:43.811697" elapsed="0.000174"/>
</kw>
<arg>'${auth_token}' != '${EMPTY}'</arg>
<arg>Set To Dictionary</arg>
<arg>${headers}</arg>
<arg>Authorization=${auth_token}</arg>
<doc>Runs the given keyword with the given arguments, if ``condition`` is true.</doc>
<status status="PASS" start="2025-06-05T23:18:43.811302" elapsed="0.000649"/>
</kw>
<kw name="Create Session" owner="RequestsLibrary">
<msg time="2025-06-05T23:18:43.812281" level="INFO">Creating Session using : alias=ServeRest, url=https://compassuol.serverest.dev, headers={'accept': 'application/json', 'Content-Type': 'application/json', 'Authorization': 'Bearer eyJhbGciOiJIUzI1NiIsInR5cCI6IkpXVCJ9.eyJlbWFpbCI6Im1lbHZpbmphY2tzb25AZXhhbXBsZS5vcmciLCJwYXNzd29yZCI6Iio0dzNGR2pSSnQiLCJpYXQiOjE3NDkxNzYzMjUsImV4cCI6MTc0OTE3NjkyNX0.Is0NsmI5bMkd-bHQFPQJyPn5VkTP-soOKHzuGKye3Pk'},                     cookies={}, auth=None, timeout=None, proxies=None, verify=False,                     debug=0 </msg>
<arg>alias=${alias_base}</arg>
<arg>url=${url_base}</arg>
<arg>headers=${headers}</arg>
<doc>Create Session: create a HTTP session to a server</doc>
<status status="PASS" start="2025-06-05T23:18:43.812066" elapsed="0.000398"/>
</kw>
<status status="PASS" start="2025-06-05T23:18:43.811117" elapsed="0.001432"/>
</kw>
<status status="PASS" start="2025-06-05T23:18:43.247089" elapsed="0.565526"/>
</kw>
<status status="PASS" start="2025-06-05T23:18:43.243248" elapsed="0.569434"/>
</kw>
<test id="s1-s1-s1-s1-t1" name="US004-CT03: Tentar cadastrar um carrinho sem token" line="10">
<kw name="Payload cadastrar produto com campos válidos" owner="common">
<kw name="Name" owner="FakerLibrary">
<msg time="2025-06-05T23:18:43.813720" level="INFO">${nome} = Travis Scott</msg>
<var>${nome}</var>
<doc>:example: 'John Doe'</doc>
<status status="PASS" start="2025-06-05T23:18:43.813412" elapsed="0.000382"/>
</kw>
<kw name="Random Number" owner="FakerLibrary">
<msg time="2025-06-05T23:18:43.814045" level="INFO">${preco} = 404779262</msg>
<var>${preco}</var>
<doc>Generate a random integer according to the following rules:</doc>
<status status="PASS" start="2025-06-05T23:18:43.813903" elapsed="0.000210"/>
</kw>
<kw name="Paragraph" owner="FakerLibrary">
<msg time="2025-06-05T23:18:43.814458" level="INFO">${descricao} = Agent work course environment real all half. Commercial pretty drug bag. Will will second president interview sell conference.</msg>
<var>${descricao}</var>
<doc>Generate a paragraph.</doc>
<status status="PASS" start="2025-06-05T23:18:43.814222" elapsed="0.000312"/>
</kw>
<kw name="Random Number" owner="FakerLibrary">
<msg time="2025-06-05T23:18:43.814889" level="INFO">${quantidade} = 63</msg>
<var>${quantidade}</var>
<doc>Generate a random integer according to the following rules:</doc>
<status status="PASS" start="2025-06-05T23:18:43.814639" elapsed="0.000324"/>
</kw>
<kw name="Create Dictionary" owner="BuiltIn">
<msg time="2025-06-05T23:18:43.815557" level="INFO">${produto_dados_validos} = {'nome': 'Travis Scott', 'preco': 404779262, 'descricao': 'Agent work course environment real all half. Commercial pretty drug bag. Will will second president interview sell conference.', 'quantidade'...</msg>
<var>${produto_dados_validos}</var>
<arg>nome=${nome}</arg>
<arg>preco=${preco}</arg>
<arg>descricao=${descricao}</arg>
<arg>quantidade=${quantidade}</arg>
<doc>Creates and returns a dictionary based on the given ``items``.</doc>
<status status="PASS" start="2025-06-05T23:18:43.815238" elapsed="0.000392"/>
</kw>
<kw name="Set Global Variable" owner="BuiltIn">
<msg time="2025-06-05T23:18:43.815932" level="INFO">${produto_dados_validos} = {'nome': 'Travis Scott', 'preco': 404779262, 'descricao': 'Agent work course environment real all half. Commercial pretty drug bag. Will will second president interview sell conference.', 'quantidade'...</msg>
<arg>${produto_dados_validos}</arg>
<doc>Makes a variable available globally in all tests and suites.</doc>
<status status="PASS" start="2025-06-05T23:18:43.815750" elapsed="0.000258"/>
</kw>
<status status="PASS" start="2025-06-05T23:18:43.813216" elapsed="0.002863"/>
</kw>
<kw name="POST endpoint /produtos com dados validos" owner="produtos_keywords">
<kw name="POST On Session" owner="RequestsLibrary">
<msg time="2025-06-05T23:18:44.168950" level="INFO">POST Request : url=https://compassuol.serverest.dev/produtos 
 path_url=/produtos 
 headers={'User-Agent': 'python-requests/2.32.3', 'Accept-Encoding': 'gzip, deflate', 'accept': 'application/json', 'Connection': 'keep-alive', 'Content-Type': 'application/json', 'Authorization': 'Bearer eyJhbGciOiJIUzI1NiIsInR5cCI6IkpXVCJ9.eyJlbWFpbCI6Im1lbHZpbmphY2tzb25AZXhhbXBsZS5vcmciLCJwYXNzd29yZCI6Iio0dzNGR2pSSnQiLCJpYXQiOjE3NDkxNzYzMjUsImV4cCI6MTc0OTE3NjkyNX0.Is0NsmI5bMkd-bHQFPQJyPn5VkTP-soOKHzuGKye3Pk', 'Content-Length': '205'} 
 body=b'{"nome": "Travis Scott", "preco": 404779262, "descricao": "Agent work course environment real all half. Commercial pretty drug bag. Will will second president interview sell conference.", "quantidade": 63}' 
 </msg>
<msg time="2025-06-05T23:18:44.169551" level="INFO">POST Response : url=https://compassuol.serverest.dev/produtos 
 status=201, reason=Created 
 headers={'access-control-allow-origin': '*', 'x-dns-prefetch-control': 'off', 'x-frame-options': 'SAMEORIGIN', 'strict-transport-security': 'max-age=15552000; includeSubDomains', 'x-download-options': 'noopen', 'x-content-type-options': 'nosniff', 'x-xss-protection': '1; mode=block', 'content-type': 'application/json; charset=utf-8', 'x-cloud-trace-context': '9d1180674012d858454d00ddf8e0dcea', 'date': 'Fri, 06 Jun 2025 02:18:45 GMT', 'server': 'Google Frontend', 'Content-Length': '82'} 
 body={
    "message": "Cadastro realizado com sucesso",
    "_id": "4ZIlKFf5rpyIj0mT"
} 
 </msg>
<msg time="2025-06-05T23:18:44.169699" level="INFO">C:\Users\raiqu\AppData\Local\Programs\Python\Python313\Lib\site-packages\urllib3\connectionpool.py:1097: InsecureRequestWarning: Unverified HTTPS request is being made to host 'compassuol.serverest.dev'. Adding certificate verification is strongly advised. See: https://urllib3.readthedocs.io/en/latest/advanced-usage.html#tls-warnings
  warnings.warn(</msg>
<msg time="2025-06-05T23:18:44.170125" level="INFO">${response} = &lt;Response [201]&gt;</msg>
<var>${response}</var>
<arg>alias=${alias_base}</arg>
<arg>url=/produtos</arg>
<arg>json=&amp;{payload}</arg>
<arg>headers=${headers}</arg>
<doc>Sends a POST request on a previously created HTTP Session.</doc>
<status status="PASS" start="2025-06-05T23:18:43.816603" elapsed="0.353632"/>
</kw>
<kw name="Log" owner="BuiltIn">
<msg time="2025-06-05T23:18:44.170930" level="INFO">Response: {'message': 'Cadastro realizado com sucesso', '_id': '4ZIlKFf5rpyIj0mT'}</msg>
<arg>Response: ${response.json()}</arg>
<doc>Logs the given message with the given level.</doc>
<status status="PASS" start="2025-06-05T23:18:44.170484" elapsed="0.000546"/>
</kw>
<kw name="Set Test Variable" owner="BuiltIn">
<msg time="2025-06-05T23:18:44.171360" level="INFO">${response} = &lt;Response [201]&gt;</msg>
<arg>${response}</arg>
<doc>Makes a variable available everywhere within the scope of the current test.</doc>
<status status="PASS" start="2025-06-05T23:18:44.171185" elapsed="0.000283"/>
</kw>
<kw name="Get From Dictionary" owner="Collections">
<msg time="2025-06-05T23:18:44.172064" level="INFO">${id_produto} = 4ZIlKFf5rpyIj0mT</msg>
<var>${id_produto}</var>
<arg>${response.json()}</arg>
<arg>_id</arg>
<doc>Returns a value from the given ``dictionary`` based on the given ``key``.</doc>
<status status="PASS" start="2025-06-05T23:18:44.171610" elapsed="0.000533"/>
</kw>
<kw name="Set Global Variable" owner="BuiltIn">
<msg time="2025-06-05T23:18:44.172557" level="INFO">${id_produto} = 4ZIlKFf5rpyIj0mT</msg>
<arg>${id_produto}</arg>
<doc>Makes a variable available globally in all tests and suites.</doc>
<status status="PASS" start="2025-06-05T23:18:44.172273" elapsed="0.000364"/>
</kw>
<status status="PASS" start="2025-06-05T23:18:43.816374" elapsed="0.356347"/>
</kw>
<kw name="POST endpoint /carrinhos sem token" owner="carrinhos_keywords">
<kw name="Get From Dictionary" owner="Collections">
<msg time="2025-06-05T23:18:44.173719" level="INFO">${id_produto} = 4ZIlKFf5rpyIj0mT</msg>
<var>${id_produto}</var>
<arg>${response.json()}</arg>
<arg>_id</arg>
<doc>Returns a value from the given ``dictionary`` based on the given ``key``.</doc>
<status status="PASS" start="2025-06-05T23:18:44.173306" elapsed="0.000778"/>
</kw>
<kw name="Get From Dictionary" owner="Collections">
<msg time="2025-06-05T23:18:44.174473" level="INFO">${quantidade} = 63</msg>
<var>${quantidade}</var>
<arg>${produto_dados_validos}</arg>
<arg>quantidade</arg>
<doc>Returns a value from the given ``dictionary`` based on the given ``key``.</doc>
<status status="PASS" start="2025-06-05T23:18:44.174248" elapsed="0.000310"/>
</kw>
<kw name="Create Dictionary" owner="BuiltIn">
<msg time="2025-06-05T23:18:44.174980" level="INFO">${produto} = {'idProduto': '4ZIlKFf5rpyIj0mT', 'quantidade': 63}</msg>
<var>${produto}</var>
<arg>idProduto=${id_produto}</arg>
<arg>quantidade=${quantidade}</arg>
<doc>Creates and returns a dictionary based on the given ``items``.</doc>
<status status="PASS" start="2025-06-05T23:18:44.174710" elapsed="0.000355"/>
</kw>
<kw name="Create List" owner="BuiltIn">
<msg time="2025-06-05T23:18:44.175400" level="INFO">@{produtos_lista} = [ {'idProduto': '4ZIlKFf5rpyIj0mT', 'quantidade': 63} ]</msg>
<var>@{produtos_lista}</var>
<arg>${produto}</arg>
<doc>Returns a list containing given items.</doc>
<status status="PASS" start="2025-06-05T23:18:44.175203" elapsed="0.000316"/>
</kw>
<kw name="Create Dictionary" owner="BuiltIn">
<msg time="2025-06-05T23:18:44.175942" level="INFO">&amp;{payload} = { produtos=[{'idProduto': '4ZIlKFf5rpyIj0mT', 'quantidade': 63}] }</msg>
<var>&amp;{payload}</var>
<arg>produtos=${produtos_lista}</arg>
<doc>Creates and returns a dictionary based on the given ``items``.</doc>
<status status="PASS" start="2025-06-05T23:18:44.175679" elapsed="0.000351"/>
</kw>
<kw name="POST On Session" owner="RequestsLibrary">
<msg time="2025-06-05T23:18:44.343898" level="INFO">POST Request : url=https://compassuol.serverest.dev/carrinhos 
 path_url=/carrinhos 
 headers={'Content-Length': '67', 'Content-Type': 'application/json'} 
 body=b'{"produtos": [{"idProduto": "4ZIlKFf5rpyIj0mT", "quantidade": 63}]}' 
 </msg>
<msg time="2025-06-05T23:18:44.344109" level="INFO">POST Response : url=https://compassuol.serverest.dev/carrinhos 
 status=401, reason=Unauthorized 
 headers={'access-control-allow-origin': '*', 'x-dns-prefetch-control': 'off', 'x-frame-options': 'SAMEORIGIN', 'strict-transport-security': 'max-age=15552000; includeSubDomains', 'x-download-options': 'noopen', 'x-content-type-options': 'nosniff', 'x-xss-protection': '1; mode=block', 'content-type': 'application/json; charset=utf-8', 'x-cloud-trace-context': '5448ceda8aad4730454d00ddf8e0dda3', 'date': 'Fri, 06 Jun 2025 02:18:46 GMT', 'server': 'Google Frontend', 'Content-Length': '103'} 
 body={
    "message": "Token de acesso ausente, inválido, expirado ou usuário do token não existe mais"
} 
 </msg>
<msg time="2025-06-05T23:18:44.344322" level="INFO">C:\Users\raiqu\AppData\Local\Programs\Python\Python313\Lib\site-packages\urllib3\connectionpool.py:1097: InsecureRequestWarning: Unverified HTTPS request is being made to host 'compassuol.serverest.dev'. Adding certificate verification is strongly advised. See: https://urllib3.readthedocs.io/en/latest/advanced-usage.html#tls-warnings
  warnings.warn(</msg>
<msg time="2025-06-05T23:18:44.344793" level="INFO">${response} = &lt;Response [401]&gt;</msg>
<var>${response}</var>
<arg>alias=${alias_base}</arg>
<arg>url=/carrinhos</arg>
<arg>json=&amp;{payload}</arg>
<arg>headers=${EMPTY}</arg>
<arg>expected_status=${status_code_desejado}</arg>
<doc>Sends a POST request on a previously created HTTP Session.</doc>
<status status="PASS" start="2025-06-05T23:18:44.176169" elapsed="0.168728"/>
</kw>
<kw name="Log" owner="BuiltIn">
<msg time="2025-06-05T23:18:44.345542" level="INFO">Response: {'message': 'Token de acesso ausente, inválido, expirado ou usuário do token não existe mais'}</msg>
<arg>Response: ${response.json()}</arg>
<doc>Logs the given message with the given level.</doc>
<status status="PASS" start="2025-06-05T23:18:44.345102" elapsed="0.000540"/>
</kw>
<kw name="Set Test Variable" owner="BuiltIn">
<msg time="2025-06-05T23:18:44.345966" level="INFO">${response} = &lt;Response [401]&gt;</msg>
<arg>${response}</arg>
<doc>Makes a variable available everywhere within the scope of the current test.</doc>
<status status="PASS" start="2025-06-05T23:18:44.345795" elapsed="0.000252"/>
</kw>
<status status="PASS" start="2025-06-05T23:18:44.173047" elapsed="0.173086"/>
</kw>
<kw name="Validar se a mensagem informa correto sobre o token" owner="carrinhos_keywords">
<kw name="Should Be Equal" owner="BuiltIn">
<arg>${response.json()["message"]}</arg>
<arg>Token de acesso ausente, inválido, expirado ou usuário do token não existe mais</arg>
<doc>Fails if the given objects are unequal.</doc>
<status status="PASS" start="2025-06-05T23:18:44.346719" elapsed="0.000368"/>
</kw>
<kw name="Log" owner="BuiltIn">
<msg time="2025-06-05T23:18:44.347508" level="INFO">message: Token de acesso ausente, inválido, expirado ou usuário do token não existe mais</msg>
<arg>message: ${response.json()["message"]}</arg>
<doc>Logs the given message with the given level.</doc>
<status status="PASS" start="2025-06-05T23:18:44.347213" elapsed="0.000391"/>
</kw>
<doc>Verifica se retorna mensagem informando corretamente sobre token</doc>
<status status="PASS" start="2025-06-05T23:18:44.346467" elapsed="0.001246"/>
</kw>
<kw name="Validar Status Code &quot;401&quot;" owner="common" source_name="Validar Status Code &quot;${statuscode}&quot;">
<kw name="Should Be True" owner="BuiltIn">
<arg>${response.status_code} == ${statuscode}</arg>
<doc>Fails if the given condition is not true.</doc>
<status status="PASS" start="2025-06-05T23:18:44.348378" elapsed="0.000864"/>
</kw>
<kw name="Log" owner="BuiltIn">
<msg time="2025-06-05T23:18:44.349648" level="INFO">Status Code: 401</msg>
<arg>Status Code: ${statuscode}</arg>
<doc>Logs the given message with the given level.</doc>
<status status="PASS" start="2025-06-05T23:18:44.349445" elapsed="0.000330"/>
</kw>
<status status="PASS" start="2025-06-05T23:18:44.348069" elapsed="0.001815"/>
</kw>
<tag>Cadastrar carrinho sem token</tag>
<status status="PASS" start="2025-06-05T23:18:43.812763" elapsed="0.537393"/>
</test>
<test id="s1-s1-s1-s1-t2" name="US004-CT05: Tentar concluir compra sem carrinho ativo" line="17">
<kw name="DEL endpoint /carrinhos/concluir-compra" owner="carrinhos_keywords">
<kw name="DELETE On Session" owner="RequestsLibrary">
<msg time="2025-06-05T23:18:44.517914" level="INFO">DELETE Request : url=https://compassuol.serverest.dev/carrinhos/concluir-compra 
 path_url=/carrinhos/concluir-compra 
 headers={'User-Agent': 'python-requests/2.32.3', 'Accept-Encoding': 'gzip, deflate', 'accept': 'application/json', 'Connection': 'keep-alive', 'Content-Type': 'application/json', 'Authorization': 'Bearer eyJhbGciOiJIUzI1NiIsInR5cCI6IkpXVCJ9.eyJlbWFpbCI6Im1lbHZpbmphY2tzb25AZXhhbXBsZS5vcmciLCJwYXNzd29yZCI6Iio0dzNGR2pSSnQiLCJpYXQiOjE3NDkxNzYzMjUsImV4cCI6MTc0OTE3NjkyNX0.Is0NsmI5bMkd-bHQFPQJyPn5VkTP-soOKHzuGKye3Pk', 'Content-Length': '0'} 
 body=None 
 </msg>
<msg time="2025-06-05T23:18:44.518217" level="INFO">DELETE Response : url=https://compassuol.serverest.dev/carrinhos/concluir-compra 
 status=200, reason=OK 
 headers={'access-control-allow-origin': '*', 'x-dns-prefetch-control': 'off', 'x-frame-options': 'SAMEORIGIN', 'strict-transport-security': 'max-age=15552000; includeSubDomains', 'x-download-options': 'noopen', 'x-content-type-options': 'nosniff', 'x-xss-protection': '1; mode=block', 'content-type': 'application/json; charset=utf-8', 'x-cloud-trace-context': 'e466181d07035408454d00ddf8e0d3c5', 'date': 'Fri, 06 Jun 2025 02:18:46 GMT', 'server': 'Google Frontend', 'Content-Length': '68'} 
 body={
    "message": "Não foi encontrado carrinho para esse usuário"
} 
 </msg>
<msg time="2025-06-05T23:18:44.518369" level="INFO">C:\Users\raiqu\AppData\Local\Programs\Python\Python313\Lib\site-packages\urllib3\connectionpool.py:1097: InsecureRequestWarning: Unverified HTTPS request is being made to host 'compassuol.serverest.dev'. Adding certificate verification is strongly advised. See: https://urllib3.readthedocs.io/en/latest/advanced-usage.html#tls-warnings
  warnings.warn(</msg>
<msg time="2025-06-05T23:18:44.518812" level="INFO">${response} = &lt;Response [200]&gt;</msg>
<var>${response}</var>
<arg>alias=${alias_base}</arg>
<arg>url=/carrinhos/concluir-compra</arg>
<arg>headers=${headers}</arg>
<doc>Sends a DELETE request on a previously created HTTP Session.</doc>
<status status="PASS" start="2025-06-05T23:18:44.351563" elapsed="0.167362"/>
</kw>
<kw name="Log" owner="BuiltIn">
<msg time="2025-06-05T23:18:44.519562" level="INFO">Response: {'message': 'Não foi encontrado carrinho para esse usuário'}</msg>
<arg>Response: ${response.json()}</arg>
<doc>Logs the given message with the given level.</doc>
<status status="PASS" start="2025-06-05T23:18:44.519139" elapsed="0.000520"/>
</kw>
<kw name="Set Test Variable" owner="BuiltIn">
<msg time="2025-06-05T23:18:44.519982" level="INFO">${response} = &lt;Response [200]&gt;</msg>
<arg>${response}</arg>
<doc>Makes a variable available everywhere within the scope of the current test.</doc>
<status status="PASS" start="2025-06-05T23:18:44.519812" elapsed="0.000249"/>
</kw>
<status status="PASS" start="2025-06-05T23:18:44.351364" elapsed="0.168779"/>
</kw>
<kw name="Validar se a mensagem retornada está correta" owner="carrinhos_keywords">
<kw name="Should Be Equal" owner="BuiltIn">
<arg>${response.json()["message"]}</arg>
<arg>Não foi encontrado carrinho para esse usuário</arg>
<doc>Fails if the given objects are unequal.</doc>
<status status="PASS" start="2025-06-05T23:18:44.520790" elapsed="0.000432"/>
</kw>
<kw name="Log" owner="BuiltIn">
<msg time="2025-06-05T23:18:44.521742" level="INFO">message: Não foi encontrado carrinho para esse usuário</msg>
<arg>message: ${response.json()["message"]}</arg>
<doc>Logs the given message with the given level.</doc>
<status status="PASS" start="2025-06-05T23:18:44.521386" elapsed="0.000447"/>
</kw>
<doc>Verifica se retorna mensagem adequada</doc>
<status status="PASS" start="2025-06-05T23:18:44.520487" elapsed="0.001424"/>
</kw>
<kw name="Validar Status Code &quot;200&quot;" owner="common" source_name="Validar Status Code &quot;${statuscode}&quot;">
<kw name="Should Be True" owner="BuiltIn">
<arg>${response.status_code} == ${statuscode}</arg>
<doc>Fails if the given condition is not true.</doc>
<status status="PASS" start="2025-06-05T23:18:44.522453" elapsed="0.000634"/>
</kw>
<kw name="Log" owner="BuiltIn">
<msg time="2025-06-05T23:18:44.523403" level="INFO">Status Code: 200</msg>
<arg>Status Code: ${statuscode}</arg>
<doc>Logs the given message with the given level.</doc>
<status status="PASS" start="2025-06-05T23:18:44.523243" elapsed="0.000265"/>
</kw>
<status status="PASS" start="2025-06-05T23:18:44.522188" elapsed="0.001413"/>
</kw>
<tag>Concluir compra sem carrinho</tag>
<status status="PASS" start="2025-06-05T23:18:44.350958" elapsed="0.173006"/>
</test>
<test id="s1-s1-s1-s1-t3" name="US004-CT06: Tentar cancelar compra sem token ou com token inválido" line="22">
<kw name="Payload cadastrar produto com campos válidos" owner="common">
<kw name="Name" owner="FakerLibrary">
<msg time="2025-06-05T23:18:44.525709" level="INFO">${nome} = Daniel Jones</msg>
<var>${nome}</var>
<doc>:example: 'John Doe'</doc>
<status status="PASS" start="2025-06-05T23:18:44.525406" elapsed="0.000380"/>
</kw>
<kw name="Random Number" owner="FakerLibrary">
<msg time="2025-06-05T23:18:44.526041" level="INFO">${preco} = 647420</msg>
<var>${preco}</var>
<doc>Generate a random integer according to the following rules:</doc>
<status status="PASS" start="2025-06-05T23:18:44.525903" elapsed="0.000205"/>
</kw>
<kw name="Paragraph" owner="FakerLibrary">
<msg time="2025-06-05T23:18:44.526385" level="INFO">${descricao} = Interview agreement plan bit fear state. During smile lose dinner. Source seven crime still meet affect.</msg>
<var>${descricao}</var>
<doc>Generate a paragraph.</doc>
<status status="PASS" start="2025-06-05T23:18:44.526209" elapsed="0.000245"/>
</kw>
<kw name="Random Number" owner="FakerLibrary">
<msg time="2025-06-05T23:18:44.526676" level="INFO">${quantidade} = 6</msg>
<var>${quantidade}</var>
<doc>Generate a random integer according to the following rules:</doc>
<status status="PASS" start="2025-06-05T23:18:44.526555" elapsed="0.000184"/>
</kw>
<kw name="Create Dictionary" owner="BuiltIn">
<msg time="2025-06-05T23:18:44.527112" level="INFO">${produto_dados_validos} = {'nome': 'Daniel Jones', 'preco': 647420, 'descricao': 'Interview agreement plan bit fear state. During smile lose dinner. Source seven crime still meet affect.', 'quantidade': 6}</msg>
<var>${produto_dados_validos}</var>
<arg>nome=${nome}</arg>
<arg>preco=${preco}</arg>
<arg>descricao=${descricao}</arg>
<arg>quantidade=${quantidade}</arg>
<doc>Creates and returns a dictionary based on the given ``items``.</doc>
<status status="PASS" start="2025-06-05T23:18:44.526854" elapsed="0.000329"/>
</kw>
<kw name="Set Global Variable" owner="BuiltIn">
<msg time="2025-06-05T23:18:44.527749" level="INFO">${produto_dados_validos} = {'nome': 'Daniel Jones', 'preco': 647420, 'descricao': 'Interview agreement plan bit fear state. During smile lose dinner. Source seven crime still meet affect.', 'quantidade': 6}</msg>
<arg>${produto_dados_validos}</arg>
<doc>Makes a variable available globally in all tests and suites.</doc>
<status status="PASS" start="2025-06-05T23:18:44.527347" elapsed="0.000544"/>
</kw>
<status status="PASS" start="2025-06-05T23:18:44.525200" elapsed="0.002826"/>
</kw>
<kw name="POST endpoint /produtos com dados validos" owner="produtos_keywords">
<kw name="POST On Session" owner="RequestsLibrary">
<msg time="2025-06-05T23:18:44.700693" level="INFO">POST Request : url=https://compassuol.serverest.dev/produtos 
 path_url=/produtos 
 headers={'User-Agent': 'python-requests/2.32.3', 'Accept-Encoding': 'gzip, deflate', 'accept': 'application/json', 'Connection': 'keep-alive', 'Content-Type': 'application/json', 'Authorization': 'Bearer eyJhbGciOiJIUzI1NiIsInR5cCI6IkpXVCJ9.eyJlbWFpbCI6Im1lbHZpbmphY2tzb25AZXhhbXBsZS5vcmciLCJwYXNzd29yZCI6Iio0dzNGR2pSSnQiLCJpYXQiOjE3NDkxNzYzMjUsImV4cCI6MTc0OTE3NjkyNX0.Is0NsmI5bMkd-bHQFPQJyPn5VkTP-soOKHzuGKye3Pk', 'Content-Length': '179'} 
 body=b'{"nome": "Daniel Jones", "preco": 647420, "descricao": "Interview agreement plan bit fear state. During smile lose dinner. Source seven crime still meet affect.", "quantidade": 6}' 
 </msg>
<msg time="2025-06-05T23:18:44.700978" level="INFO">POST Response : url=https://compassuol.serverest.dev/produtos 
 status=201, reason=Created 
 headers={'access-control-allow-origin': '*', 'x-dns-prefetch-control': 'off', 'x-frame-options': 'SAMEORIGIN', 'strict-transport-security': 'max-age=15552000; includeSubDomains', 'x-download-options': 'noopen', 'x-content-type-options': 'nosniff', 'x-xss-protection': '1; mode=block', 'content-type': 'application/json; charset=utf-8', 'x-cloud-trace-context': '0c385f336f716793454d00ddf8e0d5e8', 'date': 'Fri, 06 Jun 2025 02:18:46 GMT', 'server': 'Google Frontend', 'Content-Length': '82'} 
 body={
    "message": "Cadastro realizado com sucesso",
    "_id": "b5L4hyvuFnY08oIE"
} 
 </msg>
<msg time="2025-06-05T23:18:44.701129" level="INFO">C:\Users\raiqu\AppData\Local\Programs\Python\Python313\Lib\site-packages\urllib3\connectionpool.py:1097: InsecureRequestWarning: Unverified HTTPS request is being made to host 'compassuol.serverest.dev'. Adding certificate verification is strongly advised. See: https://urllib3.readthedocs.io/en/latest/advanced-usage.html#tls-warnings
  warnings.warn(</msg>
<msg time="2025-06-05T23:18:44.701790" level="INFO">${response} = &lt;Response [201]&gt;</msg>
<var>${response}</var>
<arg>alias=${alias_base}</arg>
<arg>url=/produtos</arg>
<arg>json=&amp;{payload}</arg>
<arg>headers=${headers}</arg>
<doc>Sends a POST request on a previously created HTTP Session.</doc>
<status status="PASS" start="2025-06-05T23:18:44.528567" elapsed="0.173328"/>
</kw>
<kw name="Log" owner="BuiltIn">
<msg time="2025-06-05T23:18:44.702755" level="INFO">Response: {'message': 'Cadastro realizado com sucesso', '_id': 'b5L4hyvuFnY08oIE'}</msg>
<arg>Response: ${response.json()}</arg>
<doc>Logs the given message with the given level.</doc>
<status status="PASS" start="2025-06-05T23:18:44.702147" elapsed="0.000752"/>
</kw>
<kw name="Set Test Variable" owner="BuiltIn">
<msg time="2025-06-05T23:18:44.703338" level="INFO">${response} = &lt;Response [201]&gt;</msg>
<arg>${response}</arg>
<doc>Makes a variable available everywhere within the scope of the current test.</doc>
<status status="PASS" start="2025-06-05T23:18:44.703105" elapsed="0.000337"/>
</kw>
<kw name="Get From Dictionary" owner="Collections">
<msg time="2025-06-05T23:18:44.704113" level="INFO">${id_produto} = b5L4hyvuFnY08oIE</msg>
<var>${id_produto}</var>
<arg>${response.json()}</arg>
<arg>_id</arg>
<doc>Returns a value from the given ``dictionary`` based on the given ``key``.</doc>
<status status="PASS" start="2025-06-05T23:18:44.703615" elapsed="0.000594"/>
</kw>
<kw name="Set Global Variable" owner="BuiltIn">
<msg time="2025-06-05T23:18:44.704628" level="INFO">${id_produto} = b5L4hyvuFnY08oIE</msg>
<arg>${id_produto}</arg>
<doc>Makes a variable available globally in all tests and suites.</doc>
<status status="PASS" start="2025-06-05T23:18:44.704394" elapsed="0.000327"/>
</kw>
<status status="PASS" start="2025-06-05T23:18:44.528334" elapsed="0.176488"/>
</kw>
<kw name="POST endpoint /carrinhos com dados válidos" owner="carrinhos_keywords">
<kw name="Get From Dictionary" owner="Collections">
<msg time="2025-06-05T23:18:44.706059" level="INFO">${id_produto} = b5L4hyvuFnY08oIE</msg>
<var>${id_produto}</var>
<arg>${response.json()}</arg>
<arg>_id</arg>
<doc>Returns a value from the given ``dictionary`` based on the given ``key``.</doc>
<status status="PASS" start="2025-06-05T23:18:44.705567" elapsed="0.001424"/>
</kw>
<kw name="Get From Dictionary" owner="Collections">
<msg time="2025-06-05T23:18:44.707418" level="INFO">${quantidade} = 6</msg>
<var>${quantidade}</var>
<arg>${produto_dados_validos}</arg>
<arg>quantidade</arg>
<doc>Returns a value from the given ``dictionary`` based on the given ``key``.</doc>
<status status="PASS" start="2025-06-05T23:18:44.707181" elapsed="0.000327"/>
</kw>
<kw name="Create Dictionary" owner="BuiltIn">
<msg time="2025-06-05T23:18:44.707988" level="INFO">&amp;{produto} = { idProduto=b5L4hyvuFnY08oIE | quantidade=6 }</msg>
<var>&amp;{produto}</var>
<arg>idProduto=${id_produto}</arg>
<arg>quantidade=${quantidade}</arg>
<doc>Creates and returns a dictionary based on the given ``items``.</doc>
<status status="PASS" start="2025-06-05T23:18:44.707677" elapsed="0.000403"/>
</kw>
<kw name="Create List" owner="BuiltIn">
<msg time="2025-06-05T23:18:44.708428" level="INFO">@{produtos_lista} = [ {'idProduto': 'b5L4hyvuFnY08oIE', 'quantidade': 6} ]</msg>
<var>@{produtos_lista}</var>
<arg>${produto}</arg>
<doc>Returns a list containing given items.</doc>
<status status="PASS" start="2025-06-05T23:18:44.708230" elapsed="0.000491"/>
</kw>
<kw name="Create Dictionary" owner="BuiltIn">
<msg time="2025-06-05T23:18:44.709124" level="INFO">&amp;{payload} = { produtos=[{'idProduto': 'b5L4hyvuFnY08oIE', 'quantidade': 6}] }</msg>
<var>&amp;{payload}</var>
<arg>produtos=${produtos_lista}</arg>
<doc>Creates and returns a dictionary based on the given ``items``.</doc>
<status status="PASS" start="2025-06-05T23:18:44.708887" elapsed="0.000324"/>
</kw>
<kw name="POST On Session" owner="RequestsLibrary">
<msg time="2025-06-05T23:18:44.878498" level="INFO">POST Request : url=https://compassuol.serverest.dev/carrinhos 
 path_url=/carrinhos 
 headers={'User-Agent': 'python-requests/2.32.3', 'Accept-Encoding': 'gzip, deflate', 'accept': 'application/json', 'Connection': 'keep-alive', 'Content-Type': 'application/json', 'Authorization': 'Bearer eyJhbGciOiJIUzI1NiIsInR5cCI6IkpXVCJ9.eyJlbWFpbCI6Im1lbHZpbmphY2tzb25AZXhhbXBsZS5vcmciLCJwYXNzd29yZCI6Iio0dzNGR2pSSnQiLCJpYXQiOjE3NDkxNzYzMjUsImV4cCI6MTc0OTE3NjkyNX0.Is0NsmI5bMkd-bHQFPQJyPn5VkTP-soOKHzuGKye3Pk', 'Content-Length': '66'} 
 body=b'{"produtos": [{"idProduto": "b5L4hyvuFnY08oIE", "quantidade": 6}]}' 
 </msg>
<msg time="2025-06-05T23:18:44.878722" level="INFO">POST Response : url=https://compassuol.serverest.dev/carrinhos 
 status=201, reason=Created 
 headers={'access-control-allow-origin': '*', 'x-dns-prefetch-control': 'off', 'x-frame-options': 'SAMEORIGIN', 'strict-transport-security': 'max-age=15552000; includeSubDomains', 'x-download-options': 'noopen', 'x-content-type-options': 'nosniff', 'x-xss-protection': '1; mode=block', 'content-type': 'application/json; charset=utf-8', 'x-cloud-trace-context': '5e6ca6ec8d919a50454d00ddf8e0d318', 'date': 'Fri, 06 Jun 2025 02:18:46 GMT', 'server': 'Google Frontend', 'Content-Length': '82'} 
 body={
    "message": "Cadastro realizado com sucesso",
    "_id": "9KU0yjq1bXHEH9WM"
} 
 </msg>
<msg time="2025-06-05T23:18:44.878840" level="INFO">C:\Users\raiqu\AppData\Local\Programs\Python\Python313\Lib\site-packages\urllib3\connectionpool.py:1097: InsecureRequestWarning: Unverified HTTPS request is being made to host 'compassuol.serverest.dev'. Adding certificate verification is strongly advised. See: https://urllib3.readthedocs.io/en/latest/advanced-usage.html#tls-warnings
  warnings.warn(</msg>
<msg time="2025-06-05T23:18:44.879294" level="INFO">${response} = &lt;Response [201]&gt;</msg>
<var>${response}</var>
<arg>alias=${alias_base}</arg>
<arg>url=/carrinhos</arg>
<arg>json=&amp;{payload}</arg>
<arg>headers=${headers}</arg>
<doc>Sends a POST request on a previously created HTTP Session.</doc>
<status status="PASS" start="2025-06-05T23:18:44.709368" elapsed="0.170033"/>
</kw>
<kw name="Log" owner="BuiltIn">
<msg time="2025-06-05T23:18:44.880055" level="INFO">Response: {'message': 'Cadastro realizado com sucesso', '_id': '9KU0yjq1bXHEH9WM'}</msg>
<arg>Response: ${response.json()}</arg>
<doc>Logs the given message with the given level.</doc>
<status status="PASS" start="2025-06-05T23:18:44.879606" elapsed="0.000547"/>
</kw>
<kw name="Set Test Variable" owner="BuiltIn">
<msg time="2025-06-05T23:18:44.880495" level="INFO">${response} = &lt;Response [201]&gt;</msg>
<arg>${response}</arg>
<doc>Makes a variable available everywhere within the scope of the current test.</doc>
<status status="PASS" start="2025-06-05T23:18:44.880307" elapsed="0.000271"/>
</kw>
<status status="PASS" start="2025-06-05T23:18:44.705243" elapsed="0.175422"/>
</kw>
<kw name="DEL endpoint /carrinhos/cancelar-compra" owner="carrinhos_keywords">
<kw name="DELETE On Session" owner="RequestsLibrary">
<msg time="2025-06-05T23:18:45.043717" level="INFO">DELETE Request : url=https://compassuol.serverest.dev/carrinhos/cancelar-compra 
 path_url=/carrinhos/cancelar-compra 
 headers={'Content-Length': '0'} 
 body=None 
 </msg>
<msg time="2025-06-05T23:18:45.043933" level="INFO">DELETE Response : url=https://compassuol.serverest.dev/carrinhos/cancelar-compra 
 status=401, reason=Unauthorized 
 headers={'access-control-allow-origin': '*', 'x-dns-prefetch-control': 'off', 'x-frame-options': 'SAMEORIGIN', 'strict-transport-security': 'max-age=15552000; includeSubDomains', 'x-download-options': 'noopen', 'x-content-type-options': 'nosniff', 'x-xss-protection': '1; mode=block', 'content-type': 'application/json; charset=utf-8', 'x-cloud-trace-context': 'e3f6614a387ee777454d00ddf8e0d93a', 'date': 'Fri, 06 Jun 2025 02:18:46 GMT', 'server': 'Google Frontend', 'Content-Length': '103'} 
 body={
    "message": "Token de acesso ausente, inválido, expirado ou usuário do token não existe mais"
} 
 </msg>
<msg time="2025-06-05T23:18:45.044061" level="INFO">C:\Users\raiqu\AppData\Local\Programs\Python\Python313\Lib\site-packages\urllib3\connectionpool.py:1097: InsecureRequestWarning: Unverified HTTPS request is being made to host 'compassuol.serverest.dev'. Adding certificate verification is strongly advised. See: https://urllib3.readthedocs.io/en/latest/advanced-usage.html#tls-warnings
  warnings.warn(</msg>
<msg time="2025-06-05T23:18:45.044484" level="INFO">${response} = &lt;Response [401]&gt;</msg>
<var>${response}</var>
<arg>alias=${alias_base}</arg>
<arg>url=/carrinhos/cancelar-compra</arg>
<arg>headers=${EMPTY}</arg>
<arg>expected_status=${status_code_desejado}</arg>
<doc>Sends a DELETE request on a previously created HTTP Session.</doc>
<status status="PASS" start="2025-06-05T23:18:44.881275" elapsed="0.163357"/>
</kw>
<kw name="Log" owner="BuiltIn">
<msg time="2025-06-05T23:18:45.045778" level="INFO">Response: {'message': 'Token de acesso ausente, inválido, expirado ou usuário do token não existe mais'}</msg>
<arg>Response: ${response.json()}</arg>
<doc>Logs the given message with the given level.</doc>
<status status="PASS" start="2025-06-05T23:18:45.044930" elapsed="0.001003"/>
</kw>
<kw name="Set Test Variable" owner="BuiltIn">
<msg time="2025-06-05T23:18:45.046428" level="INFO">${response} = &lt;Response [401]&gt;</msg>
<arg>${response}</arg>
<doc>Makes a variable available everywhere within the scope of the current test.</doc>
<status status="PASS" start="2025-06-05T23:18:45.046172" elapsed="0.000380"/>
</kw>
<status status="PASS" start="2025-06-05T23:18:44.880999" elapsed="0.165675"/>
</kw>
<kw name="Validar se informa correto sobre o token" owner="carrinhos_keywords">
<kw name="Should Be Equal" owner="BuiltIn">
<arg>${response.json()["message"]}</arg>
<arg>Token de acesso ausente, inválido, expirado ou usuário do token não existe mais</arg>
<doc>Fails if the given objects are unequal.</doc>
<status status="PASS" start="2025-06-05T23:18:45.047298" elapsed="0.000370"/>
</kw>
<kw name="Log" owner="BuiltIn">
<msg time="2025-06-05T23:18:45.048101" level="INFO">message: Token de acesso ausente, inválido, expirado ou usuário do token não existe mais</msg>
<arg>message: ${response.json()["message"]}</arg>
<doc>Logs the given message with the given level.</doc>
<status status="PASS" start="2025-06-05T23:18:45.047801" elapsed="0.000388"/>
</kw>
<doc>Verifica se retorna mensagem informando corretamente sobre token</doc>
<status status="PASS" start="2025-06-05T23:18:45.047026" elapsed="0.001278"/>
</kw>
<kw name="Validar Status Code &quot;401&quot;" owner="common" source_name="Validar Status Code &quot;${statuscode}&quot;">
<kw name="Should Be True" owner="BuiltIn">
<arg>${response.status_code} == ${statuscode}</arg>
<doc>Fails if the given condition is not true.</doc>
<status status="PASS" start="2025-06-05T23:18:45.048785" elapsed="0.000547"/>
</kw>
<kw name="Log" owner="BuiltIn">
<msg time="2025-06-05T23:18:45.049575" level="INFO">Status Code: 401</msg>
<arg>Status Code: ${statuscode}</arg>
<doc>Logs the given message with the given level.</doc>
<status status="PASS" start="2025-06-05T23:18:45.049453" elapsed="0.000200"/>
</kw>
<status status="PASS" start="2025-06-05T23:18:45.048556" elapsed="0.001170"/>
</kw>
<tag>Cancelar compra sem token</tag>
<status status="PASS" start="2025-06-05T23:18:44.524780" elapsed="0.525161"/>
</test>
<kw name="Finalizar sessão" owner="base" type="TEARDOWN">
<kw name="Delete All Sessions" owner="RequestsLibrary">
<msg time="2025-06-05T23:18:45.051182" level="INFO">Deleting All Sessions</msg>
<doc>Removes all the session objects</doc>
<status status="PASS" start="2025-06-05T23:18:45.051086" elapsed="0.000271"/>
</kw>
<kw name="Log" owner="BuiltIn">
<msg time="2025-06-05T23:18:45.051587" level="INFO">Sessões encerradas.</msg>
<arg>Sessões encerradas.</arg>
<doc>Logs the given message with the given level.</doc>
<status status="PASS" start="2025-06-05T23:18:45.051478" elapsed="0.000190"/>
</kw>
<status status="PASS" start="2025-06-05T23:18:45.050907" elapsed="0.000842"/>
</kw>
<doc>Cenários de teste candidatos à automação
para o endpoint /carrinhos</doc>
<status status="PASS" start="2025-06-05T23:18:42.480957" elapsed="2.570858"/>
</suite>
<suite id="s1-s1-s1-s2" name="Login Tests" source="c:\Users\raiqu\Desktop\Nero\Estágio\Documentos das Sprints\Documentos\Sprint 6\Semana 12\Challenge 03\Testes candidatos à automação no Robot Framework\ServeRest API\tests\login_tests.robot">
<kw name="Iniciar sessão autenticado" owner="base" type="SETUP">
<kw name="Iniciar sessão" owner="base">
<kw name="Run Keyword If" owner="BuiltIn">
<kw name="Set To Dictionary" owner="Collections">
<arg>${headers}</arg>
<arg>Authorization=${auth_token}</arg>
<doc>Adds the given ``key_value_pairs`` and/or ``items`` to the ``dictionary``.</doc>
<status status="PASS" start="2025-06-05T23:18:45.061389" elapsed="0.000171"/>
</kw>
<arg>'${auth_token}' != '${EMPTY}'</arg>
<arg>Set To Dictionary</arg>
<arg>${headers}</arg>
<arg>Authorization=${auth_token}</arg>
<doc>Runs the given keyword with the given arguments, if ``condition`` is true.</doc>
<status status="PASS" start="2025-06-05T23:18:45.060953" elapsed="0.000701"/>
</kw>
<kw name="Create Session" owner="RequestsLibrary">
<msg time="2025-06-05T23:18:45.061976" level="INFO">Creating Session using : alias=ServeRest, url=https://compassuol.serverest.dev, headers={'accept': 'application/json', 'Content-Type': 'application/json', 'Authorization': 'Bearer eyJhbGciOiJIUzI1NiIsInR5cCI6IkpXVCJ9.eyJlbWFpbCI6Im1lbHZpbmphY2tzb25AZXhhbXBsZS5vcmciLCJwYXNzd29yZCI6Iio0dzNGR2pSSnQiLCJpYXQiOjE3NDkxNzYzMjUsImV4cCI6MTc0OTE3NjkyNX0.Is0NsmI5bMkd-bHQFPQJyPn5VkTP-soOKHzuGKye3Pk'},                     cookies={}, auth=None, timeout=None, proxies=None, verify=False,                     debug=0 </msg>
<arg>alias=${alias_base}</arg>
<arg>url=${url_base}</arg>
<arg>headers=${headers}</arg>
<doc>Create Session: create a HTTP session to a server</doc>
<status status="PASS" start="2025-06-05T23:18:45.061768" elapsed="0.000390"/>
</kw>
<status status="PASS" start="2025-06-05T23:18:45.060786" elapsed="0.001457"/>
</kw>
<kw name="Login e armazenar token bearer" owner="base">
<kw name="Payload cadastrar usuário com dados válidos" owner="common">
<kw name="Name" owner="FakerLibrary">
<msg time="2025-06-05T23:18:45.063081" level="INFO">${nome} = Vanessa Fry</msg>
<var>${nome}</var>
<doc>:example: 'John Doe'</doc>
<status status="PASS" start="2025-06-05T23:18:45.062671" elapsed="0.000537"/>
</kw>
<kw name="Email" owner="FakerLibrary">
<msg time="2025-06-05T23:18:45.063669" level="INFO">${email} = rodriguezrobert@example.org</msg>
<var>${email}</var>
<status status="PASS" start="2025-06-05T23:18:45.063334" elapsed="0.000412"/>
</kw>
<kw name="Password" owner="FakerLibrary">
<msg time="2025-06-05T23:18:45.064002" level="INFO">${password} = UNUN&amp;dBh!6</msg>
<var>${password}</var>
<doc>Generate a random password of the specified ``length``.</doc>
<status status="PASS" start="2025-06-05T23:18:45.063852" elapsed="0.000221"/>
</kw>
<kw name="Create Dictionary" owner="BuiltIn">
<msg time="2025-06-05T23:18:45.064431" level="INFO">${dados_validos} = {'nome': 'Vanessa Fry', 'email': 'rodriguezrobert@example.org', 'password': 'UNUN&amp;dBh!6', 'administrador': 'true'}</msg>
<var>${dados_validos}</var>
<arg>nome=${nome}</arg>
<arg>email=${email}</arg>
<arg>password=${password}</arg>
<arg>administrador=true</arg>
<doc>Creates and returns a dictionary based on the given ``items``.</doc>
<status status="PASS" start="2025-06-05T23:18:45.064189" elapsed="0.000314"/>
</kw>
<kw name="Set Global Variable" owner="BuiltIn">
<msg time="2025-06-05T23:18:45.064802" level="INFO">${dados_validos} = {'nome': 'Vanessa Fry', 'email': 'rodriguezrobert@example.org', 'password': 'UNUN&amp;dBh!6', 'administrador': 'true'}</msg>
<arg>${dados_validos}</arg>
<doc>Makes a variable available globally in all tests and suites.</doc>
<status status="PASS" start="2025-06-05T23:18:45.064621" elapsed="0.000257"/>
</kw>
<status status="PASS" start="2025-06-05T23:18:45.062536" elapsed="0.002414"/>
</kw>
<kw name="POST endpoint /usuarios com dados validos" owner="usuarios_keywords">
<kw name="POST On Session" owner="RequestsLibrary">
<msg time="2025-06-05T23:18:45.411240" level="INFO">POST Request : url=https://compassuol.serverest.dev/usuarios 
 path_url=/usuarios 
 headers={'User-Agent': 'python-requests/2.32.3', 'Accept-Encoding': 'gzip, deflate', 'accept': 'application/json', 'Connection': 'keep-alive', 'Content-Type': 'application/json', 'Authorization': 'Bearer eyJhbGciOiJIUzI1NiIsInR5cCI6IkpXVCJ9.eyJlbWFpbCI6Im1lbHZpbmphY2tzb25AZXhhbXBsZS5vcmciLCJwYXNzd29yZCI6Iio0dzNGR2pSSnQiLCJpYXQiOjE3NDkxNzYzMjUsImV4cCI6MTc0OTE3NjkyNX0.Is0NsmI5bMkd-bHQFPQJyPn5VkTP-soOKHzuGKye3Pk', 'Content-Length': '114'} 
 body=b'{"nome": "Vanessa Fry", "email": "rodriguezrobert@example.org", "password": "UNUN&amp;dBh!6", "administrador": "true"}' 
 </msg>
<msg time="2025-06-05T23:18:45.411482" level="INFO">POST Response : url=https://compassuol.serverest.dev/usuarios 
 status=201, reason=Created 
 headers={'access-control-allow-origin': '*', 'x-dns-prefetch-control': 'off', 'x-frame-options': 'SAMEORIGIN', 'strict-transport-security': 'max-age=15552000; includeSubDomains', 'x-download-options': 'noopen', 'x-content-type-options': 'nosniff', 'x-xss-protection': '1; mode=block', 'content-type': 'application/json; charset=utf-8', 'x-cloud-trace-context': 'efd971c5300c86b9ec4ff8414a268573', 'date': 'Fri, 06 Jun 2025 02:18:47 GMT', 'server': 'Google Frontend', 'Content-Length': '82'} 
 body={
    "message": "Cadastro realizado com sucesso",
    "_id": "Jj41tzF7AMOsLqw9"
} 
 </msg>
<msg time="2025-06-05T23:18:45.411601" level="INFO">C:\Users\raiqu\AppData\Local\Programs\Python\Python313\Lib\site-packages\urllib3\connectionpool.py:1097: InsecureRequestWarning: Unverified HTTPS request is being made to host 'compassuol.serverest.dev'. Adding certificate verification is strongly advised. See: https://urllib3.readthedocs.io/en/latest/advanced-usage.html#tls-warnings
  warnings.warn(</msg>
<msg time="2025-06-05T23:18:45.412029" level="INFO">${response} = &lt;Response [201]&gt;</msg>
<var>${response}</var>
<arg>alias=${alias_base}</arg>
<arg>url=/usuarios</arg>
<arg>json=&amp;{payload}</arg>
<arg>headers=${headers}</arg>
<doc>Sends a POST request on a previously created HTTP Session.</doc>
<status status="PASS" start="2025-06-05T23:18:45.065236" elapsed="0.346878"/>
</kw>
<kw name="Log" owner="BuiltIn">
<msg time="2025-06-05T23:18:45.412742" level="INFO">Response: {'message': 'Cadastro realizado com sucesso', '_id': 'Jj41tzF7AMOsLqw9'}</msg>
<arg>Response: ${response.json()}</arg>
<doc>Logs the given message with the given level.</doc>
<status status="PASS" start="2025-06-05T23:18:45.412315" elapsed="0.000528"/>
</kw>
<kw name="Set Test Variable" owner="BuiltIn">
<msg time="2025-06-05T23:18:45.413177" level="INFO">${response} = &lt;Response [201]&gt;</msg>
<arg>${response}</arg>
<doc>Makes a variable available everywhere within the scope of the current test.</doc>
<status status="PASS" start="2025-06-05T23:18:45.412993" elapsed="0.000264"/>
</kw>
<status status="PASS" start="2025-06-05T23:18:45.065064" elapsed="0.348280"/>
</kw>
<kw name="Payload com dados válidos" owner="common">
<kw name="Get From Dictionary" owner="Collections">
<msg time="2025-06-05T23:18:45.413939" level="INFO">${email} = rodriguezrobert@example.org</msg>
<var>${email}</var>
<arg>${dados_validos}</arg>
<arg>email</arg>
<doc>Returns a value from the given ``dictionary`` based on the given ``key``.</doc>
<status status="PASS" start="2025-06-05T23:18:45.413691" elapsed="0.000318"/>
</kw>
<kw name="Get From Dictionary" owner="Collections">
<msg time="2025-06-05T23:18:45.414344" level="INFO">${password} = UNUN&amp;dBh!6</msg>
<var>${password}</var>
<arg>${dados_validos}</arg>
<arg>password</arg>
<doc>Returns a value from the given ``dictionary`` based on the given ``key``.</doc>
<status status="PASS" start="2025-06-05T23:18:45.414127" elapsed="0.000311"/>
</kw>
<kw name="Create Dictionary" owner="BuiltIn">
<msg time="2025-06-05T23:18:45.414914" level="INFO">${dados_validos_login} = {'email': 'rodriguezrobert@example.org', 'password': 'UNUN&amp;dBh!6'}</msg>
<var>${dados_validos_login}</var>
<arg>email=${email}</arg>
<arg>password=${password}</arg>
<doc>Creates and returns a dictionary based on the given ``items``.</doc>
<status status="PASS" start="2025-06-05T23:18:45.414574" elapsed="0.000418"/>
</kw>
<kw name="Set Global Variable" owner="BuiltIn">
<msg time="2025-06-05T23:18:45.415306" level="INFO">${dados_validos_login} = {'email': 'rodriguezrobert@example.org', 'password': 'UNUN&amp;dBh!6'}</msg>
<arg>${dados_validos_login}</arg>
<doc>Makes a variable available globally in all tests and suites.</doc>
<status status="PASS" start="2025-06-05T23:18:45.415113" elapsed="0.000272"/>
</kw>
<status status="PASS" start="2025-06-05T23:18:45.413503" elapsed="0.001960"/>
</kw>
<kw name="POST endpoint /login com dados válidos" owner="login_keywords">
<kw name="POST On Session" owner="RequestsLibrary">
<msg time="2025-06-05T23:18:45.586087" level="INFO">POST Request : url=https://compassuol.serverest.dev/login 
 path_url=/login 
 headers={'User-Agent': 'python-requests/2.32.3', 'Accept-Encoding': 'gzip, deflate', 'accept': 'application/json', 'Connection': 'keep-alive', 'Content-Type': 'application/json', 'Authorization': 'Bearer eyJhbGciOiJIUzI1NiIsInR5cCI6IkpXVCJ9.eyJlbWFpbCI6Im1lbHZpbmphY2tzb25AZXhhbXBsZS5vcmciLCJwYXNzd29yZCI6Iio0dzNGR2pSSnQiLCJpYXQiOjE3NDkxNzYzMjUsImV4cCI6MTc0OTE3NjkyNX0.Is0NsmI5bMkd-bHQFPQJyPn5VkTP-soOKHzuGKye3Pk', 'Content-Length': '66'} 
 body=b'{"email": "rodriguezrobert@example.org", "password": "UNUN&amp;dBh!6"}' 
 </msg>
<msg time="2025-06-05T23:18:45.586313" level="INFO">POST Response : url=https://compassuol.serverest.dev/login 
 status=200, reason=OK 
 headers={'access-control-allow-origin': '*', 'x-dns-prefetch-control': 'off', 'x-frame-options': 'SAMEORIGIN', 'strict-transport-security': 'max-age=15552000; includeSubDomains', 'x-download-options': 'noopen', 'x-content-type-options': 'nosniff', 'x-xss-protection': '1; mode=block', 'content-type': 'application/json; charset=utf-8', 'x-cloud-trace-context': '32510b3687b5f86bec4ff8414a268d55', 'date': 'Fri, 06 Jun 2025 02:18:47 GMT', 'server': 'Google Frontend', 'Content-Length': '291'} 
 body={
    "message": "Login realizado com sucesso",
    "authorization": "Bearer eyJhbGciOiJIUzI1NiIsInR5cCI6IkpXVCJ9.eyJlbWFpbCI6InJvZHJpZ3VlenJvYmVydEBleGFtcGxlLm9yZyIsInBhc3N3b3JkIjoiVU5VTiZkQmghNiIsImlhdCI6MTc0OTE3NjMyNywiZXhwIjoxNzQ5MTc2OTI3fQ.v8TIkQfInfFlkb2o4S6zPNvZETTxvpQWA1KVbpTpLIk"
} 
 </msg>
<msg time="2025-06-05T23:18:45.586468" level="INFO">C:\Users\raiqu\AppData\Local\Programs\Python\Python313\Lib\site-packages\urllib3\connectionpool.py:1097: InsecureRequestWarning: Unverified HTTPS request is being made to host 'compassuol.serverest.dev'. Adding certificate verification is strongly advised. See: https://urllib3.readthedocs.io/en/latest/advanced-usage.html#tls-warnings
  warnings.warn(</msg>
<msg time="2025-06-05T23:18:45.586921" level="INFO">${response} = &lt;Response [200]&gt;</msg>
<var>${response}</var>
<arg>alias=${alias_base}</arg>
<arg>url=/login</arg>
<arg>json=&amp;{payload}</arg>
<arg>headers=${headers}</arg>
<doc>Sends a POST request on a previously created HTTP Session.</doc>
<status status="PASS" start="2025-06-05T23:18:45.415811" elapsed="0.171215"/>
</kw>
<kw name="Log" owner="BuiltIn">
<msg time="2025-06-05T23:18:45.587757" level="INFO">Response: {'message': 'Login realizado com sucesso', 'authorization': 'Bearer eyJhbGciOiJIUzI1NiIsInR5cCI6IkpXVCJ9.eyJlbWFpbCI6InJvZHJpZ3VlenJvYmVydEBleGFtcGxlLm9yZyIsInBhc3N3b3JkIjoiVU5VTiZkQmghNiIsImlhdCI6MTc0OTE3NjMyNywiZXhwIjoxNzQ5MTc2OTI3fQ.v8TIkQfInfFlkb2o4S6zPNvZETTxvpQWA1KVbpTpLIk'}</msg>
<arg>Response: ${response.json()}</arg>
<doc>Logs the given message with the given level.</doc>
<status status="PASS" start="2025-06-05T23:18:45.587249" elapsed="0.000613"/>
</kw>
<kw name="Set Test Variable" owner="BuiltIn">
<msg time="2025-06-05T23:18:45.588210" level="INFO">${response} = &lt;Response [200]&gt;</msg>
<arg>${response}</arg>
<doc>Makes a variable available everywhere within the scope of the current test.</doc>
<status status="PASS" start="2025-06-05T23:18:45.588017" elapsed="0.000274"/>
</kw>
<status status="PASS" start="2025-06-05T23:18:45.415594" elapsed="0.172781"/>
</kw>
<kw name="Set Variable" owner="BuiltIn">
<msg time="2025-06-05T23:18:45.588870" level="INFO">${auth_token} = Bearer eyJhbGciOiJIUzI1NiIsInR5cCI6IkpXVCJ9.eyJlbWFpbCI6InJvZHJpZ3VlenJvYmVydEBleGFtcGxlLm9yZyIsInBhc3N3b3JkIjoiVU5VTiZkQmghNiIsImlhdCI6MTc0OTE3NjMyNywiZXhwIjoxNzQ5MTc2OTI3fQ.v8TIkQfInfFlkb2o4S6zPNvZE...</msg>
<var>${auth_token}</var>
<arg>${response.json()["authorization"]}</arg>
<doc>Returns the given values which can then be assigned to a variables.</doc>
<status status="PASS" start="2025-06-05T23:18:45.588508" elapsed="0.000438"/>
</kw>
<kw name="Set Global Variable" owner="BuiltIn">
<msg time="2025-06-05T23:18:45.589260" level="INFO">${auth_token} = Bearer eyJhbGciOiJIUzI1NiIsInR5cCI6IkpXVCJ9.eyJlbWFpbCI6InJvZHJpZ3VlenJvYmVydEBleGFtcGxlLm9yZyIsInBhc3N3b3JkIjoiVU5VTiZkQmghNiIsImlhdCI6MTc0OTE3NjMyNywiZXhwIjoxNzQ5MTc2OTI3fQ.v8TIkQfInfFlkb2o4S6zPNvZE...</msg>
<arg>${auth_token}</arg>
<doc>Makes a variable available globally in all tests and suites.</doc>
<status status="PASS" start="2025-06-05T23:18:45.589080" elapsed="0.000258"/>
</kw>
<kw name="Iniciar sessão" owner="base">
<kw name="Run Keyword If" owner="BuiltIn">
<kw name="Set To Dictionary" owner="Collections">
<arg>${headers}</arg>
<arg>Authorization=${auth_token}</arg>
<doc>Adds the given ``key_value_pairs`` and/or ``items`` to the ``dictionary``.</doc>
<status status="PASS" start="2025-06-05T23:18:45.590138" elapsed="0.000184"/>
</kw>
<arg>'${auth_token}' != '${EMPTY}'</arg>
<arg>Set To Dictionary</arg>
<arg>${headers}</arg>
<arg>Authorization=${auth_token}</arg>
<doc>Runs the given keyword with the given arguments, if ``condition`` is true.</doc>
<status status="PASS" start="2025-06-05T23:18:45.589711" elapsed="0.000707"/>
</kw>
<kw name="Create Session" owner="RequestsLibrary">
<msg time="2025-06-05T23:18:45.590873" level="INFO">Creating Session using : alias=ServeRest, url=https://compassuol.serverest.dev, headers={'accept': 'application/json', 'Content-Type': 'application/json', 'Authorization': 'Bearer eyJhbGciOiJIUzI1NiIsInR5cCI6IkpXVCJ9.eyJlbWFpbCI6InJvZHJpZ3VlenJvYmVydEBleGFtcGxlLm9yZyIsInBhc3N3b3JkIjoiVU5VTiZkQmghNiIsImlhdCI6MTc0OTE3NjMyNywiZXhwIjoxNzQ5MTc2OTI3fQ.v8TIkQfInfFlkb2o4S6zPNvZETTxvpQWA1KVbpTpLIk'},                     cookies={}, auth=None, timeout=None, proxies=None, verify=False,                     debug=0 </msg>
<arg>alias=${alias_base}</arg>
<arg>url=${url_base}</arg>
<arg>headers=${headers}</arg>
<doc>Create Session: create a HTTP session to a server</doc>
<status status="PASS" start="2025-06-05T23:18:45.590573" elapsed="0.000540"/>
</kw>
<status status="PASS" start="2025-06-05T23:18:45.589504" elapsed="0.001722"/>
</kw>
<status status="PASS" start="2025-06-05T23:18:45.062373" elapsed="0.528940"/>
</kw>
<status status="PASS" start="2025-06-05T23:18:45.060593" elapsed="0.530802"/>
</kw>
<test id="s1-s1-s1-s2-t1" name="US002-CT01: Login com credenciais válidas" line="10">
<kw name="Payload cadastrar usuário com dados válidos" owner="common">
<kw name="Name" owner="FakerLibrary">
<msg time="2025-06-05T23:18:45.592577" level="INFO">${nome} = Jose Farmer</msg>
<var>${nome}</var>
<doc>:example: 'John Doe'</doc>
<status status="PASS" start="2025-06-05T23:18:45.592235" elapsed="0.000423"/>
</kw>
<kw name="Email" owner="FakerLibrary">
<msg time="2025-06-05T23:18:45.593127" level="INFO">${email} = hornandrea@example.com</msg>
<var>${email}</var>
<status status="PASS" start="2025-06-05T23:18:45.592789" elapsed="0.000412"/>
</kw>
<kw name="Password" owner="FakerLibrary">
<msg time="2025-06-05T23:18:45.593452" level="INFO">${password} = *JX9Dbjj_B</msg>
<var>${password}</var>
<doc>Generate a random password of the specified ``length``.</doc>
<status status="PASS" start="2025-06-05T23:18:45.593305" elapsed="0.000215"/>
</kw>
<kw name="Create Dictionary" owner="BuiltIn">
<msg time="2025-06-05T23:18:45.593876" level="INFO">${dados_validos} = {'nome': 'Jose Farmer', 'email': 'hornandrea@example.com', 'password': '*JX9Dbjj_B', 'administrador': 'true'}</msg>
<var>${dados_validos}</var>
<arg>nome=${nome}</arg>
<arg>email=${email}</arg>
<arg>password=${password}</arg>
<arg>administrador=true</arg>
<doc>Creates and returns a dictionary based on the given ``items``.</doc>
<status status="PASS" start="2025-06-05T23:18:45.593629" elapsed="0.000316"/>
</kw>
<kw name="Set Global Variable" owner="BuiltIn">
<msg time="2025-06-05T23:18:45.594228" level="INFO">${dados_validos} = {'nome': 'Jose Farmer', 'email': 'hornandrea@example.com', 'password': '*JX9Dbjj_B', 'administrador': 'true'}</msg>
<arg>${dados_validos}</arg>
<doc>Makes a variable available globally in all tests and suites.</doc>
<status status="PASS" start="2025-06-05T23:18:45.594056" elapsed="0.000245"/>
</kw>
<status status="PASS" start="2025-06-05T23:18:45.591946" elapsed="0.002425"/>
</kw>
<kw name="POST endpoint /usuarios com dados validos" owner="usuarios_keywords">
<kw name="POST On Session" owner="RequestsLibrary">
<msg time="2025-06-05T23:18:45.939348" level="INFO">POST Request : url=https://compassuol.serverest.dev/usuarios 
 path_url=/usuarios 
 headers={'User-Agent': 'python-requests/2.32.3', 'Accept-Encoding': 'gzip, deflate', 'accept': 'application/json', 'Connection': 'keep-alive', 'Content-Type': 'application/json', 'Authorization': 'Bearer eyJhbGciOiJIUzI1NiIsInR5cCI6IkpXVCJ9.eyJlbWFpbCI6InJvZHJpZ3VlenJvYmVydEBleGFtcGxlLm9yZyIsInBhc3N3b3JkIjoiVU5VTiZkQmghNiIsImlhdCI6MTc0OTE3NjMyNywiZXhwIjoxNzQ5MTc2OTI3fQ.v8TIkQfInfFlkb2o4S6zPNvZETTxvpQWA1KVbpTpLIk', 'Content-Length': '109'} 
 body=b'{"nome": "Jose Farmer", "email": "hornandrea@example.com", "password": "*JX9Dbjj_B", "administrador": "true"}' 
 </msg>
<msg time="2025-06-05T23:18:45.939579" level="INFO">POST Response : url=https://compassuol.serverest.dev/usuarios 
 status=201, reason=Created 
 headers={'access-control-allow-origin': '*', 'x-dns-prefetch-control': 'off', 'x-frame-options': 'SAMEORIGIN', 'strict-transport-security': 'max-age=15552000; includeSubDomains', 'x-download-options': 'noopen', 'x-content-type-options': 'nosniff', 'x-xss-protection': '1; mode=block', 'content-type': 'application/json; charset=utf-8', 'x-cloud-trace-context': 'b820d3d3b3df5261bdda4514e3df5e27', 'date': 'Fri, 06 Jun 2025 02:18:47 GMT', 'server': 'Google Frontend', 'Content-Length': '82'} 
 body={
    "message": "Cadastro realizado com sucesso",
    "_id": "CzbPny5k3jMCMqjr"
} 
 </msg>
<msg time="2025-06-05T23:18:45.939696" level="INFO">C:\Users\raiqu\AppData\Local\Programs\Python\Python313\Lib\site-packages\urllib3\connectionpool.py:1097: InsecureRequestWarning: Unverified HTTPS request is being made to host 'compassuol.serverest.dev'. Adding certificate verification is strongly advised. See: https://urllib3.readthedocs.io/en/latest/advanced-usage.html#tls-warnings
  warnings.warn(</msg>
<msg time="2025-06-05T23:18:45.940113" level="INFO">${response} = &lt;Response [201]&gt;</msg>
<var>${response}</var>
<arg>alias=${alias_base}</arg>
<arg>url=/usuarios</arg>
<arg>json=&amp;{payload}</arg>
<arg>headers=${headers}</arg>
<doc>Sends a POST request on a previously created HTTP Session.</doc>
<status status="PASS" start="2025-06-05T23:18:45.594922" elapsed="0.345296"/>
</kw>
<kw name="Log" owner="BuiltIn">
<msg time="2025-06-05T23:18:45.940914" level="INFO">Response: {'message': 'Cadastro realizado com sucesso', '_id': 'CzbPny5k3jMCMqjr'}</msg>
<arg>Response: ${response.json()}</arg>
<doc>Logs the given message with the given level.</doc>
<status status="PASS" start="2025-06-05T23:18:45.940448" elapsed="0.000615"/>
</kw>
<kw name="Set Test Variable" owner="BuiltIn">
<msg time="2025-06-05T23:18:45.941415" level="INFO">${response} = &lt;Response [201]&gt;</msg>
<arg>${response}</arg>
<doc>Makes a variable available everywhere within the scope of the current test.</doc>
<status status="PASS" start="2025-06-05T23:18:45.941233" elapsed="0.000264"/>
</kw>
<status status="PASS" start="2025-06-05T23:18:45.594666" elapsed="0.346916"/>
</kw>
<kw name="Payload com dados válidos" owner="common">
<kw name="Get From Dictionary" owner="Collections">
<msg time="2025-06-05T23:18:45.942484" level="INFO">${email} = hornandrea@example.com</msg>
<var>${email}</var>
<arg>${dados_validos}</arg>
<arg>email</arg>
<doc>Returns a value from the given ``dictionary`` based on the given ``key``.</doc>
<status status="PASS" start="2025-06-05T23:18:45.942266" elapsed="0.000294"/>
</kw>
<kw name="Get From Dictionary" owner="Collections">
<msg time="2025-06-05T23:18:45.942887" level="INFO">${password} = *JX9Dbjj_B</msg>
<var>${password}</var>
<arg>${dados_validos}</arg>
<arg>password</arg>
<doc>Returns a value from the given ``dictionary`` based on the given ``key``.</doc>
<status status="PASS" start="2025-06-05T23:18:45.942705" elapsed="0.000248"/>
</kw>
<kw name="Create Dictionary" owner="BuiltIn">
<msg time="2025-06-05T23:18:45.943289" level="INFO">${dados_validos_login} = {'email': 'hornandrea@example.com', 'password': '*JX9Dbjj_B'}</msg>
<var>${dados_validos_login}</var>
<arg>email=${email}</arg>
<arg>password=${password}</arg>
<doc>Creates and returns a dictionary based on the given ``items``.</doc>
<status status="PASS" start="2025-06-05T23:18:45.943071" elapsed="0.000288"/>
</kw>
<kw name="Set Global Variable" owner="BuiltIn">
<msg time="2025-06-05T23:18:45.943653" level="INFO">${dados_validos_login} = {'email': 'hornandrea@example.com', 'password': '*JX9Dbjj_B'}</msg>
<arg>${dados_validos_login}</arg>
<doc>Makes a variable available globally in all tests and suites.</doc>
<status status="PASS" start="2025-06-05T23:18:45.943471" elapsed="0.000259"/>
</kw>
<status status="PASS" start="2025-06-05T23:18:45.941961" elapsed="0.001842"/>
</kw>
<kw name="POST endpoint /login com dados válidos" owner="login_keywords">
<kw name="POST On Session" owner="RequestsLibrary">
<msg time="2025-06-05T23:18:46.111361" level="INFO">POST Request : url=https://compassuol.serverest.dev/login 
 path_url=/login 
 headers={'User-Agent': 'python-requests/2.32.3', 'Accept-Encoding': 'gzip, deflate', 'accept': 'application/json', 'Connection': 'keep-alive', 'Content-Type': 'application/json', 'Authorization': 'Bearer eyJhbGciOiJIUzI1NiIsInR5cCI6IkpXVCJ9.eyJlbWFpbCI6InJvZHJpZ3VlenJvYmVydEBleGFtcGxlLm9yZyIsInBhc3N3b3JkIjoiVU5VTiZkQmghNiIsImlhdCI6MTc0OTE3NjMyNywiZXhwIjoxNzQ5MTc2OTI3fQ.v8TIkQfInfFlkb2o4S6zPNvZETTxvpQWA1KVbpTpLIk', 'Content-Length': '61'} 
 body=b'{"email": "hornandrea@example.com", "password": "*JX9Dbjj_B"}' 
 </msg>
<msg time="2025-06-05T23:18:46.111607" level="INFO">POST Response : url=https://compassuol.serverest.dev/login 
 status=200, reason=OK 
 headers={'access-control-allow-origin': '*', 'x-dns-prefetch-control': 'off', 'x-frame-options': 'SAMEORIGIN', 'strict-transport-security': 'max-age=15552000; includeSubDomains', 'x-download-options': 'noopen', 'x-content-type-options': 'nosniff', 'x-xss-protection': '1; mode=block', 'content-type': 'application/json; charset=utf-8', 'x-cloud-trace-context': '152ddf9737515787bdda4514e3df56d1', 'date': 'Fri, 06 Jun 2025 02:18:47 GMT', 'server': 'Google Frontend', 'Content-Length': '284'} 
 body={
    "message": "Login realizado com sucesso",
    "authorization": "Bearer eyJhbGciOiJIUzI1NiIsInR5cCI6IkpXVCJ9.eyJlbWFpbCI6Imhvcm5hbmRyZWFAZXhhbXBsZS5jb20iLCJwYXNzd29yZCI6IipKWDlEYmpqX0IiLCJpYXQiOjE3NDkxNzYzMjcsImV4cCI6MTc0OTE3NjkyN30.AhIH4W5WmUh27vyg_XRF8BJ0vEzoMF0_TPWk9S9d4ZM"
} 
 </msg>
<msg time="2025-06-05T23:18:46.111850" level="INFO">C:\Users\raiqu\AppData\Local\Programs\Python\Python313\Lib\site-packages\urllib3\connectionpool.py:1097: InsecureRequestWarning: Unverified HTTPS request is being made to host 'compassuol.serverest.dev'. Adding certificate verification is strongly advised. See: https://urllib3.readthedocs.io/en/latest/advanced-usage.html#tls-warnings
  warnings.warn(</msg>
<msg time="2025-06-05T23:18:46.112306" level="INFO">${response} = &lt;Response [200]&gt;</msg>
<var>${response}</var>
<arg>alias=${alias_base}</arg>
<arg>url=/login</arg>
<arg>json=&amp;{payload}</arg>
<arg>headers=${headers}</arg>
<doc>Sends a POST request on a previously created HTTP Session.</doc>
<status status="PASS" start="2025-06-05T23:18:45.944256" elapsed="0.168143"/>
</kw>
<kw name="Log" owner="BuiltIn">
<msg time="2025-06-05T23:18:46.113020" level="INFO">Response: {'message': 'Login realizado com sucesso', 'authorization': 'Bearer eyJhbGciOiJIUzI1NiIsInR5cCI6IkpXVCJ9.eyJlbWFpbCI6Imhvcm5hbmRyZWFAZXhhbXBsZS5jb20iLCJwYXNzd29yZCI6IipKWDlEYmpqX0IiLCJpYXQiOjE3NDkxNzYzMjcsImV4cCI6MTc0OTE3NjkyN30.AhIH4W5WmUh27vyg_XRF8BJ0vEzoMF0_TPWk9S9d4ZM'}</msg>
<arg>Response: ${response.json()}</arg>
<doc>Logs the given message with the given level.</doc>
<status status="PASS" start="2025-06-05T23:18:46.112592" elapsed="0.000532"/>
</kw>
<kw name="Set Test Variable" owner="BuiltIn">
<msg time="2025-06-05T23:18:46.113442" level="INFO">${response} = &lt;Response [200]&gt;</msg>
<arg>${response}</arg>
<doc>Makes a variable available everywhere within the scope of the current test.</doc>
<status status="PASS" start="2025-06-05T23:18:46.113270" elapsed="0.000251"/>
</kw>
<status status="PASS" start="2025-06-05T23:18:45.944034" elapsed="0.169572"/>
</kw>
<kw name="Validar se retorna mensagem e token" owner="login_keywords">
<kw name="Should Be Equal" owner="BuiltIn">
<arg>${response.json()["message"]}</arg>
<arg>Login realizado com sucesso</arg>
<doc>Fails if the given objects are unequal.</doc>
<status status="PASS" start="2025-06-05T23:18:46.114248" elapsed="0.000362"/>
</kw>
<kw name="Should Not Be Empty" owner="BuiltIn">
<msg time="2025-06-05T23:18:46.115581" level="INFO">Length is 211.</msg>
<arg>${response.json()["authorization"]}</arg>
<doc>Verifies that the given item is not empty.</doc>
<status status="PASS" start="2025-06-05T23:18:46.115270" elapsed="0.000402"/>
</kw>
<kw name="Log" owner="BuiltIn">
<msg time="2025-06-05T23:18:46.116070" level="INFO">message: Login realizado com sucesso</msg>
<arg>message: ${response.json()["message"]}</arg>
<doc>Logs the given message with the given level.</doc>
<status status="PASS" start="2025-06-05T23:18:46.115784" elapsed="0.000373"/>
</kw>
<kw name="Log" owner="BuiltIn">
<msg time="2025-06-05T23:18:46.116548" level="INFO">authorization: Bearer eyJhbGciOiJIUzI1NiIsInR5cCI6IkpXVCJ9.eyJlbWFpbCI6Imhvcm5hbmRyZWFAZXhhbXBsZS5jb20iLCJwYXNzd29yZCI6IipKWDlEYmpqX0IiLCJpYXQiOjE3NDkxNzYzMjcsImV4cCI6MTc0OTE3NjkyN30.AhIH4W5WmUh27vyg_XRF8BJ0vEzoMF0_TPWk9S9d4ZM</msg>
<arg>authorization: ${response.json()["authorization"]}</arg>
<doc>Logs the given message with the given level.</doc>
<status status="PASS" start="2025-06-05T23:18:46.116265" elapsed="0.000369"/>
</kw>
<doc>Verifica se contém mensagem informando que o login foi bem
sucedido e se retorna o token.</doc>
<status status="PASS" start="2025-06-05T23:18:46.113988" elapsed="0.002722"/>
</kw>
<kw name="Validar Status Code &quot;200&quot;" owner="common" source_name="Validar Status Code &quot;${statuscode}&quot;">
<kw name="Should Be True" owner="BuiltIn">
<arg>${response.status_code} == ${statuscode}</arg>
<doc>Fails if the given condition is not true.</doc>
<status status="PASS" start="2025-06-05T23:18:46.117289" elapsed="0.000721"/>
</kw>
<kw name="Log" owner="BuiltIn">
<msg time="2025-06-05T23:18:46.118312" level="INFO">Status Code: 200</msg>
<arg>Status Code: ${statuscode}</arg>
<doc>Logs the given message with the given level.</doc>
<status status="PASS" start="2025-06-05T23:18:46.118160" elapsed="0.000246"/>
</kw>
<status status="PASS" start="2025-06-05T23:18:46.117019" elapsed="0.001477"/>
</kw>
<tag>login válido</tag>
<status status="PASS" start="2025-06-05T23:18:45.591490" elapsed="0.527255"/>
</test>
<test id="s1-s1-s1-s2-t2" name="US002-CT02: Tentar login com e-mail não cadastrado" line="18">
<kw name="Payload com e-mail não cadastrado" owner="common">
<kw name="Importar JSON Static" owner="common">
<kw name="Get File" owner="OperatingSystem">
<msg time="2025-06-05T23:18:46.120756" level="INFO" html="true">Getting file '&lt;a href="file://C:\Users\raiqu\Desktop\Nero\Estágio\Documentos das Sprints\Documentos\Sprint 6\Semana 12\Challenge 03\Testes candidatos à automação no Robot Framework\ServeRest API\support\fixtures\static\json_login.json"&gt;C:\Users\raiqu\Desktop\Nero\Estágio\Documentos das Sprints\Documentos\Sprint 6\Semana 12\Challenge 03\Testes candidatos à automação no Robot Framework\ServeRest API\support\fixtures\static\json_login.json&lt;/a&gt;'.</msg>
<msg time="2025-06-05T23:18:46.121272" level="INFO">${arquivo} = {
    "email_nao_cadastrado":{
        "email": "emailNaoCadastrado001@qa.com",
        "password": "teste001"
    }
}</msg>
<var>${arquivo}</var>
<arg>${EXECDIR}/support/fixtures/static/${nome_arquivo}</arg>
<doc>Returns the contents of a specified file.</doc>
<status status="PASS" start="2025-06-05T23:18:46.120552" elapsed="0.000824"/>
</kw>
<kw name="Evaluate" owner="BuiltIn">
<msg time="2025-06-05T23:18:46.121815" level="INFO">${data} = {'email_nao_cadastrado': {'email': 'emailNaoCadastrado001@qa.com', 'password': 'teste001'}}</msg>
<var>${data}</var>
<arg>json.loads('''${arquivo}''')</arg>
<arg>json</arg>
<doc>Evaluates the given expression in Python and returns the result.</doc>
<status status="PASS" start="2025-06-05T23:18:46.121523" elapsed="0.000385"/>
</kw>
<return>
<value>${data}</value>
<status status="PASS" start="2025-06-05T23:18:46.122002" elapsed="0.000105"/>
</return>
<msg time="2025-06-05T23:18:46.122264" level="INFO">${json} = {'email_nao_cadastrado': {'email': 'emailNaoCadastrado001@qa.com', 'password': 'teste001'}}</msg>
<var>${json}</var>
<arg>json_login.json</arg>
<status status="PASS" start="2025-06-05T23:18:46.120304" elapsed="0.002044"/>
</kw>
<kw name="Set Variable" owner="BuiltIn">
<msg time="2025-06-05T23:18:46.122889" level="INFO">${dados_email_sem_cadastro} = {'email': 'emailNaoCadastrado001@qa.com', 'password': 'teste001'}</msg>
[...]
</kw>
<kw name="Log" owner="BuiltIn">
<msg time="2025-06-05T23:18:51.184572" level="INFO">Status Code: 400</msg>
<arg>Status Code: ${statuscode}</arg>
<doc>Logs the given message with the given level.</doc>
<status status="PASS" start="2025-06-05T23:18:51.184439" elapsed="0.000215"/>
</kw>
<status status="PASS" start="2025-06-05T23:18:51.183460" elapsed="0.001271"/>
</kw>
<tag>Criar user com email duplicado</tag>
<status status="PASS" start="2025-06-05T23:18:50.827844" elapsed="0.357116"/>
</test>
<test id="s1-s1-s1-s4-t3" name="US001-CT03: Criar usuário com e-mail inválido" line="24">
<kw name="Payload cadastrar usuário com email inválido" owner="common">
<kw name="Importar JSON Static" owner="common">
<kw name="Get File" owner="OperatingSystem">
<msg time="2025-06-05T23:18:51.186749" level="INFO" html="true">Getting file '&lt;a href="file://C:\Users\raiqu\Desktop\Nero\Estágio\Documentos das Sprints\Documentos\Sprint 6\Semana 12\Challenge 03\Testes candidatos à automação no Robot Framework\ServeRest API\support\fixtures\static\json_usuarios.json"&gt;C:\Users\raiqu\Desktop\Nero\Estágio\Documentos das Sprints\Documentos\Sprint 6\Semana 12\Challenge 03\Testes candidatos à automação no Robot Framework\ServeRest API\support\fixtures\static\json_usuarios.json&lt;/a&gt;'.</msg>
<msg time="2025-06-05T23:18:51.187258" level="INFO">${arquivo} = {
    "user_email_invalido":{
        "nome": "Raique2",
        "email": "userSemEmail",
        "password": "teste3",
        "administrador": "true"
    },
    "user_nome_vazio":{
        "nome": "...</msg>
<var>${arquivo}</var>
<arg>${EXECDIR}/support/fixtures/static/${nome_arquivo}</arg>
<doc>Returns the contents of a specified file.</doc>
<status status="PASS" start="2025-06-05T23:18:51.186558" elapsed="0.000808"/>
</kw>
<kw name="Evaluate" owner="BuiltIn">
<msg time="2025-06-05T23:18:51.187812" level="INFO">${data} = {'user_email_invalido': {'nome': 'Raique2', 'email': 'userSemEmail', 'password': 'teste3', 'administrador': 'true'}, 'user_nome_vazio': {'nome': '', 'email': 'testeEmail@qa.com', 'password': 'teste4',...</msg>
<var>${data}</var>
<arg>json.loads('''${arquivo}''')</arg>
<arg>json</arg>
<doc>Evaluates the given expression in Python and returns the result.</doc>
<status status="PASS" start="2025-06-05T23:18:51.187517" elapsed="0.000390"/>
</kw>
<return>
<value>${data}</value>
<status status="PASS" start="2025-06-05T23:18:51.188047" elapsed="0.000092"/>
</return>
<msg time="2025-06-05T23:18:51.188294" level="INFO">${json} = {'user_email_invalido': {'nome': 'Raique2', 'email': 'userSemEmail', 'password': 'teste3', 'administrador': 'true'}, 'user_nome_vazio': {'nome': '', 'email': 'testeEmail@qa.com', 'password': 'teste4',...</msg>
<var>${json}</var>
<arg>json_usuarios.json</arg>
<status status="PASS" start="2025-06-05T23:18:51.186309" elapsed="0.002068"/>
</kw>
<kw name="Set Variable" owner="BuiltIn">
<msg time="2025-06-05T23:18:51.188943" level="INFO">${dados_email_invalido} = {'nome': 'Raique2', 'email': 'userSemEmail', 'password': 'teste3', 'administrador': 'true'}</msg>
<var>${dados_email_invalido}</var>
<arg>${json["user_email_invalido"]}</arg>
<doc>Returns the given values which can then be assigned to a variables.</doc>
<status status="PASS" start="2025-06-05T23:18:51.188512" elapsed="0.000521"/>
</kw>
<kw name="Set Global Variable" owner="BuiltIn">
<msg time="2025-06-05T23:18:51.189391" level="INFO">${dados_email_invalido} = {'nome': 'Raique2', 'email': 'userSemEmail', 'password': 'teste3', 'administrador': 'true'}</msg>
<arg>${dados_email_invalido}</arg>
<doc>Makes a variable available globally in all tests and suites.</doc>
<status status="PASS" start="2025-06-05T23:18:51.189172" elapsed="0.000309"/>
</kw>
<status status="PASS" start="2025-06-05T23:18:51.186042" elapsed="0.003574"/>
</kw>
<kw name="POST endpoint /usuarios com email inválido" owner="usuarios_keywords">
<kw name="POST On Session" owner="RequestsLibrary">
<msg time="2025-06-05T23:18:51.356103" level="INFO">POST Request : url=https://compassuol.serverest.dev/usuarios 
 path_url=/usuarios 
 headers={'User-Agent': 'python-requests/2.32.3', 'Accept-Encoding': 'gzip, deflate', 'accept': 'application/json', 'Connection': 'keep-alive', 'Content-Type': 'application/json', 'Authorization': 'Bearer eyJhbGciOiJIUzI1NiIsInR5cCI6IkpXVCJ9.eyJlbWFpbCI6ImhmaXNjaGVyQGV4YW1wbGUub3JnIiwicGFzc3dvcmQiOiJVKUx6cEgyeiQ2IiwiaWF0IjoxNzQ5MTc2MzMyLCJleHAiOjE3NDkxNzY5MzJ9.fG1IfdN7GVDtZNvMvtwrw7aFDSRoBsnaQvvM01AqrFY', 'Content-Length': '91'} 
 body=b'{"nome": "Raique2", "email": "userSemEmail", "password": "teste3", "administrador": "true"}' 
 </msg>
<msg time="2025-06-05T23:18:51.356412" level="INFO">POST Response : url=https://compassuol.serverest.dev/usuarios 
 status=400, reason=Bad Request 
 headers={'access-control-allow-origin': '*', 'x-dns-prefetch-control': 'off', 'x-frame-options': 'SAMEORIGIN', 'strict-transport-security': 'max-age=15552000; includeSubDomains', 'x-download-options': 'noopen', 'x-content-type-options': 'nosniff', 'x-xss-protection': '1; mode=block', 'content-type': 'application/json; charset=utf-8', 'x-cloud-trace-context': '11d186787ef036ee5fdb5a42493cea57', 'date': 'Fri, 06 Jun 2025 02:18:53 GMT', 'server': 'Google Frontend', 'Content-Length': '50'} 
 body={
    "email": "email deve ser um email válido"
} 
 </msg>
<msg time="2025-06-05T23:18:51.356613" level="INFO">C:\Users\raiqu\AppData\Local\Programs\Python\Python313\Lib\site-packages\urllib3\connectionpool.py:1097: InsecureRequestWarning: Unverified HTTPS request is being made to host 'compassuol.serverest.dev'. Adding certificate verification is strongly advised. See: https://urllib3.readthedocs.io/en/latest/advanced-usage.html#tls-warnings
  warnings.warn(</msg>
<msg time="2025-06-05T23:18:51.357203" level="INFO">${response} = &lt;Response [400]&gt;</msg>
<var>${response}</var>
<arg>alias=${alias_base}</arg>
<arg>url=/usuarios</arg>
<arg>json=&amp;{payload}</arg>
<arg>headers=${headers}</arg>
<arg>expected_status=${status_code_desejado}</arg>
<doc>Sends a POST request on a previously created HTTP Session.</doc>
<status status="PASS" start="2025-06-05T23:18:51.190258" elapsed="0.167071"/>
</kw>
<kw name="Log" owner="BuiltIn">
<msg time="2025-06-05T23:18:51.358324" level="INFO">Response: {'email': 'email deve ser um email válido'}</msg>
<arg>Response: ${response.json()}</arg>
<doc>Logs the given message with the given level.</doc>
<status status="PASS" start="2025-06-05T23:18:51.357624" elapsed="0.000813"/>
</kw>
<kw name="Set Test Variable" owner="BuiltIn">
<msg time="2025-06-05T23:18:51.358794" level="INFO">${response} = &lt;Response [400]&gt;</msg>
<arg>${response}</arg>
<doc>Makes a variable available everywhere within the scope of the current test.</doc>
<status status="PASS" start="2025-06-05T23:18:51.358602" elapsed="0.000299"/>
</kw>
<status status="PASS" start="2025-06-05T23:18:51.189928" elapsed="0.169080"/>
</kw>
<kw name="Validar se informar que o email é inválido" owner="usuarios_keywords">
<kw name="Should Be Equal" owner="BuiltIn">
<arg>${response.json()["email"]}</arg>
<arg>email deve ser um email válido</arg>
<doc>Fails if the given objects are unequal.</doc>
<status status="PASS" start="2025-06-05T23:18:51.359737" elapsed="0.000549"/>
</kw>
<kw name="Log" owner="BuiltIn">
<msg time="2025-06-05T23:18:51.360977" level="INFO">email: email deve ser um email válido</msg>
<arg>email: ${response.json()["email"]}</arg>
<doc>Logs the given message with the given level.</doc>
<status status="PASS" start="2025-06-05T23:18:51.360460" elapsed="0.000660"/>
</kw>
<doc>Verifica se retorna mensagem informando que o email
é inválido</doc>
<status status="PASS" start="2025-06-05T23:18:51.359396" elapsed="0.001838"/>
</kw>
<kw name="Validar Status Code &quot;400&quot;" owner="common" source_name="Validar Status Code &quot;${statuscode}&quot;">
<kw name="Should Be True" owner="BuiltIn">
<arg>${response.status_code} == ${statuscode}</arg>
<doc>Fails if the given condition is not true.</doc>
<status status="PASS" start="2025-06-05T23:18:51.361950" elapsed="0.000771"/>
</kw>
<kw name="Log" owner="BuiltIn">
<msg time="2025-06-05T23:18:51.363030" level="INFO">Status Code: 400</msg>
<arg>Status Code: ${statuscode}</arg>
<doc>Logs the given message with the given level.</doc>
<status status="PASS" start="2025-06-05T23:18:51.362875" elapsed="0.000258"/>
</kw>
<status status="PASS" start="2025-06-05T23:18:51.361659" elapsed="0.001569"/>
</kw>
<tag>Criar user com email invalido</tag>
<status status="PASS" start="2025-06-05T23:18:51.185589" elapsed="0.177892"/>
</test>
<test id="s1-s1-s1-s4-t4" name="US001-CT06: Criar usuário com campo &quot;nome&quot; vazio ou ausente" line="30">
<kw name="Payload cadastrar usuário com campo nome vazio" owner="common">
<kw name="Importar JSON Static" owner="common">
<kw name="Get File" owner="OperatingSystem">
<msg time="2025-06-05T23:18:51.366135" level="INFO" html="true">Getting file '&lt;a href="file://C:\Users\raiqu\Desktop\Nero\Estágio\Documentos das Sprints\Documentos\Sprint 6\Semana 12\Challenge 03\Testes candidatos à automação no Robot Framework\ServeRest API\support\fixtures\static\json_usuarios.json"&gt;C:\Users\raiqu\Desktop\Nero\Estágio\Documentos das Sprints\Documentos\Sprint 6\Semana 12\Challenge 03\Testes candidatos à automação no Robot Framework\ServeRest API\support\fixtures\static\json_usuarios.json&lt;/a&gt;'.</msg>
<msg time="2025-06-05T23:18:51.366720" level="INFO">${arquivo} = {
    "user_email_invalido":{
        "nome": "Raique2",
        "email": "userSemEmail",
        "password": "teste3",
        "administrador": "true"
    },
    "user_nome_vazio":{
        "nome": "...</msg>
<var>${arquivo}</var>
<arg>${EXECDIR}/support/fixtures/static/${nome_arquivo}</arg>
<doc>Returns the contents of a specified file.</doc>
<status status="PASS" start="2025-06-05T23:18:51.365897" elapsed="0.000963"/>
</kw>
<kw name="Evaluate" owner="BuiltIn">
<msg time="2025-06-05T23:18:51.367373" level="INFO">${data} = {'user_email_invalido': {'nome': 'Raique2', 'email': 'userSemEmail', 'password': 'teste3', 'administrador': 'true'}, 'user_nome_vazio': {'nome': '', 'email': 'testeEmail@qa.com', 'password': 'teste4',...</msg>
<var>${data}</var>
<arg>json.loads('''${arquivo}''')</arg>
<arg>json</arg>
<doc>Evaluates the given expression in Python and returns the result.</doc>
<status status="PASS" start="2025-06-05T23:18:51.367050" elapsed="0.000418"/>
</kw>
<return>
<value>${data}</value>
<status status="PASS" start="2025-06-05T23:18:51.367578" elapsed="0.000088"/>
</return>
<msg time="2025-06-05T23:18:51.367822" level="INFO">${json} = {'user_email_invalido': {'nome': 'Raique2', 'email': 'userSemEmail', 'password': 'teste3', 'administrador': 'true'}, 'user_nome_vazio': {'nome': '', 'email': 'testeEmail@qa.com', 'password': 'teste4',...</msg>
<var>${json}</var>
<arg>json_usuarios.json</arg>
<status status="PASS" start="2025-06-05T23:18:51.365483" elapsed="0.002437"/>
</kw>
<kw name="Set Variable" owner="BuiltIn">
<msg time="2025-06-05T23:18:51.368563" level="INFO">${dados_nome_vazio} = {'nome': '', 'email': 'testeEmail@qa.com', 'password': 'teste4', 'administrador': 'true'}</msg>
<var>${dados_nome_vazio}</var>
<arg>${json["user_nome_vazio"]}</arg>
<doc>Returns the given values which can then be assigned to a variables.</doc>
<status status="PASS" start="2025-06-05T23:18:51.368070" elapsed="0.000582"/>
</kw>
<kw name="Set Global Variable" owner="BuiltIn">
<msg time="2025-06-05T23:18:51.369080" level="INFO">${dados_nome_vazio} = {'nome': '', 'email': 'testeEmail@qa.com', 'password': 'teste4', 'administrador': 'true'}</msg>
<arg>${dados_nome_vazio}</arg>
<doc>Makes a variable available globally in all tests and suites.</doc>
<status status="PASS" start="2025-06-05T23:18:51.368803" elapsed="0.000388"/>
</kw>
<status status="PASS" start="2025-06-05T23:18:51.365179" elapsed="0.004192"/>
</kw>
<kw name="POST endpoint /usuarios com campo nome vazio" owner="usuarios_keywords">
<kw name="POST On Session" owner="RequestsLibrary">
<msg time="2025-06-05T23:18:51.542052" level="INFO">POST Request : url=https://compassuol.serverest.dev/usuarios 
 path_url=/usuarios 
 headers={'User-Agent': 'python-requests/2.32.3', 'Accept-Encoding': 'gzip, deflate', 'accept': 'application/json', 'Connection': 'keep-alive', 'Content-Type': 'application/json', 'Authorization': 'Bearer eyJhbGciOiJIUzI1NiIsInR5cCI6IkpXVCJ9.eyJlbWFpbCI6ImhmaXNjaGVyQGV4YW1wbGUub3JnIiwicGFzc3dvcmQiOiJVKUx6cEgyeiQ2IiwiaWF0IjoxNzQ5MTc2MzMyLCJleHAiOjE3NDkxNzY5MzJ9.fG1IfdN7GVDtZNvMvtwrw7aFDSRoBsnaQvvM01AqrFY', 'Content-Length': '89'} 
 body=b'{"nome": "", "email": "testeEmail@qa.com", "password": "teste4", "administrador": "true"}' 
 </msg>
<msg time="2025-06-05T23:18:51.542384" level="INFO">POST Response : url=https://compassuol.serverest.dev/usuarios 
 status=400, reason=Bad Request 
 headers={'access-control-allow-origin': '*', 'x-dns-prefetch-control': 'off', 'x-frame-options': 'SAMEORIGIN', 'strict-transport-security': 'max-age=15552000; includeSubDomains', 'x-download-options': 'noopen', 'x-content-type-options': 'nosniff', 'x-xss-protection': '1; mode=block', 'content-type': 'application/json; charset=utf-8', 'x-cloud-trace-context': '815246888a28cc695fdb5a42493ced12', 'date': 'Fri, 06 Jun 2025 02:18:53 GMT', 'server': 'Google Frontend', 'Content-Length': '48'} 
 body={
    "nome": "nome não pode ficar em branco"
} 
 </msg>
<msg time="2025-06-05T23:18:51.542528" level="INFO">C:\Users\raiqu\AppData\Local\Programs\Python\Python313\Lib\site-packages\urllib3\connectionpool.py:1097: InsecureRequestWarning: Unverified HTTPS request is being made to host 'compassuol.serverest.dev'. Adding certificate verification is strongly advised. See: https://urllib3.readthedocs.io/en/latest/advanced-usage.html#tls-warnings
  warnings.warn(</msg>
<msg time="2025-06-05T23:18:51.542955" level="INFO">${response} = &lt;Response [400]&gt;</msg>
<var>${response}</var>
<arg>alias=${alias_base}</arg>
<arg>url=/usuarios</arg>
<arg>json=&amp;{payload}</arg>
<arg>headers=${headers}</arg>
<arg>expected_status=${status_code_desejado}</arg>
<doc>Sends a POST request on a previously created HTTP Session.</doc>
<status status="PASS" start="2025-06-05T23:18:51.370205" elapsed="0.172854"/>
</kw>
<kw name="Log" owner="BuiltIn">
<msg time="2025-06-05T23:18:51.543840" level="INFO">Response: {'nome': 'nome não pode ficar em branco'}</msg>
<arg>Response: ${response.json()}</arg>
<doc>Logs the given message with the given level.</doc>
<status status="PASS" start="2025-06-05T23:18:51.543298" elapsed="0.000663"/>
</kw>
<kw name="Set Test Variable" owner="BuiltIn">
<msg time="2025-06-05T23:18:51.544384" level="INFO">${response} = &lt;Response [400]&gt;</msg>
<arg>${response}</arg>
<doc>Makes a variable available everywhere within the scope of the current test.</doc>
<status status="PASS" start="2025-06-05T23:18:51.544140" elapsed="0.000383"/>
</kw>
<status status="PASS" start="2025-06-05T23:18:51.369895" elapsed="0.174776"/>
</kw>
<kw name="Validar se informa que o campo não pode ficar vazio" owner="usuarios_keywords">
<kw name="Should Be Equal" owner="BuiltIn">
<arg>${response.json()["nome"]}</arg>
<arg>nome não pode ficar em branco</arg>
<doc>Fails if the given objects are unequal.</doc>
<status status="PASS" start="2025-06-05T23:18:51.545369" elapsed="0.000498"/>
</kw>
<kw name="Log" owner="BuiltIn">
<msg time="2025-06-05T23:18:51.546439" level="INFO">nome: nome não pode ficar em branco</msg>
<arg>nome: ${response.json()["nome"]}</arg>
<doc>Logs the given message with the given level.</doc>
<status status="PASS" start="2025-06-05T23:18:51.546024" elapsed="0.000514"/>
</kw>
<doc>Verifica se retorna mensagem informando que o campo nome
não pode ficar vazio</doc>
<status status="PASS" start="2025-06-05T23:18:51.545050" elapsed="0.001570"/>
</kw>
<kw name="Validar Status Code &quot;400&quot;" owner="common" source_name="Validar Status Code &quot;${statuscode}&quot;">
<kw name="Should Be True" owner="BuiltIn">
<arg>${response.status_code} == ${statuscode}</arg>
<doc>Fails if the given condition is not true.</doc>
<status status="PASS" start="2025-06-05T23:18:51.547161" elapsed="0.000715"/>
</kw>
<kw name="Log" owner="BuiltIn">
<msg time="2025-06-05T23:18:51.548175" level="INFO">Status Code: 400</msg>
<arg>Status Code: ${statuscode}</arg>
<doc>Logs the given message with the given level.</doc>
<status status="PASS" start="2025-06-05T23:18:51.548023" elapsed="0.000248"/>
</kw>
<status status="PASS" start="2025-06-05T23:18:51.546895" elapsed="0.001483"/>
</kw>
<tag>Criar user com nome vazio</tag>
<status status="PASS" start="2025-06-05T23:18:51.364668" elapsed="0.183994"/>
</test>
<kw name="Finalizar sessão" owner="base" type="TEARDOWN">
<kw name="Delete All Sessions" owner="RequestsLibrary">
<msg time="2025-06-05T23:18:51.549925" level="INFO">Deleting All Sessions</msg>
<doc>Removes all the session objects</doc>
<status status="PASS" start="2025-06-05T23:18:51.549792" elapsed="0.000275"/>
</kw>
<kw name="Log" owner="BuiltIn">
<msg time="2025-06-05T23:18:51.550331" level="INFO">Sessões encerradas.</msg>
<arg>Sessões encerradas.</arg>
<doc>Logs the given message with the given level.</doc>
<status status="PASS" start="2025-06-05T23:18:51.550203" elapsed="0.000224"/>
</kw>
<status status="PASS" start="2025-06-05T23:18:51.549589" elapsed="0.000930"/>
</kw>
<doc>Cenários de teste candidatos à automação
para o endpoint /usuarios</doc>
<status status="PASS" start="2025-06-05T23:18:49.925849" elapsed="1.624738"/>
</suite>
<status status="FAIL" start="2025-06-05T23:18:42.479613" elapsed="9.072150"/>
</suite>
<status status="FAIL" start="2025-06-05T23:18:42.478310" elapsed="9.074631"/>
</suite>
<status status="FAIL" start="2025-06-05T23:18:42.462488" elapsed="9.091500"/>
</suite>
<statistics>
<total>
<stat pass="13" fail="1" skip="0">All Tests</stat>
</total>
<tag>
<stat pass="0" fail="1" skip="0">Ações na rota produtos sem token</stat>
<stat pass="1" fail="0" skip="0">Cadastrar carrinho sem token</stat>
<stat pass="1" fail="0" skip="0">Cancelar compra sem token</stat>
<stat pass="1" fail="0" skip="0">Concluir compra sem carrinho</stat>
<stat pass="1" fail="0" skip="0">Criar produto com name duplicado</stat>
<stat pass="1" fail="0" skip="0">Criar produto válido</stat>
<stat pass="1" fail="0" skip="0">Criar user com email duplicado</stat>
<stat pass="1" fail="0" skip="0">Criar user com email invalido</stat>
<stat pass="1" fail="0" skip="0">Criar user com nome vazio</stat>
<stat pass="1" fail="0" skip="0">Criar user valido</stat>
<stat pass="1" fail="0" skip="0">Excluir produto</stat>
<stat pass="1" fail="0" skip="0">Excluir produto de carrinho ativo</stat>
<stat pass="1" fail="0" skip="0">login com email não cadastrado</stat>
<stat pass="1" fail="0" skip="0">login válido</stat>
</tag>
<suite>
<stat name="Testes candidatos à automação no Robot Framework" id="s1" pass="13" fail="1" skip="0">Testes candidatos à automação no Robot Framework</stat>
<stat name="ServeRest API" id="s1-s1" pass="13" fail="1" skip="0">Testes candidatos à automação no Robot Framework.ServeRest API</stat>
<stat name="Tests" id="s1-s1-s1" pass="13" fail="1" skip="0">Testes candidatos à automação no Robot Framework.ServeRest API.Tests</stat>
<stat name="Carrinhos Tests" id="s1-s1-s1-s1" pass="3" fail="0" skip="0">Testes candidatos à automação no Robot Framework.ServeRest API.Tests.Carrinhos Tests</stat>
<stat name="Login Tests" id="s1-s1-s1-s2" pass="2" fail="0" skip="0">Testes candidatos à automação no Robot Framework.ServeRest API.Tests.Login Tests</stat>
<stat name="Produtos Tests" id="s1-s1-s1-s3" pass="4" fail="1" skip="0">Testes candidatos à automação no Robot Framework.ServeRest API.Tests.Produtos Tests</stat>
<stat name="Usuarios Tests" id="s1-s1-s1-s4" pass="4" fail="0" skip="0">Testes candidatos à automação no Robot Framework.ServeRest API.Tests.Usuarios Tests</stat>
</suite>
</statistics>
<errors>
</errors>
</robot>
