<?xml version="1.0" encoding="UTF-8"?>
<robot generator="Robot 7.2.2 (Python 3.13.3 on win32)" generated="2025-06-09T15:01:29.175608" rpa="false" schemaversion="5">
<suite id="s1" name="Tests" source="c:\Users\raiqu\Desktop\Nero\Estágio\Documentos das Sprints\Documentos\Sprint 6\Semana 12\Challenge 03\Testes candidatos à automação no Robot Framework\ServeRest API\tests">
<suite id="s1-s1" name="Carrinhos Tests" source="c:\Users\raiqu\Desktop\Nero\Estágio\Documentos das Sprints\Documentos\Sprint 6\Semana 12\Challenge 03\Testes candidatos à automação no Robot Framework\ServeRest API\tests\carrinhos_tests.robot">
<kw name="Iniciar sessão autenticado" owner="base" type="SETUP">
<kw name="Iniciar sessão" owner="base">
<kw name="Run Keyword If" owner="BuiltIn">
<arg>'${auth_token}' != '${EMPTY}'</arg>
<arg>Set To Dictionary</arg>
<arg>${headers}</arg>
<arg>Authorization=${auth_token}</arg>
<doc>Runs the given keyword with the given arguments, if ``condition`` is true.</doc>
<status status="PASS" start="2025-06-09T15:01:29.982654" elapsed="0.000455"/>
</kw>
<kw name="Create Session" owner="RequestsLibrary">
<msg time="2025-06-09T15:01:29.983577" level="INFO">Creating Session using : alias=ServeRest, url=https://compassuol.serverest.dev, headers={'accept': 'application/json', 'Content-Type': 'application/json'},                     cookies={}, auth=None, timeout=None, proxies=None, verify=False,                     debug=0 </msg>
<arg>alias=${alias_base}</arg>
<arg>url=${url_base}</arg>
<arg>headers=${headers}</arg>
<doc>Create Session: create a HTTP session to a server</doc>
<status status="PASS" start="2025-06-09T15:01:29.983312" elapsed="0.001781"/>
</kw>
<status status="PASS" start="2025-06-09T15:01:29.981825" elapsed="0.003392"/>
</kw>
<kw name="Login e armazenar token bearer" owner="base">
<kw name="Payload cadastrar usuário com dados válidos" owner="common">
<kw name="Name" owner="FakerLibrary">
<msg time="2025-06-09T15:01:29.986172" level="INFO">${nome} = Jamie Mcdowell</msg>
<var>${nome}</var>
<doc>:example: 'John Doe'</doc>
<status status="PASS" start="2025-06-09T15:01:29.985741" elapsed="0.000893"/>
</kw>
<kw name="Email" owner="FakerLibrary">
<msg time="2025-06-09T15:01:29.987204" level="INFO">${email} = mariamercado@example.org</msg>
<var>${email}</var>
<status status="PASS" start="2025-06-09T15:01:29.986794" elapsed="0.000508"/>
</kw>
<kw name="Password" owner="FakerLibrary">
<msg time="2025-06-09T15:01:29.987660" level="INFO">${password} = hH+(32Dh#8</msg>
<var>${password}</var>
<doc>Generate a random password of the specified ``length``.</doc>
<status status="PASS" start="2025-06-09T15:01:29.987456" elapsed="0.000293"/>
</kw>
<kw name="Create Dictionary" owner="BuiltIn">
<msg time="2025-06-09T15:01:29.988208" level="INFO">${dados_validos} = {'nome': 'Jamie Mcdowell', 'email': 'mariamercado@example.org', 'password': 'hH+(32Dh#8', 'administrador': 'true'}</msg>
<var>${dados_validos}</var>
<arg>nome=${nome}</arg>
<arg>email=${email}</arg>
<arg>password=${password}</arg>
<arg>administrador=true</arg>
<doc>Creates and returns a dictionary based on the given ``items``.</doc>
<status status="PASS" start="2025-06-09T15:01:29.987923" elapsed="0.000364"/>
</kw>
<kw name="Set Global Variable" owner="BuiltIn">
<msg time="2025-06-09T15:01:29.988614" level="INFO">${dados_validos} = {'nome': 'Jamie Mcdowell', 'email': 'mariamercado@example.org', 'password': 'hH+(32Dh#8', 'administrador': 'true'}</msg>
<arg>${dados_validos}</arg>
<doc>Makes a variable available globally in all tests and suites.</doc>
<status status="PASS" start="2025-06-09T15:01:29.988417" elapsed="0.000277"/>
</kw>
<status status="PASS" start="2025-06-09T15:01:29.985574" elapsed="0.003200"/>
</kw>
<kw name="POST endpoint /usuarios com dados validos" owner="usuarios_keywords">
<kw name="POST On Session" owner="RequestsLibrary">
<msg time="2025-06-09T15:01:38.271225" level="INFO">POST Request : url=https://compassuol.serverest.dev/usuarios 
 path_url=/usuarios 
 headers={'User-Agent': 'python-requests/2.32.3', 'Accept-Encoding': 'gzip, deflate', 'accept': 'application/json', 'Connection': 'keep-alive', 'Content-Type': 'application/json', 'Content-Length': '114'} 
 body=b'{"nome": "Jamie Mcdowell", "email": "mariamercado@example.org", "password": "hH+(32Dh#8", "administrador": "true"}' 
 </msg>
<msg time="2025-06-09T15:01:38.271946" level="INFO">POST Response : url=https://compassuol.serverest.dev/usuarios 
 status=201, reason=Created 
 headers={'access-control-allow-origin': '*', 'x-dns-prefetch-control': 'off', 'x-frame-options': 'SAMEORIGIN', 'strict-transport-security': 'max-age=15552000; includeSubDomains', 'x-download-options': 'noopen', 'x-content-type-options': 'nosniff', 'x-xss-protection': '1; mode=block', 'content-type': 'application/json; charset=utf-8', 'x-cloud-trace-context': 'c4f84d86f08a447e5c8fb6268bc89245;o=1', 'date': 'Mon, 09 Jun 2025 18:01:38 GMT', 'server': 'Google Frontend', 'Content-Length': '82'} 
 body={
    "message": "Cadastro realizado com sucesso",
    "_id": "nlogeNCnjZOcBrMD"
} 
 </msg>
<msg time="2025-06-09T15:01:38.272158" level="INFO">C:\Users\raiqu\AppData\Local\Programs\Python\Python313\Lib\site-packages\urllib3\connectionpool.py:1097: InsecureRequestWarning: Unverified HTTPS request is being made to host 'compassuol.serverest.dev'. Adding certificate verification is strongly advised. See: https://urllib3.readthedocs.io/en/latest/advanced-usage.html#tls-warnings
  warnings.warn(</msg>
<msg time="2025-06-09T15:01:38.272720" level="INFO">${response} = &lt;Response [201]&gt;</msg>
<var>${response}</var>
<arg>alias=${alias_base}</arg>
<arg>url=/usuarios</arg>
<arg>json=&amp;{payload}</arg>
<arg>headers=${headers}</arg>
<doc>Sends a POST request on a previously created HTTP Session.</doc>
<status status="PASS" start="2025-06-09T15:01:29.989091" elapsed="8.283745"/>
</kw>
<kw name="Log" owner="BuiltIn">
<msg time="2025-06-09T15:01:38.273521" level="INFO">Response: {'message': 'Cadastro realizado com sucesso', '_id': 'nlogeNCnjZOcBrMD'}</msg>
<arg>Response: ${response.json()}</arg>
<doc>Logs the given message with the given level.</doc>
<status status="PASS" start="2025-06-09T15:01:38.273060" elapsed="0.000570"/>
</kw>
<kw name="Set Test Variable" owner="BuiltIn">
<msg time="2025-06-09T15:01:38.273997" level="INFO">${response} = &lt;Response [201]&gt;</msg>
<arg>${response}</arg>
<doc>Makes a variable available everywhere within the scope of the current test.</doc>
<status status="PASS" start="2025-06-09T15:01:38.273787" elapsed="0.000298"/>
</kw>
<status status="PASS" start="2025-06-09T15:01:29.988896" elapsed="8.285280"/>
</kw>
<kw name="Payload com dados válidos" owner="common">
<kw name="Get From Dictionary" owner="Collections">
<msg time="2025-06-09T15:01:38.274722" level="INFO">${email} = mariamercado@example.org</msg>
<var>${email}</var>
<arg>${dados_validos}</arg>
<arg>email</arg>
<doc>Returns a value from the given ``dictionary`` based on the given ``key``.</doc>
<status status="PASS" start="2025-06-09T15:01:38.274534" elapsed="0.000262"/>
</kw>
<kw name="Get From Dictionary" owner="Collections">
<msg time="2025-06-09T15:01:38.275210" level="INFO">${password} = hH+(32Dh#8</msg>
<var>${password}</var>
<arg>${dados_validos}</arg>
<arg>password</arg>
<doc>Returns a value from the given ``dictionary`` based on the given ``key``.</doc>
<status status="PASS" start="2025-06-09T15:01:38.274919" elapsed="0.000363"/>
</kw>
<kw name="Create Dictionary" owner="BuiltIn">
<msg time="2025-06-09T15:01:38.275654" level="INFO">${dados_validos_login} = {'email': 'mariamercado@example.org', 'password': 'hH+(32Dh#8'}</msg>
<var>${dados_validos_login}</var>
<arg>email=${email}</arg>
<arg>password=${password}</arg>
<doc>Creates and returns a dictionary based on the given ``items``.</doc>
<status status="PASS" start="2025-06-09T15:01:38.275410" elapsed="0.000329"/>
</kw>
<kw name="Set Global Variable" owner="BuiltIn">
<msg time="2025-06-09T15:01:38.276094" level="INFO">${dados_validos_login} = {'email': 'mariamercado@example.org', 'password': 'hH+(32Dh#8'}</msg>
<arg>${dados_validos_login}</arg>
<doc>Makes a variable available globally in all tests and suites.</doc>
<status status="PASS" start="2025-06-09T15:01:38.275877" elapsed="0.000463"/>
</kw>
<status status="PASS" start="2025-06-09T15:01:38.274342" elapsed="0.002096"/>
</kw>
<kw name="POST endpoint /login com dados válidos" owner="login_keywords">
<kw name="POST On Session" owner="RequestsLibrary">
<msg time="2025-06-09T15:01:38.475313" level="INFO">POST Request : url=https://compassuol.serverest.dev/login 
 path_url=/login 
 headers={'User-Agent': 'python-requests/2.32.3', 'Accept-Encoding': 'gzip, deflate', 'accept': 'application/json', 'Connection': 'keep-alive', 'Content-Type': 'application/json', 'Content-Length': '63'} 
 body=b'{"email": "mariamercado@example.org", "password": "hH+(32Dh#8"}' 
 </msg>
<msg time="2025-06-09T15:01:38.475965" level="INFO">POST Response : url=https://compassuol.serverest.dev/login 
 status=200, reason=OK 
 headers={'access-control-allow-origin': '*', 'x-dns-prefetch-control': 'off', 'x-frame-options': 'SAMEORIGIN', 'strict-transport-security': 'max-age=15552000; includeSubDomains', 'x-download-options': 'noopen', 'x-content-type-options': 'nosniff', 'x-xss-protection': '1; mode=block', 'content-type': 'application/json; charset=utf-8', 'x-cloud-trace-context': '44c7538c67f23d42120b1b060b69daeb', 'date': 'Mon, 09 Jun 2025 18:01:38 GMT', 'server': 'Google Frontend', 'Content-Length': '287'} 
 body={
    "message": "Login realizado com sucesso",
    "authorization": "Bearer eyJhbGciOiJIUzI1NiIsInR5cCI6IkpXVCJ9.eyJlbWFpbCI6Im1hcmlhbWVyY2Fkb0BleGFtcGxlLm9yZyIsInBhc3N3b3JkIjoiaEgrKDMyRGgjOCIsImlhdCI6MTc0OTQ5MjA5OCwiZXhwIjoxNzQ5NDkyNjk4fQ.k0K689IJ39Whhs4i5ktpZmMjt-LB18Jy-_Sr-FKdnB8"
} 
 </msg>
<msg time="2025-06-09T15:01:38.476126" level="INFO">C:\Users\raiqu\AppData\Local\Programs\Python\Python313\Lib\site-packages\urllib3\connectionpool.py:1097: InsecureRequestWarning: Unverified HTTPS request is being made to host 'compassuol.serverest.dev'. Adding certificate verification is strongly advised. See: https://urllib3.readthedocs.io/en/latest/advanced-usage.html#tls-warnings
  warnings.warn(</msg>
<msg time="2025-06-09T15:01:38.476520" level="INFO">${response} = &lt;Response [200]&gt;</msg>
<var>${response}</var>
<arg>alias=${alias_base}</arg>
<arg>url=/login</arg>
<arg>json=&amp;{payload}</arg>
<arg>headers=${headers}</arg>
<doc>Sends a POST request on a previously created HTTP Session.</doc>
<status status="PASS" start="2025-06-09T15:01:38.276799" elapsed="0.199832"/>
</kw>
<kw name="Log" owner="BuiltIn">
<msg time="2025-06-09T15:01:38.477262" level="INFO">Response: {'message': 'Login realizado com sucesso', 'authorization': 'Bearer eyJhbGciOiJIUzI1NiIsInR5cCI6IkpXVCJ9.eyJlbWFpbCI6Im1hcmlhbWVyY2Fkb0BleGFtcGxlLm9yZyIsInBhc3N3b3JkIjoiaEgrKDMyRGgjOCIsImlhdCI6MTc0OTQ5MjA5OCwiZXhwIjoxNzQ5NDkyNjk4fQ.k0K689IJ39Whhs4i5ktpZmMjt-LB18Jy-_Sr-FKdnB8'}</msg>
<arg>Response: ${response.json()}</arg>
<doc>Logs the given message with the given level.</doc>
<status status="PASS" start="2025-06-09T15:01:38.476844" elapsed="0.000520"/>
</kw>
<kw name="Set Test Variable" owner="BuiltIn">
<msg time="2025-06-09T15:01:38.477724" level="INFO">${response} = &lt;Response [200]&gt;</msg>
<arg>${response}</arg>
<doc>Makes a variable available everywhere within the scope of the current test.</doc>
<status status="PASS" start="2025-06-09T15:01:38.477518" elapsed="0.000326"/>
</kw>
<status status="PASS" start="2025-06-09T15:01:38.276579" elapsed="0.201409"/>
</kw>
<kw name="Set Variable" owner="BuiltIn">
<msg time="2025-06-09T15:01:38.478766" level="INFO">${auth_token} = Bearer eyJhbGciOiJIUzI1NiIsInR5cCI6IkpXVCJ9.eyJlbWFpbCI6Im1hcmlhbWVyY2Fkb0BleGFtcGxlLm9yZyIsInBhc3N3b3JkIjoiaEgrKDMyRGgjOCIsImlhdCI6MTc0OTQ5MjA5OCwiZXhwIjoxNzQ5NDkyNjk4fQ.k0K689IJ39Whhs4i5ktpZmMjt-LB1...</msg>
<var>${auth_token}</var>
<arg>${response.json()["authorization"]}</arg>
<doc>Returns the given values which can then be assigned to a variables.</doc>
<status status="PASS" start="2025-06-09T15:01:38.478198" elapsed="0.000657"/>
</kw>
<kw name="Set Global Variable" owner="BuiltIn">
<msg time="2025-06-09T15:01:38.479184" level="INFO">${auth_token} = Bearer eyJhbGciOiJIUzI1NiIsInR5cCI6IkpXVCJ9.eyJlbWFpbCI6Im1hcmlhbWVyY2Fkb0BleGFtcGxlLm9yZyIsInBhc3N3b3JkIjoiaEgrKDMyRGgjOCIsImlhdCI6MTc0OTQ5MjA5OCwiZXhwIjoxNzQ5NDkyNjk4fQ.k0K689IJ39Whhs4i5ktpZmMjt-LB1...</msg>
<arg>${auth_token}</arg>
<doc>Makes a variable available globally in all tests and suites.</doc>
<status status="PASS" start="2025-06-09T15:01:38.479000" elapsed="0.000267"/>
</kw>
<kw name="Iniciar sessão" owner="base">
<kw name="Run Keyword If" owner="BuiltIn">
<kw name="Set To Dictionary" owner="Collections">
<arg>${headers}</arg>
<arg>Authorization=${auth_token}</arg>
<doc>Adds the given ``key_value_pairs`` and/or ``items`` to the ``dictionary``.</doc>
<status status="PASS" start="2025-06-09T15:01:38.480001" elapsed="0.000178"/>
</kw>
<arg>'${auth_token}' != '${EMPTY}'</arg>
<arg>Set To Dictionary</arg>
<arg>${headers}</arg>
<arg>Authorization=${auth_token}</arg>
<doc>Runs the given keyword with the given arguments, if ``condition`` is true.</doc>
<status status="PASS" start="2025-06-09T15:01:38.479598" elapsed="0.000663"/>
</kw>
<kw name="Create Session" owner="RequestsLibrary">
<msg time="2025-06-09T15:01:38.480587" level="INFO">Creating Session using : alias=ServeRest, url=https://compassuol.serverest.dev, headers={'accept': 'application/json', 'Content-Type': 'application/json', 'Authorization': 'Bearer eyJhbGciOiJIUzI1NiIsInR5cCI6IkpXVCJ9.eyJlbWFpbCI6Im1hcmlhbWVyY2Fkb0BleGFtcGxlLm9yZyIsInBhc3N3b3JkIjoiaEgrKDMyRGgjOCIsImlhdCI6MTc0OTQ5MjA5OCwiZXhwIjoxNzQ5NDkyNjk4fQ.k0K689IJ39Whhs4i5ktpZmMjt-LB18Jy-_Sr-FKdnB8'},                     cookies={}, auth=None, timeout=None, proxies=None, verify=False,                     debug=0 </msg>
<arg>alias=${alias_base}</arg>
<arg>url=${url_base}</arg>
<arg>headers=${headers}</arg>
<doc>Create Session: create a HTTP session to a server</doc>
<status status="PASS" start="2025-06-09T15:01:38.480375" elapsed="0.000397"/>
</kw>
<status status="PASS" start="2025-06-09T15:01:38.479416" elapsed="0.001440"/>
</kw>
<status status="PASS" start="2025-06-09T15:01:29.985380" elapsed="8.495544"/>
</kw>
<status status="PASS" start="2025-06-09T15:01:29.981476" elapsed="8.499514"/>
</kw>
<test id="s1-s1-t1" name="US004-CT03: Tentar cadastrar um carrinho sem token" line="10">
<kw name="Payload cadastrar produto com campos válidos" owner="common">
<kw name="Name" owner="FakerLibrary">
<msg time="2025-06-09T15:01:38.482068" level="INFO">${nome} = Pamela Grant MD</msg>
<var>${nome}</var>
<doc>:example: 'John Doe'</doc>
<status status="PASS" start="2025-06-09T15:01:38.481732" elapsed="0.000411"/>
</kw>
<kw name="Random Number" owner="FakerLibrary">
<msg time="2025-06-09T15:01:38.482395" level="INFO">${preco} = 7226345</msg>
<var>${preco}</var>
<doc>Generate a random integer according to the following rules:</doc>
<status status="PASS" start="2025-06-09T15:01:38.482254" elapsed="0.000211"/>
</kw>
<kw name="Paragraph" owner="FakerLibrary">
<msg time="2025-06-09T15:01:38.482765" level="INFO">${descricao} = Effect maintain science program east. Health citizen understand thus respond two. Final check next condition.</msg>
<var>${descricao}</var>
<doc>Generate a paragraph.</doc>
<status status="PASS" start="2025-06-09T15:01:38.482568" elapsed="0.000268"/>
</kw>
<kw name="Random Number" owner="FakerLibrary">
<msg time="2025-06-09T15:01:38.483061" level="INFO">${quantidade} = 6</msg>
<var>${quantidade}</var>
<doc>Generate a random integer according to the following rules:</doc>
<status status="PASS" start="2025-06-09T15:01:38.482935" elapsed="0.000188"/>
</kw>
<kw name="Create Dictionary" owner="BuiltIn">
<msg time="2025-06-09T15:01:38.483527" level="INFO">${produto_dados_validos} = {'nome': 'Pamela Grant MD', 'preco': 7226345, 'descricao': 'Effect maintain science program east. Health citizen understand thus respond two. Final check next condition.', 'quantidade': 6}</msg>
<var>${produto_dados_validos}</var>
<arg>nome=${nome}</arg>
<arg>preco=${preco}</arg>
<arg>descricao=${descricao}</arg>
<arg>quantidade=${quantidade}</arg>
<doc>Creates and returns a dictionary based on the given ``items``.</doc>
<status status="PASS" start="2025-06-09T15:01:38.483231" elapsed="0.000365"/>
</kw>
<kw name="Set Global Variable" owner="BuiltIn">
<msg time="2025-06-09T15:01:38.484065" level="INFO">${produto_dados_validos} = {'nome': 'Pamela Grant MD', 'preco': 7226345, 'descricao': 'Effect maintain science program east. Health citizen understand thus respond two. Final check next condition.', 'quantidade': 6}</msg>
<arg>${produto_dados_validos}</arg>
<doc>Makes a variable available globally in all tests and suites.</doc>
<status status="PASS" start="2025-06-09T15:01:38.483816" elapsed="0.000340"/>
</kw>
<status status="PASS" start="2025-06-09T15:01:38.481518" elapsed="0.002720"/>
</kw>
<kw name="POST endpoint /produtos com dados validos" owner="produtos_keywords">
<kw name="POST On Session" owner="RequestsLibrary">
<msg time="2025-06-09T15:01:38.866818" level="INFO">POST Request : url=https://compassuol.serverest.dev/produtos 
 path_url=/produtos 
 headers={'User-Agent': 'python-requests/2.32.3', 'Accept-Encoding': 'gzip, deflate', 'accept': 'application/json', 'Connection': 'keep-alive', 'Content-Type': 'application/json', 'Authorization': 'Bearer eyJhbGciOiJIUzI1NiIsInR5cCI6IkpXVCJ9.eyJlbWFpbCI6Im1hcmlhbWVyY2Fkb0BleGFtcGxlLm9yZyIsInBhc3N3b3JkIjoiaEgrKDMyRGgjOCIsImlhdCI6MTc0OTQ5MjA5OCwiZXhwIjoxNzQ5NDkyNjk4fQ.k0K689IJ39Whhs4i5ktpZmMjt-LB18Jy-_Sr-FKdnB8', 'Content-Length': '188'} 
 body=b'{"nome": "Pamela Grant MD", "preco": 7226345, "descricao": "Effect maintain science program east. Health citizen understand thus respond two. Final check next condition.", "quantidade": 6}' 
 </msg>
<msg time="2025-06-09T15:01:38.867410" level="INFO">POST Response : url=https://compassuol.serverest.dev/produtos 
 status=201, reason=Created 
 headers={'access-control-allow-origin': '*', 'x-dns-prefetch-control': 'off', 'x-frame-options': 'SAMEORIGIN', 'strict-transport-security': 'max-age=15552000; includeSubDomains', 'x-download-options': 'noopen', 'x-content-type-options': 'nosniff', 'x-xss-protection': '1; mode=block', 'content-type': 'application/json; charset=utf-8', 'x-cloud-trace-context': 'aed34ac85494104a95d709a5fbecbc1b', 'date': 'Mon, 09 Jun 2025 18:01:39 GMT', 'server': 'Google Frontend', 'Content-Length': '82'} 
 body={
    "message": "Cadastro realizado com sucesso",
    "_id": "71rIhoGzTbUOGIrz"
} 
 </msg>
<msg time="2025-06-09T15:01:38.867574" level="INFO">C:\Users\raiqu\AppData\Local\Programs\Python\Python313\Lib\site-packages\urllib3\connectionpool.py:1097: InsecureRequestWarning: Unverified HTTPS request is being made to host 'compassuol.serverest.dev'. Adding certificate verification is strongly advised. See: https://urllib3.readthedocs.io/en/latest/advanced-usage.html#tls-warnings
  warnings.warn(</msg>
<msg time="2025-06-09T15:01:38.868010" level="INFO">${response} = &lt;Response [201]&gt;</msg>
<var>${response}</var>
<arg>alias=${alias_base}</arg>
<arg>url=/produtos</arg>
<arg>json=&amp;{payload}</arg>
<arg>headers=${headers}</arg>
<doc>Sends a POST request on a previously created HTTP Session.</doc>
<status status="PASS" start="2025-06-09T15:01:38.484904" elapsed="0.383228"/>
</kw>
<kw name="Log" owner="BuiltIn">
<msg time="2025-06-09T15:01:38.868786" level="INFO">Response: {'message': 'Cadastro realizado com sucesso', '_id': '71rIhoGzTbUOGIrz'}</msg>
<arg>Response: ${response.json()}</arg>
<doc>Logs the given message with the given level.</doc>
<status status="PASS" start="2025-06-09T15:01:38.868357" elapsed="0.000530"/>
</kw>
<kw name="Set Test Variable" owner="BuiltIn">
<msg time="2025-06-09T15:01:38.869215" level="INFO">${response} = &lt;Response [201]&gt;</msg>
<arg>${response}</arg>
<doc>Makes a variable available everywhere within the scope of the current test.</doc>
<status status="PASS" start="2025-06-09T15:01:38.869040" elapsed="0.000255"/>
</kw>
<kw name="Get From Dictionary" owner="Collections">
<msg time="2025-06-09T15:01:38.869805" level="INFO">${id_produto} = 71rIhoGzTbUOGIrz</msg>
<var>${id_produto}</var>
<arg>${response.json()}</arg>
<arg>_id</arg>
<doc>Returns a value from the given ``dictionary`` based on the given ``key``.</doc>
<status status="PASS" start="2025-06-09T15:01:38.869418" elapsed="0.000463"/>
</kw>
<kw name="Set Global Variable" owner="BuiltIn">
<msg time="2025-06-09T15:01:38.870175" level="INFO">${id_produto} = 71rIhoGzTbUOGIrz</msg>
<arg>${id_produto}</arg>
<doc>Makes a variable available globally in all tests and suites.</doc>
<status status="PASS" start="2025-06-09T15:01:38.870011" elapsed="0.000239"/>
</kw>
<status status="PASS" start="2025-06-09T15:01:38.484627" elapsed="0.385703"/>
</kw>
<kw name="POST endpoint /carrinhos sem token" owner="carrinhos_keywords">
<kw name="Get From Dictionary" owner="Collections">
<msg time="2025-06-09T15:01:38.871292" level="INFO">${id_produto} = 71rIhoGzTbUOGIrz</msg>
<var>${id_produto}</var>
<arg>${response.json()}</arg>
<arg>_id</arg>
<doc>Returns a value from the given ``dictionary`` based on the given ``key``.</doc>
<status status="PASS" start="2025-06-09T15:01:38.870921" elapsed="0.000760"/>
</kw>
<kw name="Get From Dictionary" owner="Collections">
<msg time="2025-06-09T15:01:38.872179" level="INFO">${quantidade} = 6</msg>
<var>${quantidade}</var>
<arg>${produto_dados_validos}</arg>
<arg>quantidade</arg>
<doc>Returns a value from the given ``dictionary`` based on the given ``key``.</doc>
<status status="PASS" start="2025-06-09T15:01:38.871915" elapsed="0.000374"/>
</kw>
<kw name="Create Dictionary" owner="BuiltIn">
<msg time="2025-06-09T15:01:38.872931" level="INFO">${produto} = {'idProduto': '71rIhoGzTbUOGIrz', 'quantidade': 6}</msg>
<var>${produto}</var>
<arg>idProduto=${id_produto}</arg>
<arg>quantidade=${quantidade}</arg>
<doc>Creates and returns a dictionary based on the given ``items``.</doc>
<status status="PASS" start="2025-06-09T15:01:38.872530" elapsed="0.000513"/>
</kw>
<kw name="Create List" owner="BuiltIn">
<msg time="2025-06-09T15:01:38.873407" level="INFO">@{produtos_lista} = [ {'idProduto': '71rIhoGzTbUOGIrz', 'quantidade': 6} ]</msg>
<var>@{produtos_lista}</var>
<arg>${produto}</arg>
<doc>Returns a list containing given items.</doc>
<status status="PASS" start="2025-06-09T15:01:38.873191" elapsed="0.000303"/>
</kw>
<kw name="Create Dictionary" owner="BuiltIn">
<msg time="2025-06-09T15:01:38.873830" level="INFO">&amp;{payload} = { produtos=[{'idProduto': '71rIhoGzTbUOGIrz', 'quantidade': 6}] }</msg>
<var>&amp;{payload}</var>
<arg>produtos=${produtos_lista}</arg>
<doc>Creates and returns a dictionary based on the given ``items``.</doc>
<status status="PASS" start="2025-06-09T15:01:38.873621" elapsed="0.000278"/>
</kw>
<kw name="POST On Session" owner="RequestsLibrary">
<msg time="2025-06-09T15:01:39.045755" level="INFO">POST Request : url=https://compassuol.serverest.dev/carrinhos 
 path_url=/carrinhos 
 headers={'Content-Length': '66', 'Content-Type': 'application/json'} 
 body=b'{"produtos": [{"idProduto": "71rIhoGzTbUOGIrz", "quantidade": 6}]}' 
 </msg>
<msg time="2025-06-09T15:01:39.046012" level="INFO">POST Response : url=https://compassuol.serverest.dev/carrinhos 
 status=401, reason=Unauthorized 
 headers={'access-control-allow-origin': '*', 'x-dns-prefetch-control': 'off', 'x-frame-options': 'SAMEORIGIN', 'strict-transport-security': 'max-age=15552000; includeSubDomains', 'x-download-options': 'noopen', 'x-content-type-options': 'nosniff', 'x-xss-protection': '1; mode=block', 'content-type': 'application/json; charset=utf-8', 'x-cloud-trace-context': '5abdabe11017345695d709a5fbecb493', 'date': 'Mon, 09 Jun 2025 18:01:39 GMT', 'server': 'Google Frontend', 'Content-Length': '103'} 
 body={
    "message": "Token de acesso ausente, inválido, expirado ou usuário do token não existe mais"
} 
 </msg>
<msg time="2025-06-09T15:01:39.046150" level="INFO">C:\Users\raiqu\AppData\Local\Programs\Python\Python313\Lib\site-packages\urllib3\connectionpool.py:1097: InsecureRequestWarning: Unverified HTTPS request is being made to host 'compassuol.serverest.dev'. Adding certificate verification is strongly advised. See: https://urllib3.readthedocs.io/en/latest/advanced-usage.html#tls-warnings
  warnings.warn(</msg>
<msg time="2025-06-09T15:01:39.046774" level="INFO">${response} = &lt;Response [401]&gt;</msg>
<var>${response}</var>
<arg>alias=${alias_base}</arg>
<arg>url=/carrinhos</arg>
<arg>json=&amp;{payload}</arg>
<arg>headers=${EMPTY}</arg>
<arg>expected_status=${status_code_desejado}</arg>
<doc>Sends a POST request on a previously created HTTP Session.</doc>
<status status="PASS" start="2025-06-09T15:01:38.874024" elapsed="0.172904"/>
</kw>
<kw name="Log" owner="BuiltIn">
<msg time="2025-06-09T15:01:39.047924" level="INFO">Response: {'message': 'Token de acesso ausente, inválido, expirado ou usuário do token não existe mais'}</msg>
<arg>Response: ${response.json()}</arg>
<doc>Logs the given message with the given level.</doc>
<status status="PASS" start="2025-06-09T15:01:39.047173" elapsed="0.000867"/>
</kw>
<kw name="Set Test Variable" owner="BuiltIn">
<msg time="2025-06-09T15:01:39.048578" level="INFO">${response} = &lt;Response [401]&gt;</msg>
<arg>${response}</arg>
<doc>Makes a variable available everywhere within the scope of the current test.</doc>
<status status="PASS" start="2025-06-09T15:01:39.048298" elapsed="0.000419"/>
</kw>
<status status="PASS" start="2025-06-09T15:01:38.870667" elapsed="0.178195"/>
</kw>
<kw name="Validar se a mensagem informa correto sobre o token" owner="carrinhos_keywords">
<kw name="Should Be Equal" owner="BuiltIn">
<arg>${response.json()["message"]}</arg>
<arg>Token de acesso ausente, inválido, expirado ou usuário do token não existe mais</arg>
<doc>Fails if the given objects are unequal.</doc>
<status status="PASS" start="2025-06-09T15:01:39.049523" elapsed="0.000383"/>
</kw>
<kw name="Log" owner="BuiltIn">
<msg time="2025-06-09T15:01:39.050391" level="INFO">message: Token de acesso ausente, inválido, expirado ou usuário do token não existe mais</msg>
<arg>message: ${response.json()["message"]}</arg>
<doc>Logs the given message with the given level.</doc>
<status status="PASS" start="2025-06-09T15:01:39.050049" elapsed="0.000443"/>
</kw>
<doc>Verifica se retorna mensagem informando corretamente sobre token</doc>
<status status="PASS" start="2025-06-09T15:01:39.049248" elapsed="0.001329"/>
</kw>
<kw name="Validar Status Code &quot;401&quot;" owner="common" source_name="Validar Status Code &quot;${statuscode}&quot;">
<kw name="Should Be True" owner="BuiltIn">
<arg>${response.status_code} == ${statuscode}</arg>
<doc>Fails if the given condition is not true.</doc>
<status status="PASS" start="2025-06-09T15:01:39.051094" elapsed="0.000562"/>
</kw>
<kw name="Log" owner="BuiltIn">
<msg time="2025-06-09T15:01:39.051913" level="INFO">Status Code: 401</msg>
<arg>Status Code: ${statuscode}</arg>
<doc>Logs the given message with the given level.</doc>
<status status="PASS" start="2025-06-09T15:01:39.051782" elapsed="0.000220"/>
</kw>
<status status="PASS" start="2025-06-09T15:01:39.050847" elapsed="0.001235"/>
</kw>
<tag>Cadastrar carrinho sem token</tag>
<status status="PASS" start="2025-06-09T15:01:38.481072" elapsed="0.571247"/>
</test>
<test id="s1-s1-t2" name="US004-CT05: Tentar concluir compra sem carrinho ativo" line="17">
<kw name="DEL endpoint /carrinhos/concluir-compra" owner="carrinhos_keywords">
<kw name="DELETE On Session" owner="RequestsLibrary">
<msg time="2025-06-09T15:01:39.230666" level="INFO">DELETE Request : url=https://compassuol.serverest.dev/carrinhos/concluir-compra 
 path_url=/carrinhos/concluir-compra 
 headers={'User-Agent': 'python-requests/2.32.3', 'Accept-Encoding': 'gzip, deflate', 'accept': 'application/json', 'Connection': 'keep-alive', 'Content-Type': 'application/json', 'Authorization': 'Bearer eyJhbGciOiJIUzI1NiIsInR5cCI6IkpXVCJ9.eyJlbWFpbCI6Im1hcmlhbWVyY2Fkb0BleGFtcGxlLm9yZyIsInBhc3N3b3JkIjoiaEgrKDMyRGgjOCIsImlhdCI6MTc0OTQ5MjA5OCwiZXhwIjoxNzQ5NDkyNjk4fQ.k0K689IJ39Whhs4i5ktpZmMjt-LB18Jy-_Sr-FKdnB8', 'Content-Length': '0'} 
 body=None 
 </msg>
<msg time="2025-06-09T15:01:39.230901" level="INFO">DELETE Response : url=https://compassuol.serverest.dev/carrinhos/concluir-compra 
 status=200, reason=OK 
 headers={'access-control-allow-origin': '*', 'x-dns-prefetch-control': 'off', 'x-frame-options': 'SAMEORIGIN', 'strict-transport-security': 'max-age=15552000; includeSubDomains', 'x-download-options': 'noopen', 'x-content-type-options': 'nosniff', 'x-xss-protection': '1; mode=block', 'content-type': 'application/json; charset=utf-8', 'x-cloud-trace-context': '215ae806011ba60c95d709a5fbecbb01', 'date': 'Mon, 09 Jun 2025 18:01:39 GMT', 'server': 'Google Frontend', 'Content-Length': '68'} 
 body={
    "message": "Não foi encontrado carrinho para esse usuário"
} 
 </msg>
<msg time="2025-06-09T15:01:39.231021" level="INFO">C:\Users\raiqu\AppData\Local\Programs\Python\Python313\Lib\site-packages\urllib3\connectionpool.py:1097: InsecureRequestWarning: Unverified HTTPS request is being made to host 'compassuol.serverest.dev'. Adding certificate verification is strongly advised. See: https://urllib3.readthedocs.io/en/latest/advanced-usage.html#tls-warnings
  warnings.warn(</msg>
<msg time="2025-06-09T15:01:39.231458" level="INFO">${response} = &lt;Response [200]&gt;</msg>
<var>${response}</var>
<arg>alias=${alias_base}</arg>
<arg>url=/carrinhos/concluir-compra</arg>
<arg>headers=${headers}</arg>
<doc>Sends a DELETE request on a previously created HTTP Session.</doc>
<status status="PASS" start="2025-06-09T15:01:39.053976" elapsed="0.177584"/>
</kw>
<kw name="Log" owner="BuiltIn">
<msg time="2025-06-09T15:01:39.232197" level="INFO">Response: {'message': 'Não foi encontrado carrinho para esse usuário'}</msg>
<arg>Response: ${response.json()}</arg>
<doc>Logs the given message with the given level.</doc>
<status status="PASS" start="2025-06-09T15:01:39.231769" elapsed="0.000525"/>
</kw>
<kw name="Set Test Variable" owner="BuiltIn">
<msg time="2025-06-09T15:01:39.232626" level="INFO">${response} = &lt;Response [200]&gt;</msg>
<arg>${response}</arg>
<doc>Makes a variable available everywhere within the scope of the current test.</doc>
<status status="PASS" start="2025-06-09T15:01:39.232451" elapsed="0.000255"/>
</kw>
<status status="PASS" start="2025-06-09T15:01:39.053654" elapsed="0.179152"/>
</kw>
<kw name="Validar se a mensagem retornada está correta" owner="carrinhos_keywords">
<kw name="Should Be Equal" owner="BuiltIn">
<arg>${response.json()["message"]}</arg>
<arg>Não foi encontrado carrinho para esse usuário</arg>
<doc>Fails if the given objects are unequal.</doc>
<status status="PASS" start="2025-06-09T15:01:39.233423" elapsed="0.000417"/>
</kw>
<kw name="Log" owner="BuiltIn">
<msg time="2025-06-09T15:01:39.234289" level="INFO">message: Não foi encontrado carrinho para esse usuário</msg>
<arg>message: ${response.json()["message"]}</arg>
<doc>Logs the given message with the given level.</doc>
<status status="PASS" start="2025-06-09T15:01:39.233981" elapsed="0.000403"/>
</kw>
<doc>Verifica se retorna mensagem adequada</doc>
<status status="PASS" start="2025-06-09T15:01:39.233137" elapsed="0.001329"/>
</kw>
<kw name="Validar Status Code &quot;200&quot;" owner="common" source_name="Validar Status Code &quot;${statuscode}&quot;">
<kw name="Should Be True" owner="BuiltIn">
<arg>${response.status_code} == ${statuscode}</arg>
<doc>Fails if the given condition is not true.</doc>
<status status="PASS" start="2025-06-09T15:01:39.235012" elapsed="0.000756"/>
</kw>
<kw name="Log" owner="BuiltIn">
<msg time="2025-06-09T15:01:39.236206" level="INFO">Status Code: 200</msg>
<arg>Status Code: ${statuscode}</arg>
<doc>Logs the given message with the given level.</doc>
<status status="PASS" start="2025-06-09T15:01:39.235994" elapsed="0.000321"/>
</kw>
<status status="PASS" start="2025-06-09T15:01:39.234740" elapsed="0.001669"/>
</kw>
<tag>Concluir compra sem carrinho</tag>
<status status="PASS" start="2025-06-09T15:01:39.053104" elapsed="0.183563"/>
</test>
<test id="s1-s1-t3" name="US004-CT06: Tentar cancelar compra sem token ou com token inválido" line="22">
<kw name="Payload cadastrar produto com campos válidos" owner="common">
<kw name="Name" owner="FakerLibrary">
<msg time="2025-06-09T15:01:39.238838" level="INFO">${nome} = Kathryn Williamson</msg>
<var>${nome}</var>
<doc>:example: 'John Doe'</doc>
<status status="PASS" start="2025-06-09T15:01:39.238300" elapsed="0.000662"/>
</kw>
<kw name="Random Number" owner="FakerLibrary">
<msg time="2025-06-09T15:01:39.239373" level="INFO">${preco} = 250</msg>
<var>${preco}</var>
<doc>Generate a random integer according to the following rules:</doc>
<status status="PASS" start="2025-06-09T15:01:39.239149" elapsed="0.000338"/>
</kw>
<kw name="Paragraph" owner="FakerLibrary">
<msg time="2025-06-09T15:01:39.239946" level="INFO">${descricao} = Condition necessary gun general similar shoulder reduce. Model traditional no teach poor memory thus.</msg>
<var>${descricao}</var>
<doc>Generate a paragraph.</doc>
<status status="PASS" start="2025-06-09T15:01:39.239661" elapsed="0.000408"/>
</kw>
<kw name="Random Number" owner="FakerLibrary">
<msg time="2025-06-09T15:01:39.240456" level="INFO">${quantidade} = 4471584</msg>
<var>${quantidade}</var>
<doc>Generate a random integer according to the following rules:</doc>
<status status="PASS" start="2025-06-09T15:01:39.240248" elapsed="0.000319"/>
</kw>
<kw name="Create Dictionary" owner="BuiltIn">
<msg time="2025-06-09T15:01:39.241214" level="INFO">${produto_dados_validos} = {'nome': 'Kathryn Williamson', 'preco': 250, 'descricao': 'Condition necessary gun general similar shoulder reduce. Model traditional no teach poor memory thus.', 'quantidade': 4471584}</msg>
<var>${produto_dados_validos}</var>
<arg>nome=${nome}</arg>
<arg>preco=${preco}</arg>
<arg>descricao=${descricao}</arg>
<arg>quantidade=${quantidade}</arg>
<doc>Creates and returns a dictionary based on the given ``items``.</doc>
<status status="PASS" start="2025-06-09T15:01:39.240766" elapsed="0.000552"/>
</kw>
<kw name="Set Global Variable" owner="BuiltIn">
<msg time="2025-06-09T15:01:39.241789" level="INFO">${produto_dados_validos} = {'nome': 'Kathryn Williamson', 'preco': 250, 'descricao': 'Condition necessary gun general similar shoulder reduce. Model traditional no teach poor memory thus.', 'quantidade': 4471584}</msg>
<arg>${produto_dados_validos}</arg>
<doc>Makes a variable available globally in all tests and suites.</doc>
<status status="PASS" start="2025-06-09T15:01:39.241534" elapsed="0.000366"/>
</kw>
<status status="PASS" start="2025-06-09T15:01:39.238051" elapsed="0.003945"/>
</kw>
<kw name="POST endpoint /produtos com dados validos" owner="produtos_keywords">
<kw name="POST On Session" owner="RequestsLibrary">
<msg time="2025-06-09T15:01:39.411896" level="INFO">POST Request : url=https://compassuol.serverest.dev/produtos 
 path_url=/produtos 
 headers={'User-Agent': 'python-requests/2.32.3', 'Accept-Encoding': 'gzip, deflate', 'accept': 'application/json', 'Connection': 'keep-alive', 'Content-Type': 'application/json', 'Authorization': 'Bearer eyJhbGciOiJIUzI1NiIsInR5cCI6IkpXVCJ9.eyJlbWFpbCI6Im1hcmlhbWVyY2Fkb0BleGFtcGxlLm9yZyIsInBhc3N3b3JkIjoiaEgrKDMyRGgjOCIsImlhdCI6MTc0OTQ5MjA5OCwiZXhwIjoxNzQ5NDkyNjk4fQ.k0K689IJ39Whhs4i5ktpZmMjt-LB18Jy-_Sr-FKdnB8', 'Content-Length': '185'} 
 body=b'{"nome": "Kathryn Williamson", "preco": 250, "descricao": "Condition necessary gun general similar shoulder reduce. Model traditional no teach poor memory thus.", "quantidade": 4471584}' 
 </msg>
<msg time="2025-06-09T15:01:39.412150" level="INFO">POST Response : url=https://compassuol.serverest.dev/produtos 
 status=201, reason=Created 
 headers={'access-control-allow-origin': '*', 'x-dns-prefetch-control': 'off', 'x-frame-options': 'SAMEORIGIN', 'strict-transport-security': 'max-age=15552000; includeSubDomains', 'x-download-options': 'noopen', 'x-content-type-options': 'nosniff', 'x-xss-protection': '1; mode=block', 'content-type': 'application/json; charset=utf-8', 'x-cloud-trace-context': '3fd448f3822b02c995d709a5fbecbc7e', 'date': 'Mon, 09 Jun 2025 18:01:39 GMT', 'server': 'Google Frontend', 'Content-Length': '82'} 
 body={
    "message": "Cadastro realizado com sucesso",
    "_id": "ECMbP1gtOvq80Fvm"
} 
 </msg>
<msg time="2025-06-09T15:01:39.412287" level="INFO">C:\Users\raiqu\AppData\Local\Programs\Python\Python313\Lib\site-packages\urllib3\connectionpool.py:1097: InsecureRequestWarning: Unverified HTTPS request is being made to host 'compassuol.serverest.dev'. Adding certificate verification is strongly advised. See: https://urllib3.readthedocs.io/en/latest/advanced-usage.html#tls-warnings
  warnings.warn(</msg>
<msg time="2025-06-09T15:01:39.412673" level="INFO">${response} = &lt;Response [201]&gt;</msg>
<var>${response}</var>
<arg>alias=${alias_base}</arg>
<arg>url=/produtos</arg>
<arg>json=&amp;{payload}</arg>
<arg>headers=${headers}</arg>
<doc>Sends a POST request on a previously created HTTP Session.</doc>
<status status="PASS" start="2025-06-09T15:01:39.242595" elapsed="0.170168"/>
</kw>
<kw name="Log" owner="BuiltIn">
<msg time="2025-06-09T15:01:39.413425" level="INFO">Response: {'message': 'Cadastro realizado com sucesso', '_id': 'ECMbP1gtOvq80Fvm'}</msg>
<arg>Response: ${response.json()}</arg>
<doc>Logs the given message with the given level.</doc>
<status status="PASS" start="2025-06-09T15:01:39.412978" elapsed="0.000547"/>
</kw>
<kw name="Set Test Variable" owner="BuiltIn">
<msg time="2025-06-09T15:01:39.413866" level="INFO">${response} = &lt;Response [201]&gt;</msg>
<arg>${response}</arg>
<doc>Makes a variable available everywhere within the scope of the current test.</doc>
<status status="PASS" start="2025-06-09T15:01:39.413689" elapsed="0.000258"/>
</kw>
<kw name="Get From Dictionary" owner="Collections">
<msg time="2025-06-09T15:01:39.414551" level="INFO">${id_produto} = ECMbP1gtOvq80Fvm</msg>
<var>${id_produto}</var>
<arg>${response.json()}</arg>
<arg>_id</arg>
<doc>Returns a value from the given ``dictionary`` based on the given ``key``.</doc>
<status status="PASS" start="2025-06-09T15:01:39.414117" elapsed="0.000514"/>
</kw>
<kw name="Set Global Variable" owner="BuiltIn">
<msg time="2025-06-09T15:01:39.414946" level="INFO">${id_produto} = ECMbP1gtOvq80Fvm</msg>
<arg>${id_produto}</arg>
<doc>Makes a variable available globally in all tests and suites.</doc>
<status status="PASS" start="2025-06-09T15:01:39.414769" elapsed="0.000271"/>
</kw>
<status status="PASS" start="2025-06-09T15:01:39.242341" elapsed="0.172785"/>
</kw>
<kw name="POST endpoint /carrinhos com dados válidos" owner="carrinhos_keywords">
<kw name="Get From Dictionary" owner="Collections">
<msg time="2025-06-09T15:01:39.416121" level="INFO">${id_produto} = ECMbP1gtOvq80Fvm</msg>
<var>${id_produto}</var>
<arg>${response.json()}</arg>
<arg>_id</arg>
<doc>Returns a value from the given ``dictionary`` based on the given ``key``.</doc>
<status status="PASS" start="2025-06-09T15:01:39.415698" elapsed="0.000542"/>
</kw>
<kw name="Get From Dictionary" owner="Collections">
<msg time="2025-06-09T15:01:39.416636" level="INFO">${quantidade} = 4471584</msg>
<var>${quantidade}</var>
<arg>${produto_dados_validos}</arg>
<arg>quantidade</arg>
<doc>Returns a value from the given ``dictionary`` based on the given ``key``.</doc>
<status status="PASS" start="2025-06-09T15:01:39.416444" elapsed="0.000261"/>
</kw>
<kw name="Create Dictionary" owner="BuiltIn">
<msg time="2025-06-09T15:01:39.417246" level="INFO">&amp;{produto} = { idProduto=ECMbP1gtOvq80Fvm | quantidade=4471584 }</msg>
<var>&amp;{produto}</var>
<arg>idProduto=${id_produto}</arg>
<arg>quantidade=${quantidade}</arg>
<doc>Creates and returns a dictionary based on the given ``items``.</doc>
<status status="PASS" start="2025-06-09T15:01:39.416832" elapsed="0.000517"/>
</kw>
<kw name="Create List" owner="BuiltIn">
<msg time="2025-06-09T15:01:39.417704" level="INFO">@{produtos_lista} = [ {'idProduto': 'ECMbP1gtOvq80Fvm', 'quantidade': 4471584} ]</msg>
<var>@{produtos_lista}</var>
<arg>${produto}</arg>
<doc>Returns a list containing given items.</doc>
<status status="PASS" start="2025-06-09T15:01:39.417520" elapsed="0.000257"/>
</kw>
<kw name="Create Dictionary" owner="BuiltIn">
<msg time="2025-06-09T15:01:39.418734" level="INFO">&amp;{payload} = { produtos=[{'idProduto': 'ECMbP1gtOvq80Fvm', 'quantidade': 4471584}] }</msg>
<var>&amp;{payload}</var>
<arg>produtos=${produtos_lista}</arg>
<doc>Creates and returns a dictionary based on the given ``items``.</doc>
<status status="PASS" start="2025-06-09T15:01:39.417922" elapsed="0.000949"/>
</kw>
<kw name="POST On Session" owner="RequestsLibrary">
<msg time="2025-06-09T15:01:39.595573" level="INFO">POST Request : url=https://compassuol.serverest.dev/carrinhos 
 path_url=/carrinhos 
 headers={'User-Agent': 'python-requests/2.32.3', 'Accept-Encoding': 'gzip, deflate', 'accept': 'application/json', 'Connection': 'keep-alive', 'Content-Type': 'application/json', 'Authorization': 'Bearer eyJhbGciOiJIUzI1NiIsInR5cCI6IkpXVCJ9.eyJlbWFpbCI6Im1hcmlhbWVyY2Fkb0BleGFtcGxlLm9yZyIsInBhc3N3b3JkIjoiaEgrKDMyRGgjOCIsImlhdCI6MTc0OTQ5MjA5OCwiZXhwIjoxNzQ5NDkyNjk4fQ.k0K689IJ39Whhs4i5ktpZmMjt-LB18Jy-_Sr-FKdnB8', 'Content-Length': '72'} 
 body=b'{"produtos": [{"idProduto": "ECMbP1gtOvq80Fvm", "quantidade": 4471584}]}' 
 </msg>
<msg time="2025-06-09T15:01:39.595815" level="INFO">POST Response : url=https://compassuol.serverest.dev/carrinhos 
 status=201, reason=Created 
 headers={'access-control-allow-origin': '*', 'x-dns-prefetch-control': 'off', 'x-frame-options': 'SAMEORIGIN', 'strict-transport-security': 'max-age=15552000; includeSubDomains', 'x-download-options': 'noopen', 'x-content-type-options': 'nosniff', 'x-xss-protection': '1; mode=block', 'content-type': 'application/json; charset=utf-8', 'x-cloud-trace-context': 'f84f6d5440e3b8db95d709a5fbecb652', 'date': 'Mon, 09 Jun 2025 18:01:39 GMT', 'server': 'Google Frontend', 'Content-Length': '82'} 
 body={
    "message": "Cadastro realizado com sucesso",
    "_id": "hLyHYTGaLyIuj98K"
} 
 </msg>
<msg time="2025-06-09T15:01:39.595950" level="INFO">C:\Users\raiqu\AppData\Local\Programs\Python\Python313\Lib\site-packages\urllib3\connectionpool.py:1097: InsecureRequestWarning: Unverified HTTPS request is being made to host 'compassuol.serverest.dev'. Adding certificate verification is strongly advised. See: https://urllib3.readthedocs.io/en/latest/advanced-usage.html#tls-warnings
  warnings.warn(</msg>
<msg time="2025-06-09T15:01:39.596404" level="INFO">${response} = &lt;Response [201]&gt;</msg>
<var>${response}</var>
<arg>alias=${alias_base}</arg>
<arg>url=/carrinhos</arg>
<arg>json=&amp;{payload}</arg>
<arg>headers=${headers}</arg>
<doc>Sends a POST request on a previously created HTTP Session.</doc>
<status status="PASS" start="2025-06-09T15:01:39.418999" elapsed="0.177510"/>
</kw>
<kw name="Log" owner="BuiltIn">
<msg time="2025-06-09T15:01:39.597267" level="INFO">Response: {'message': 'Cadastro realizado com sucesso', '_id': 'hLyHYTGaLyIuj98K'}</msg>
<arg>Response: ${response.json()}</arg>
<doc>Logs the given message with the given level.</doc>
<status status="PASS" start="2025-06-09T15:01:39.596748" elapsed="0.000622"/>
</kw>
<kw name="Set Test Variable" owner="BuiltIn">
<msg time="2025-06-09T15:01:39.597722" level="INFO">${response} = &lt;Response [201]&gt;</msg>
<arg>${response}</arg>
<doc>Makes a variable available everywhere within the scope of the current test.</doc>
<status status="PASS" start="2025-06-09T15:01:39.597529" elapsed="0.000276"/>
</kw>
<status status="PASS" start="2025-06-09T15:01:39.415448" elapsed="0.182445"/>
</kw>
<kw name="DEL endpoint /carrinhos/cancelar-compra" owner="carrinhos_keywords">
<kw name="DELETE On Session" owner="RequestsLibrary">
<msg time="2025-06-09T15:01:39.769003" level="INFO">DELETE Request : url=https://compassuol.serverest.dev/carrinhos/cancelar-compra 
 path_url=/carrinhos/cancelar-compra 
 headers={'Content-Length': '0'} 
 body=None 
 </msg>
<msg time="2025-06-09T15:01:39.769281" level="INFO">DELETE Response : url=https://compassuol.serverest.dev/carrinhos/cancelar-compra 
 status=401, reason=Unauthorized 
 headers={'access-control-allow-origin': '*', 'x-dns-prefetch-control': 'off', 'x-frame-options': 'SAMEORIGIN', 'strict-transport-security': 'max-age=15552000; includeSubDomains', 'x-download-options': 'noopen', 'x-content-type-options': 'nosniff', 'x-xss-protection': '1; mode=block', 'content-type': 'application/json; charset=utf-8', 'x-cloud-trace-context': 'fed75d1832991be895d709a5fbecb3bb', 'date': 'Mon, 09 Jun 2025 18:01:39 GMT', 'server': 'Google Frontend', 'Content-Length': '103'} 
 body={
    "message": "Token de acesso ausente, inválido, expirado ou usuário do token não existe mais"
} 
 </msg>
<msg time="2025-06-09T15:01:39.769432" level="INFO">C:\Users\raiqu\AppData\Local\Programs\Python\Python313\Lib\site-packages\urllib3\connectionpool.py:1097: InsecureRequestWarning: Unverified HTTPS request is being made to host 'compassuol.serverest.dev'. Adding certificate verification is strongly advised. See: https://urllib3.readthedocs.io/en/latest/advanced-usage.html#tls-warnings
  warnings.warn(</msg>
<msg time="2025-06-09T15:01:39.769839" level="INFO">${response} = &lt;Response [401]&gt;</msg>
<var>${response}</var>
<arg>alias=${alias_base}</arg>
<arg>url=/carrinhos/cancelar-compra</arg>
<arg>headers=${EMPTY}</arg>
<arg>expected_status=${status_code_desejado}</arg>
<doc>Sends a DELETE request on a previously created HTTP Session.</doc>
<status status="PASS" start="2025-06-09T15:01:39.598471" elapsed="0.171456"/>
</kw>
<kw name="Log" owner="BuiltIn">
<msg time="2025-06-09T15:01:39.770576" level="INFO">Response: {'message': 'Token de acesso ausente, inválido, expirado ou usuário do token não existe mais'}</msg>
<arg>Response: ${response.json()}</arg>
<doc>Logs the given message with the given level.</doc>
<status status="PASS" start="2025-06-09T15:01:39.770133" elapsed="0.000541"/>
</kw>
<kw name="Set Test Variable" owner="BuiltIn">
<msg time="2025-06-09T15:01:39.771042" level="INFO">${response} = &lt;Response [401]&gt;</msg>
<arg>${response}</arg>
<doc>Makes a variable available everywhere within the scope of the current test.</doc>
<status status="PASS" start="2025-06-09T15:01:39.770853" elapsed="0.000277"/>
</kw>
<status status="PASS" start="2025-06-09T15:01:39.598202" elapsed="0.173017"/>
</kw>
<kw name="Validar se informa correto sobre o token" owner="carrinhos_keywords">
<kw name="Should Be Equal" owner="BuiltIn">
<arg>${response.json()["message"]}</arg>
<arg>Token de acesso ausente, inválido, expirado ou usuário do token não existe mais</arg>
<doc>Fails if the given objects are unequal.</doc>
<status status="PASS" start="2025-06-09T15:01:39.771786" elapsed="0.000364"/>
</kw>
<kw name="Log" owner="BuiltIn">
<msg time="2025-06-09T15:01:39.772582" level="INFO">message: Token de acesso ausente, inválido, expirado ou usuário do token não existe mais</msg>
<arg>message: ${response.json()["message"]}</arg>
<doc>Logs the given message with the given level.</doc>
<status status="PASS" start="2025-06-09T15:01:39.772283" elapsed="0.000386"/>
</kw>
<doc>Verifica se retorna mensagem informando corretamente sobre token</doc>
<status status="PASS" start="2025-06-09T15:01:39.771527" elapsed="0.001232"/>
</kw>
<kw name="Validar Status Code &quot;401&quot;" owner="common" source_name="Validar Status Code &quot;${statuscode}&quot;">
<kw name="Should Be True" owner="BuiltIn">
<arg>${response.status_code} == ${statuscode}</arg>
<doc>Fails if the given condition is not true.</doc>
<status status="PASS" start="2025-06-09T15:01:39.773237" elapsed="0.000578"/>
</kw>
<kw name="Log" owner="BuiltIn">
<msg time="2025-06-09T15:01:39.774061" level="INFO">Status Code: 401</msg>
<arg>Status Code: ${statuscode}</arg>
<doc>Logs the given message with the given level.</doc>
<status status="PASS" start="2025-06-09T15:01:39.773938" elapsed="0.000200"/>
</kw>
<status status="PASS" start="2025-06-09T15:01:39.773014" elapsed="0.001198"/>
</kw>
<tag>Cancelar compra sem token</tag>
<status status="PASS" start="2025-06-09T15:01:39.237444" elapsed="0.537027"/>
</test>
<kw name="Finalizar sessão" owner="base" type="TEARDOWN">
<kw name="Delete All Sessions" owner="RequestsLibrary">
<msg time="2025-06-09T15:01:39.776002" level="INFO">Deleting All Sessions</msg>
<doc>Removes all the session objects</doc>
<status status="PASS" start="2025-06-09T15:01:39.775887" elapsed="0.000336"/>
</kw>
<kw name="Log" owner="BuiltIn">
<msg time="2025-06-09T15:01:39.776473" level="INFO">Sessões encerradas.</msg>
<arg>Sessões encerradas.</arg>
<doc>Logs the given message with the given level.</doc>
<status status="PASS" start="2025-06-09T15:01:39.776365" elapsed="0.000188"/>
</kw>
<status status="PASS" start="2025-06-09T15:01:39.775659" elapsed="0.000968"/>
</kw>
<doc>Cenários de teste candidatos à automação
para o endpoint /carrinhos</doc>
<status status="PASS" start="2025-06-09T15:01:29.194968" elapsed="10.581710"/>
</suite>
<suite id="s1-s2" name="Login Tests" source="c:\Users\raiqu\Desktop\Nero\Estágio\Documentos das Sprints\Documentos\Sprint 6\Semana 12\Challenge 03\Testes candidatos à automação no Robot Framework\ServeRest API\tests\login_tests.robot">
<kw name="Iniciar sessão autenticado" owner="base" type="SETUP">
<kw name="Iniciar sessão" owner="base">
<kw name="Run Keyword If" owner="BuiltIn">
<kw name="Set To Dictionary" owner="Collections">
<arg>${headers}</arg>
<arg>Authorization=${auth_token}</arg>
<doc>Adds the given ``key_value_pairs`` and/or ``items`` to the ``dictionary``.</doc>
<status status="PASS" start="2025-06-09T15:01:39.786583" elapsed="0.000221"/>
</kw>
<arg>'${auth_token}' != '${EMPTY}'</arg>
<arg>Set To Dictionary</arg>
<arg>${headers}</arg>
<arg>Authorization=${auth_token}</arg>
<doc>Runs the given keyword with the given arguments, if ``condition`` is true.</doc>
<status status="PASS" start="2025-06-09T15:01:39.786060" elapsed="0.000914"/>
</kw>
<kw name="Create Session" owner="RequestsLibrary">
<msg time="2025-06-09T15:01:39.787443" level="INFO">Creating Session using : alias=ServeRest, url=https://compassuol.serverest.dev, headers={'accept': 'application/json', 'Content-Type': 'application/json', 'Authorization': 'Bearer eyJhbGciOiJIUzI1NiIsInR5cCI6IkpXVCJ9.eyJlbWFpbCI6Im1hcmlhbWVyY2Fkb0BleGFtcGxlLm9yZyIsInBhc3N3b3JkIjoiaEgrKDMyRGgjOCIsImlhdCI6MTc0OTQ5MjA5OCwiZXhwIjoxNzQ5NDkyNjk4fQ.k0K689IJ39Whhs4i5ktpZmMjt-LB18Jy-_Sr-FKdnB8'},                     cookies={}, auth=None, timeout=None, proxies=None, verify=False,                     debug=0 </msg>
<arg>alias=${alias_base}</arg>
<arg>url=${url_base}</arg>
<arg>headers=${headers}</arg>
<doc>Create Session: create a HTTP session to a server</doc>
<status status="PASS" start="2025-06-09T15:01:39.787168" elapsed="0.000473"/>
</kw>
<status status="PASS" start="2025-06-09T15:01:39.785824" elapsed="0.001905"/>
</kw>
<kw name="Login e armazenar token bearer" owner="base">
<kw name="Payload cadastrar usuário com dados válidos" owner="common">
<kw name="Name" owner="FakerLibrary">
<msg time="2025-06-09T15:01:39.788472" level="INFO">${nome} = John Hood</msg>
<var>${nome}</var>
<doc>:example: 'John Doe'</doc>
<status status="PASS" start="2025-06-09T15:01:39.788173" elapsed="0.000381"/>
</kw>
<kw name="Email" owner="FakerLibrary">
<msg time="2025-06-09T15:01:39.789004" level="INFO">${email} = ramirezbradley@example.com</msg>
<var>${email}</var>
<status status="PASS" start="2025-06-09T15:01:39.788656" elapsed="0.000436"/>
</kw>
<kw name="Password" owner="FakerLibrary">
<msg time="2025-06-09T15:01:39.789374" level="INFO">${password} = LMz*5X#tUg</msg>
<var>${password}</var>
<doc>Generate a random password of the specified ``length``.</doc>
<status status="PASS" start="2025-06-09T15:01:39.789208" elapsed="0.000262"/>
</kw>
<kw name="Create Dictionary" owner="BuiltIn">
<msg time="2025-06-09T15:01:39.789924" level="INFO">${dados_validos} = {'nome': 'John Hood', 'email': 'ramirezbradley@example.com', 'password': 'LMz*5X#tUg', 'administrador': 'true'}</msg>
<var>${dados_validos}</var>
<arg>nome=${nome}</arg>
<arg>email=${email}</arg>
<arg>password=${password}</arg>
<arg>administrador=true</arg>
<doc>Creates and returns a dictionary based on the given ``items``.</doc>
<status status="PASS" start="2025-06-09T15:01:39.789616" elapsed="0.000398"/>
</kw>
<kw name="Set Global Variable" owner="BuiltIn">
<msg time="2025-06-09T15:01:39.790374" level="INFO">${dados_validos} = {'nome': 'John Hood', 'email': 'ramirezbradley@example.com', 'password': 'LMz*5X#tUg', 'administrador': 'true'}</msg>
<arg>${dados_validos}</arg>
<doc>Makes a variable available globally in all tests and suites.</doc>
<status status="PASS" start="2025-06-09T15:01:39.790162" elapsed="0.000290"/>
</kw>
<status status="PASS" start="2025-06-09T15:01:39.788031" elapsed="0.002495"/>
</kw>
<kw name="POST endpoint /usuarios com dados validos" owner="usuarios_keywords">
<kw name="POST On Session" owner="RequestsLibrary">
<msg time="2025-06-09T15:01:40.148575" level="INFO">POST Request : url=https://compassuol.serverest.dev/usuarios 
 path_url=/usuarios 
 headers={'User-Agent': 'python-requests/2.32.3', 'Accept-Encoding': 'gzip, deflate', 'accept': 'application/json', 'Connection': 'keep-alive', 'Content-Type': 'application/json', 'Authorization': 'Bearer eyJhbGciOiJIUzI1NiIsInR5cCI6IkpXVCJ9.eyJlbWFpbCI6Im1hcmlhbWVyY2Fkb0BleGFtcGxlLm9yZyIsInBhc3N3b3JkIjoiaEgrKDMyRGgjOCIsImlhdCI6MTc0OTQ5MjA5OCwiZXhwIjoxNzQ5NDkyNjk4fQ.k0K689IJ39Whhs4i5ktpZmMjt-LB18Jy-_Sr-FKdnB8', 'Content-Length': '111'} 
 body=b'{"nome": "John Hood", "email": "ramirezbradley@example.com", "password": "LMz*5X#tUg", "administrador": "true"}' 
 </msg>
<msg time="2025-06-09T15:01:40.148827" level="INFO">POST Response : url=https://compassuol.serverest.dev/usuarios 
 status=201, reason=Created 
 headers={'access-control-allow-origin': '*', 'x-dns-prefetch-control': 'off', 'x-frame-options': 'SAMEORIGIN', 'strict-transport-security': 'max-age=15552000; includeSubDomains', 'x-download-options': 'noopen', 'x-content-type-options': 'nosniff', 'x-xss-protection': '1; mode=block', 'content-type': 'application/json; charset=utf-8', 'x-cloud-trace-context': 'ca85b9100391bbfbc50fc9430197ce01', 'date': 'Mon, 09 Jun 2025 18:01:40 GMT', 'server': 'Google Frontend', 'Content-Length': '82'} 
 body={
    "message": "Cadastro realizado com sucesso",
    "_id": "IW17aSWmcZbfOeyq"
} 
 </msg>
<msg time="2025-06-09T15:01:40.148964" level="INFO">C:\Users\raiqu\AppData\Local\Programs\Python\Python313\Lib\site-packages\urllib3\connectionpool.py:1097: InsecureRequestWarning: Unverified HTTPS request is being made to host 'compassuol.serverest.dev'. Adding certificate verification is strongly advised. See: https://urllib3.readthedocs.io/en/latest/advanced-usage.html#tls-warnings
  warnings.warn(</msg>
<msg time="2025-06-09T15:01:40.149410" level="INFO">${response} = &lt;Response [201]&gt;</msg>
<var>${response}</var>
<arg>alias=${alias_base}</arg>
<arg>url=/usuarios</arg>
<arg>json=&amp;{payload}</arg>
<arg>headers=${headers}</arg>
<doc>Sends a POST request on a previously created HTTP Session.</doc>
<status status="PASS" start="2025-06-09T15:01:39.790824" elapsed="0.358714"/>
</kw>
<kw name="Log" owner="BuiltIn">
<msg time="2025-06-09T15:01:40.150282" level="INFO">Response: {'message': 'Cadastro realizado com sucesso', '_id': 'IW17aSWmcZbfOeyq'}</msg>
<arg>Response: ${response.json()}</arg>
<doc>Logs the given message with the given level.</doc>
<status status="PASS" start="2025-06-09T15:01:40.149812" elapsed="0.000722"/>
</kw>
<kw name="Set Test Variable" owner="BuiltIn">
<msg time="2025-06-09T15:01:40.150952" level="INFO">${response} = &lt;Response [201]&gt;</msg>
<arg>${response}</arg>
<doc>Makes a variable available everywhere within the scope of the current test.</doc>
<status status="PASS" start="2025-06-09T15:01:40.150747" elapsed="0.000308"/>
</kw>
<status status="PASS" start="2025-06-09T15:01:39.790643" elapsed="0.360523"/>
</kw>
<kw name="Payload com dados válidos" owner="common">
<kw name="Get From Dictionary" owner="Collections">
<msg time="2025-06-09T15:01:40.151706" level="INFO">${email} = ramirezbradley@example.com</msg>
<var>${email}</var>
<arg>${dados_validos}</arg>
<arg>email</arg>
<doc>Returns a value from the given ``dictionary`` based on the given ``key``.</doc>
<status status="PASS" start="2025-06-09T15:01:40.151524" elapsed="0.000254"/>
</kw>
<kw name="Get From Dictionary" owner="Collections">
<msg time="2025-06-09T15:01:40.152160" level="INFO">${password} = LMz*5X#tUg</msg>
<var>${password}</var>
<arg>${dados_validos}</arg>
<arg>password</arg>
<doc>Returns a value from the given ``dictionary`` based on the given ``key``.</doc>
<status status="PASS" start="2025-06-09T15:01:40.151952" elapsed="0.000285"/>
</kw>
<kw name="Create Dictionary" owner="BuiltIn">
<msg time="2025-06-09T15:01:40.152598" level="INFO">${dados_validos_login} = {'email': 'ramirezbradley@example.com', 'password': 'LMz*5X#tUg'}</msg>
<var>${dados_validos_login}</var>
<arg>email=${email}</arg>
<arg>password=${password}</arg>
<doc>Creates and returns a dictionary based on the given ``items``.</doc>
<status status="PASS" start="2025-06-09T15:01:40.152369" elapsed="0.000304"/>
</kw>
<kw name="Set Global Variable" owner="BuiltIn">
<msg time="2025-06-09T15:01:40.152973" level="INFO">${dados_validos_login} = {'email': 'ramirezbradley@example.com', 'password': 'LMz*5X#tUg'}</msg>
<arg>${dados_validos_login}</arg>
<doc>Makes a variable available globally in all tests and suites.</doc>
<status status="PASS" start="2025-06-09T15:01:40.152793" elapsed="0.000261"/>
</kw>
<status status="PASS" start="2025-06-09T15:01:40.151330" elapsed="0.001800"/>
</kw>
<kw name="POST endpoint /login com dados válidos" owner="login_keywords">
<kw name="POST On Session" owner="RequestsLibrary">
<msg time="2025-06-09T15:01:40.349178" level="INFO">POST Request : url=https://compassuol.serverest.dev/login 
 path_url=/login 
 headers={'User-Agent': 'python-requests/2.32.3', 'Accept-Encoding': 'gzip, deflate', 'accept': 'application/json', 'Connection': 'keep-alive', 'Content-Type': 'application/json', 'Authorization': 'Bearer eyJhbGciOiJIUzI1NiIsInR5cCI6IkpXVCJ9.eyJlbWFpbCI6Im1hcmlhbWVyY2Fkb0BleGFtcGxlLm9yZyIsInBhc3N3b3JkIjoiaEgrKDMyRGgjOCIsImlhdCI6MTc0OTQ5MjA5OCwiZXhwIjoxNzQ5NDkyNjk4fQ.k0K689IJ39Whhs4i5ktpZmMjt-LB18Jy-_Sr-FKdnB8', 'Content-Length': '65'} 
 body=b'{"email": "ramirezbradley@example.com", "password": "LMz*5X#tUg"}' 
 </msg>
<msg time="2025-06-09T15:01:40.349402" level="INFO">POST Response : url=https://compassuol.serverest.dev/login 
 status=200, reason=OK 
 headers={'access-control-allow-origin': '*', 'x-dns-prefetch-control': 'off', 'x-frame-options': 'SAMEORIGIN', 'strict-transport-security': 'max-age=15552000; includeSubDomains', 'x-download-options': 'noopen', 'x-content-type-options': 'nosniff', 'x-xss-protection': '1; mode=block', 'content-type': 'application/json; charset=utf-8', 'x-cloud-trace-context': '6a95c8e43794c1d8501bd38f7e855168', 'date': 'Mon, 09 Jun 2025 18:01:40 GMT', 'server': 'Google Frontend', 'Content-Length': '289'} 
 body={
    "message": "Login realizado com sucesso",
    "authorization": "Bearer eyJhbGciOiJIUzI1NiIsInR5cCI6IkpXVCJ9.eyJlbWFpbCI6InJhbWlyZXpicmFkbGV5QGV4YW1wbGUuY29tIiwicGFzc3dvcmQiOiJMTXoqNVgjdFVnIiwiaWF0IjoxNzQ5NDkyMTAwLCJleHAiOjE3NDk0OTI3MDB9.YvL15cndJ8CTeBSOd8L81ZaFSmV1qRS0Em-XWiy-qxs"
} 
 </msg>
<msg time="2025-06-09T15:01:40.349522" level="INFO">C:\Users\raiqu\AppData\Local\Programs\Python\Python313\Lib\site-packages\urllib3\connectionpool.py:1097: InsecureRequestWarning: Unverified HTTPS request is being made to host 'compassuol.serverest.dev'. Adding certificate verification is strongly advised. See: https://urllib3.readthedocs.io/en/latest/advanced-usage.html#tls-warnings
  warnings.warn(</msg>
<msg time="2025-06-09T15:01:40.349950" level="INFO">${response} = &lt;Response [200]&gt;</msg>
<var>${response}</var>
<arg>alias=${alias_base}</arg>
<arg>url=/login</arg>
<arg>json=&amp;{payload}</arg>
<arg>headers=${headers}</arg>
<doc>Sends a POST request on a previously created HTTP Session.</doc>
<status status="PASS" start="2025-06-09T15:01:40.153441" elapsed="0.196610"/>
</kw>
<kw name="Log" owner="BuiltIn">
<msg time="2025-06-09T15:01:40.350816" level="INFO">Response: {'message': 'Login realizado com sucesso', 'authorization': 'Bearer eyJhbGciOiJIUzI1NiIsInR5cCI6IkpXVCJ9.eyJlbWFpbCI6InJhbWlyZXpicmFkbGV5QGV4YW1wbGUuY29tIiwicGFzc3dvcmQiOiJMTXoqNVgjdFVnIiwiaWF0IjoxNzQ5NDkyMTAwLCJleHAiOjE3NDk0OTI3MDB9.YvL15cndJ8CTeBSOd8L81ZaFSmV1qRS0Em-XWiy-qxs'}</msg>
<arg>Response: ${response.json()}</arg>
<doc>Logs the given message with the given level.</doc>
<status status="PASS" start="2025-06-09T15:01:40.350251" elapsed="0.000676"/>
</kw>
<kw name="Set Test Variable" owner="BuiltIn">
<msg time="2025-06-09T15:01:40.351284" level="INFO">${response} = &lt;Response [200]&gt;</msg>
<arg>${response}</arg>
<doc>Makes a variable available everywhere within the scope of the current test.</doc>
<status status="PASS" start="2025-06-09T15:01:40.351085" elapsed="0.000281"/>
</kw>
<status status="PASS" start="2025-06-09T15:01:40.153256" elapsed="0.198194"/>
</kw>
<kw name="Set Variable" owner="BuiltIn">
<msg time="2025-06-09T15:01:40.351918" level="INFO">${auth_token} = Bearer eyJhbGciOiJIUzI1NiIsInR5cCI6IkpXVCJ9.eyJlbWFpbCI6InJhbWlyZXpicmFkbGV5QGV4YW1wbGUuY29tIiwicGFzc3dvcmQiOiJMTXoqNVgjdFVnIiwiaWF0IjoxNzQ5NDkyMTAwLCJleHAiOjE3NDk0OTI3MDB9.YvL15cndJ8CTeBSOd8L81ZaFSmV...</msg>
<var>${auth_token}</var>
<arg>${response.json()["authorization"]}</arg>
<doc>Returns the given values which can then be assigned to a variables.</doc>
<status status="PASS" start="2025-06-09T15:01:40.351571" elapsed="0.000423"/>
</kw>
<kw name="Set Global Variable" owner="BuiltIn">
<msg time="2025-06-09T15:01:40.352285" level="INFO">${auth_token} = Bearer eyJhbGciOiJIUzI1NiIsInR5cCI6IkpXVCJ9.eyJlbWFpbCI6InJhbWlyZXpicmFkbGV5QGV4YW1wbGUuY29tIiwicGFzc3dvcmQiOiJMTXoqNVgjdFVnIiwiaWF0IjoxNzQ5NDkyMTAwLCJleHAiOjE3NDk0OTI3MDB9.YvL15cndJ8CTeBSOd8L81ZaFSmV...</msg>
<arg>${auth_token}</arg>
<doc>Makes a variable available globally in all tests and suites.</doc>
<status status="PASS" start="2025-06-09T15:01:40.352120" elapsed="0.000242"/>
</kw>
<kw name="Iniciar sessão" owner="base">
<kw name="Run Keyword If" owner="BuiltIn">
<kw name="Set To Dictionary" owner="Collections">
<arg>${headers}</arg>
<arg>Authorization=${auth_token}</arg>
<doc>Adds the given ``key_value_pairs`` and/or ``items`` to the ``dictionary``.</doc>
<status status="PASS" start="2025-06-09T15:01:40.353075" elapsed="0.000176"/>
</kw>
<arg>'${auth_token}' != '${EMPTY}'</arg>
<arg>Set To Dictionary</arg>
<arg>${headers}</arg>
<arg>Authorization=${auth_token}</arg>
<doc>Runs the given keyword with the given arguments, if ``condition`` is true.</doc>
<status status="PASS" start="2025-06-09T15:01:40.352683" elapsed="0.000647"/>
</kw>
<kw name="Create Session" owner="RequestsLibrary">
<msg time="2025-06-09T15:01:40.353649" level="INFO">Creating Session using : alias=ServeRest, url=https://compassuol.serverest.dev, headers={'accept': 'application/json', 'Content-Type': 'application/json', 'Authorization': 'Bearer eyJhbGciOiJIUzI1NiIsInR5cCI6IkpXVCJ9.eyJlbWFpbCI6InJhbWlyZXpicmFkbGV5QGV4YW1wbGUuY29tIiwicGFzc3dvcmQiOiJMTXoqNVgjdFVnIiwiaWF0IjoxNzQ5NDkyMTAwLCJleHAiOjE3NDk0OTI3MDB9.YvL15cndJ8CTeBSOd8L81ZaFSmV1qRS0Em-XWiy-qxs'},                     cookies={}, auth=None, timeout=None, proxies=None, verify=False,                     debug=0 </msg>
<arg>alias=${alias_base}</arg>
<arg>url=${url_base}</arg>
<arg>headers=${headers}</arg>
<doc>Create Session: create a HTTP session to a server</doc>
<status status="PASS" start="2025-06-09T15:01:40.353441" elapsed="0.000377"/>
</kw>
<status status="PASS" start="2025-06-09T15:01:40.352504" elapsed="0.001400"/>
</kw>
<status status="PASS" start="2025-06-09T15:01:39.787864" elapsed="0.566107"/>
</kw>
<status status="PASS" start="2025-06-09T15:01:39.785551" elapsed="0.568485"/>
</kw>
<test id="s1-s2-t1" name="US002-CT01: Login com credenciais válidas" line="10">
<kw name="Payload cadastrar usuário com dados válidos" owner="common">
<kw name="Name" owner="FakerLibrary">
<msg time="2025-06-09T15:01:40.355002" level="INFO">${nome} = Jackie Lee</msg>
<var>${nome}</var>
<doc>:example: 'John Doe'</doc>
<status status="PASS" start="2025-06-09T15:01:40.354704" elapsed="0.000372"/>
</kw>
<kw name="Email" owner="FakerLibrary">
<msg time="2025-06-09T15:01:40.355411" level="INFO">${email} = gwhite@example.org</msg>
<var>${email}</var>
<status status="PASS" start="2025-06-09T15:01:40.355179" elapsed="0.000425"/>
</kw>
<kw name="Password" owner="FakerLibrary">
<msg time="2025-06-09T15:01:40.355874" level="INFO">${password} = (YTOM^rHA9</msg>
<var>${password}</var>
<doc>Generate a random password of the specified ``length``.</doc>
<status status="PASS" start="2025-06-09T15:01:40.355723" elapsed="0.000220"/>
</kw>
<kw name="Create Dictionary" owner="BuiltIn">
<msg time="2025-06-09T15:01:40.356286" level="INFO">${dados_validos} = {'nome': 'Jackie Lee', 'email': 'gwhite@example.org', 'password': '(YTOM^rHA9', 'administrador': 'true'}</msg>
<var>${dados_validos}</var>
<arg>nome=${nome}</arg>
<arg>email=${email}</arg>
<arg>password=${password}</arg>
<arg>administrador=true</arg>
<doc>Creates and returns a dictionary based on the given ``items``.</doc>
<status status="PASS" start="2025-06-09T15:01:40.356052" elapsed="0.000302"/>
</kw>
<kw name="Set Global Variable" owner="BuiltIn">
<msg time="2025-06-09T15:01:40.356726" level="INFO">${dados_validos} = {'nome': 'Jackie Lee', 'email': 'gwhite@example.org', 'password': '(YTOM^rHA9', 'administrador': 'true'}</msg>
<arg>${dados_validos}</arg>
<doc>Makes a variable available globally in all tests and suites.</doc>
<status status="PASS" start="2025-06-09T15:01:40.356469" elapsed="0.000383"/>
</kw>
<status status="PASS" start="2025-06-09T15:01:40.354510" elapsed="0.002462"/>
</kw>
<kw name="POST endpoint /usuarios com dados validos" owner="usuarios_keywords">
<kw name="POST On Session" owner="RequestsLibrary">
<msg time="2025-06-09T15:01:40.708739" level="INFO">POST Request : url=https://compassuol.serverest.dev/usuarios 
 path_url=/usuarios 
 headers={'User-Agent': 'python-requests/2.32.3', 'Accept-Encoding': 'gzip, deflate', 'accept': 'application/json', 'Connection': 'keep-alive', 'Content-Type': 'application/json', 'Authorization': 'Bearer eyJhbGciOiJIUzI1NiIsInR5cCI6IkpXVCJ9.eyJlbWFpbCI6InJhbWlyZXpicmFkbGV5QGV4YW1wbGUuY29tIiwicGFzc3dvcmQiOiJMTXoqNVgjdFVnIiwiaWF0IjoxNzQ5NDkyMTAwLCJleHAiOjE3NDk0OTI3MDB9.YvL15cndJ8CTeBSOd8L81ZaFSmV1qRS0Em-XWiy-qxs', 'Content-Length': '104'} 
 body=b'{"nome": "Jackie Lee", "email": "gwhite@example.org", "password": "(YTOM^rHA9", "administrador": "true"}' 
 </msg>
<msg time="2025-06-09T15:01:40.709013" level="INFO">POST Response : url=https://compassuol.serverest.dev/usuarios 
 status=201, reason=Created 
 headers={'access-control-allow-origin': '*', 'x-dns-prefetch-control': 'off', 'x-frame-options': 'SAMEORIGIN', 'strict-transport-security': 'max-age=15552000; includeSubDomains', 'x-download-options': 'noopen', 'x-content-type-options': 'nosniff', 'x-xss-protection': '1; mode=block', 'content-type': 'application/json; charset=utf-8', 'x-cloud-trace-context': '6d2e266ed15992557e0df0bad83c074c', 'date': 'Mon, 09 Jun 2025 18:01:40 GMT', 'server': 'Google Frontend', 'Content-Length': '82'} 
 body={
    "message": "Cadastro realizado com sucesso",
    "_id": "VY6ERMi3rBdtQBdz"
} 
 </msg>
<msg time="2025-06-09T15:01:40.709153" level="INFO">C:\Users\raiqu\AppData\Local\Programs\Python\Python313\Lib\site-packages\urllib3\connectionpool.py:1097: InsecureRequestWarning: Unverified HTTPS request is being made to host 'compassuol.serverest.dev'. Adding certificate verification is strongly advised. See: https://urllib3.readthedocs.io/en/latest/advanced-usage.html#tls-warnings
  warnings.warn(</msg>
<msg time="2025-06-09T15:01:40.709591" level="INFO">${response} = &lt;Response [201]&gt;</msg>
<var>${response}</var>
<arg>alias=${alias_base}</arg>
<arg>url=/usuarios</arg>
<arg>json=&amp;{payload}</arg>
<arg>headers=${headers}</arg>
<doc>Sends a POST request on a previously created HTTP Session.</doc>
<status status="PASS" start="2025-06-09T15:01:40.357624" elapsed="0.352079"/>
</kw>
<kw name="Log" owner="BuiltIn">
<msg time="2025-06-09T15:01:40.710383" level="INFO">Response: {'message': 'Cadastro realizado com sucesso', '_id': 'VY6ERMi3rBdtQBdz'}</msg>
<arg>Response: ${response.json()}</arg>
<doc>Logs the given message with the given level.</doc>
<status status="PASS" start="2025-06-09T15:01:40.709943" elapsed="0.000539"/>
</kw>
<kw name="Set Test Variable" owner="BuiltIn">
<msg time="2025-06-09T15:01:40.710813" level="INFO">${response} = &lt;Response [201]&gt;</msg>
<arg>${response}</arg>
<doc>Makes a variable available everywhere within the scope of the current test.</doc>
<status status="PASS" start="2025-06-09T15:01:40.710637" elapsed="0.000254"/>
</kw>
<status status="PASS" start="2025-06-09T15:01:40.357317" elapsed="0.353655"/>
</kw>
<kw name="Payload com dados válidos" owner="common">
<kw name="Get From Dictionary" owner="Collections">
<msg time="2025-06-09T15:01:40.711811" level="INFO">${email} = gwhite@example.org</msg>
<var>${email}</var>
<arg>${dados_validos}</arg>
<arg>email</arg>
<doc>Returns a value from the given ``dictionary`` based on the given ``key``.</doc>
<status status="PASS" start="2025-06-09T15:01:40.711600" elapsed="0.000296"/>
</kw>
<kw name="Get From Dictionary" owner="Collections">
<msg time="2025-06-09T15:01:40.712246" level="INFO">${password} = (YTOM^rHA9</msg>
<var>${password}</var>
<arg>${dados_validos}</arg>
<arg>password</arg>
<doc>Returns a value from the given ``dictionary`` based on the given ``key``.</doc>
<status status="PASS" start="2025-06-09T15:01:40.712039" elapsed="0.000283"/>
</kw>
<kw name="Create Dictionary" owner="BuiltIn">
<msg time="2025-06-09T15:01:40.712718" level="INFO">${dados_validos_login} = {'email': 'gwhite@example.org', 'password': '(YTOM^rHA9'}</msg>
<var>${dados_validos_login}</var>
<arg>email=${email}</arg>
<arg>password=${password}</arg>
<doc>Creates and returns a dictionary based on the given ``items``.</doc>
<status status="PASS" start="2025-06-09T15:01:40.712462" elapsed="0.000355"/>
</kw>
<kw name="Set Global Variable" owner="BuiltIn">
<msg time="2025-06-09T15:01:40.713170" level="INFO">${dados_validos_login} = {'email': 'gwhite@example.org', 'password': '(YTOM^rHA9'}</msg>
<arg>${dados_validos_login}</arg>
<doc>Makes a variable available globally in all tests and suites.</doc>
<status status="PASS" start="2025-06-09T15:01:40.712959" elapsed="0.000304"/>
</kw>
<status status="PASS" start="2025-06-09T15:01:40.711309" elapsed="0.002045"/>
</kw>
<kw name="POST endpoint /login com dados válidos" owner="login_keywords">
<kw name="POST On Session" owner="RequestsLibrary">
<msg time="2025-06-09T15:01:40.899570" level="INFO">POST Request : url=https://compassuol.serverest.dev/login 
 path_url=/login 
 headers={'User-Agent': 'python-requests/2.32.3', 'Accept-Encoding': 'gzip, deflate', 'accept': 'application/json', 'Connection': 'keep-alive', 'Content-Type': 'application/json', 'Authorization': 'Bearer eyJhbGciOiJIUzI1NiIsInR5cCI6IkpXVCJ9.eyJlbWFpbCI6InJhbWlyZXpicmFkbGV5QGV4YW1wbGUuY29tIiwicGFzc3dvcmQiOiJMTXoqNVgjdFVnIiwiaWF0IjoxNzQ5NDkyMTAwLCJleHAiOjE3NDk0OTI3MDB9.YvL15cndJ8CTeBSOd8L81ZaFSmV1qRS0Em-XWiy-qxs', 'Content-Length': '57'} 
 body=b'{"email": "gwhite@example.org", "password": "(YTOM^rHA9"}' 
 </msg>
<msg time="2025-06-09T15:01:40.899794" level="INFO">POST Response : url=https://compassuol.serverest.dev/login 
 status=200, reason=OK 
 headers={'access-control-allow-origin': '*', 'x-dns-prefetch-control': 'off', 'x-frame-options': 'SAMEORIGIN', 'strict-transport-security': 'max-age=15552000; includeSubDomains', 'x-download-options': 'noopen', 'x-content-type-options': 'nosniff', 'x-xss-protection': '1; mode=block', 'content-type': 'application/json; charset=utf-8', 'x-cloud-trace-context': '164ea4202e1f8e777e0df0bad83c0bb5;o=1', 'date': 'Mon, 09 Jun 2025 18:01:41 GMT', 'server': 'Google Frontend', 'Content-Length': '279'} 
 body={
    "message": "Login realizado com sucesso",
    "authorization": "Bearer eyJhbGciOiJIUzI1NiIsInR5cCI6IkpXVCJ9.eyJlbWFpbCI6Imd3aGl0ZUBleGFtcGxlLm9yZyIsInBhc3N3b3JkIjoiKFlUT01eckhBOSIsImlhdCI6MTc0OTQ5MjEwMSwiZXhwIjoxNzQ5NDkyNzAxfQ.kmO2mMDlKe_VtImqiRU8RNC3RwIHJmq4zYnXyAyDAmE"
} 
 </msg>
<msg time="2025-06-09T15:01:40.899917" level="INFO">C:\Users\raiqu\AppData\Local\Programs\Python\Python313\Lib\site-packages\urllib3\connectionpool.py:1097: InsecureRequestWarning: Unverified HTTPS request is being made to host 'compassuol.serverest.dev'. Adding certificate verification is strongly advised. See: https://urllib3.readthedocs.io/en/latest/advanced-usage.html#tls-warnings
  warnings.warn(</msg>
<msg time="2025-06-09T15:01:40.900439" level="INFO">${response} = &lt;Response [200]&gt;</msg>
<var>${response}</var>
<arg>alias=${alias_base}</arg>
<arg>url=/login</arg>
<arg>json=&amp;{payload}</arg>
<arg>headers=${headers}</arg>
<doc>Sends a POST request on a previously created HTTP Session.</doc>
<status status="PASS" start="2025-06-09T15:01:40.714006" elapsed="0.186549"/>
</kw>
<kw name="Log" owner="BuiltIn">
<msg time="2025-06-09T15:01:40.901293" level="INFO">Response: {'message': 'Login realizado com sucesso', 'authorization': 'Bearer eyJhbGciOiJIUzI1NiIsInR5cCI6IkpXVCJ9.eyJlbWFpbCI6Imd3aGl0ZUBleGFtcGxlLm9yZyIsInBhc3N3b3JkIjoiKFlUT01eckhBOSIsImlhdCI6MTc0OTQ5MjEwMSwiZXhwIjoxNzQ5NDkyNzAxfQ.kmO2mMDlKe_VtImqiRU8RNC3RwIHJmq4zYnXyAyDAmE'}</msg>
<arg>Response: ${response.json()}</arg>
<doc>Logs the given message with the given level.</doc>
<status status="PASS" start="2025-06-09T15:01:40.900849" elapsed="0.000546"/>
</kw>
<kw name="Set Test Variable" owner="BuiltIn">
<msg time="2025-06-09T15:01:40.901723" level="INFO">${response} = &lt;Response [200]&gt;</msg>
<arg>${response}</arg>
<doc>Makes a variable available everywhere within the scope of the current test.</doc>
<status status="PASS" start="2025-06-09T15:01:40.901547" elapsed="0.000389"/>
</kw>
<status status="PASS" start="2025-06-09T15:01:40.713679" elapsed="0.188400"/>
</kw>
<kw name="Validar se retorna mensagem e token" owner="login_keywords">
<kw name="Should Be Equal" owner="BuiltIn">
<arg>${response.json()["message"]}</arg>
<arg>Login realizado com sucesso</arg>
<doc>Fails if the given objects are unequal.</doc>
<status status="PASS" start="2025-06-09T15:01:40.902867" elapsed="0.000446"/>
</kw>
<kw name="Should Not Be Empty" owner="BuiltIn">
<msg time="2025-06-09T15:01:40.904335" level="INFO">Length is 206.</msg>
<arg>${response.json()["authorization"]}</arg>
<doc>Verifies that the given item is not empty.</doc>
<status status="PASS" start="2025-06-09T15:01:40.903459" elapsed="0.000974"/>
</kw>
<kw name="Log" owner="BuiltIn">
<msg time="2025-06-09T15:01:40.904844" level="INFO">message: Login realizado com sucesso</msg>
<arg>message: ${response.json()["message"]}</arg>
<doc>Logs the given message with the given level.</doc>
<status status="PASS" start="2025-06-09T15:01:40.904551" elapsed="0.000381"/>
</kw>
<kw name="Log" owner="BuiltIn">
<msg time="2025-06-09T15:01:40.905349" level="INFO">authorization: Bearer eyJhbGciOiJIUzI1NiIsInR5cCI6IkpXVCJ9.eyJlbWFpbCI6Imd3aGl0ZUBleGFtcGxlLm9yZyIsInBhc3N3b3JkIjoiKFlUT01eckhBOSIsImlhdCI6MTc0OTQ5MjEwMSwiZXhwIjoxNzQ5NDkyNzAxfQ.kmO2mMDlKe_VtImqiRU8RNC3RwIHJmq4zYnXyAyDAmE</msg>
<arg>authorization: ${response.json()["authorization"]}</arg>
<doc>Logs the given message with the given level.</doc>
<status status="PASS" start="2025-06-09T15:01:40.905057" elapsed="0.000379"/>
</kw>
<doc>Verifica se contém mensagem informando que o login foi bem
sucedido e se retorna o token.</doc>
<status status="PASS" start="2025-06-09T15:01:40.902499" elapsed="0.003014"/>
</kw>
<kw name="Validar Status Code &quot;200&quot;" owner="common" source_name="Validar Status Code &quot;${statuscode}&quot;">
<kw name="Should Be True" owner="BuiltIn">
<arg>${response.status_code} == ${statuscode}</arg>
<doc>Fails if the given condition is not true.</doc>
<status status="PASS" start="2025-06-09T15:01:40.906126" elapsed="0.000687"/>
</kw>
<kw name="Log" owner="BuiltIn">
<msg time="2025-06-09T15:01:40.907156" level="INFO">Status Code: 200</msg>
<arg>Status Code: ${statuscode}</arg>
<doc>Logs the given message with the given level.</doc>
<status status="PASS" start="2025-06-09T15:01:40.906963" elapsed="0.000301"/>
</kw>
<status status="PASS" start="2025-06-09T15:01:40.905834" elapsed="0.001530"/>
</kw>
<tag>login válido</tag>
<status status="PASS" start="2025-06-09T15:01:40.354113" elapsed="0.553497"/>
</test>
<test id="s1-s2-t2" name="US002-CT02: Tentar login com e-mail não cadastrado" line="18">
<kw name="Payload com e-mail não cadastrado" owner="common">
<kw name="Importar JSON Static" owner="common">
<kw name="Get File" owner="OperatingSystem">
<msg time="2025-06-09T15:01:40.910238" level="INFO" html="true">Getting file '&lt;a href="file://c:\Users\raiqu\Desktop\Nero\Estágio\Documentos das Sprints\Documentos\Sprint 6\Semana 12\Challenge 03\Testes candidatos à automação no Robot Framework\ServeRest API\support\fixtures\static\json_login.json"&gt;c:\Users\raiqu\Desktop\Nero\Estágio\Documentos das Sprints\Documentos\Sprint 6\Semana 12\Challenge 03\Testes candidatos à automação no Robot Framework\ServeRest API\support\fixtures\static\json_login.json&lt;/a&gt;'.</msg>
<msg time="2025-06-09T15:01:40.919953" level="INFO">${arquivo} = {
    "email_nao_cadastrado":{
        "email": "emailNaoCadastrado001@qa.com",
        "password": "teste001"
    }
}</msg>
<var>${arquivo}</var>
<arg>c:\\Users\\raiqu\\Desktop\\Nero\\Estágio\\Documentos das Sprints\\Documentos\\Sprint 6\\Semana 12\\Challenge 03\\Testes candidatos à automação no Robot Framework\\ServeRest API\\support\\common/../../support/fixtures/static/${nome_arquivo}</arg>
<doc>Returns the contents of a specified file.</doc>
<status status="PASS" start="2025-06-09T15:01:40.909922" elapsed="0.010235"/>
</kw>
<kw name="Evaluate" owner="BuiltIn">
<msg time="2025-06-09T15:01:40.921032" level="INFO">${data} = {'email_nao_cadastrado': {'email': 'emailNaoCadastrado001@qa.com', 'password': 'teste001'}}</msg>
<var>${data}</var>
<arg>json.loads('''${arquivo}''')</arg>
<arg>json</arg>
<doc>Evaluates the given expression in Python and returns the result.</doc>
<status status="PASS" start="2025-06-09T15:01:40.920496" elapsed="0.000693"/>
</kw>
<return>
<value>${data}</value>
<status status="PASS" start="2025-06-09T15:01:40.921333" elapsed="0.000123"/>
</return>
<msg time="2025-06-09T15:01:40.921646" level="INFO">${json} = {'email_nao_cadastrado': {'email': 'emailNaoCadastrado001@qa.com', 'password': 'teste001'}}</msg>
<var>${json}</var>
<arg>json_login.json</arg>
<status status="PASS" start="2025-06-09T15:01:40.909510" elapsed="0.012241"/>
</kw>
<kw name="Set Variable" owner="BuiltIn">
<msg time="2025-06-09T15:01:40.922351" level="INFO">${dados_email_sem_cadastro} = {'email': 'emailNaoCadastrado001@qa.com', 'password': 'teste001'}</msg>
<var>${dados_email_sem_cadastro}</var>
<arg>${json["email_nao_cadastrado"]}</arg>
<doc>Returns the given values which can then be assigned to a variables.</doc>
<status status="PASS" start="2025-06-09T15:01:40.921908" elapsed="0.000524"/>
</kw>
<kw name="Set Global Variable" owner="BuiltIn">
[...]
está sendo usado</doc>
<status status="PASS" start="2025-06-09T15:01:45.813810" elapsed="0.001847"/>
</kw>
<kw name="Validar Status Code &quot;400&quot;" owner="common" source_name="Validar Status Code &quot;${statuscode}&quot;">
<kw name="Should Be True" owner="BuiltIn">
<arg>${response.status_code} == ${statuscode}</arg>
<doc>Fails if the given condition is not true.</doc>
<status status="PASS" start="2025-06-09T15:01:45.816263" elapsed="0.000868"/>
</kw>
<kw name="Log" owner="BuiltIn">
<msg time="2025-06-09T15:01:45.817404" level="INFO">Status Code: 400</msg>
<arg>Status Code: ${statuscode}</arg>
<doc>Logs the given message with the given level.</doc>
<status status="PASS" start="2025-06-09T15:01:45.817263" elapsed="0.000230"/>
</kw>
<status status="PASS" start="2025-06-09T15:01:45.815980" elapsed="0.001629"/>
</kw>
<tag>Criar user com email duplicado</tag>
<status status="PASS" start="2025-06-09T15:01:45.439239" elapsed="0.378640"/>
</test>
<test id="s1-s4-t3" name="US001-CT03: Criar usuário com e-mail inválido" line="24">
<kw name="Payload cadastrar usuário com email inválido" owner="common">
<kw name="Importar JSON Static" owner="common">
<kw name="Get File" owner="OperatingSystem">
<msg time="2025-06-09T15:01:45.820118" level="INFO" html="true">Getting file '&lt;a href="file://c:\Users\raiqu\Desktop\Nero\Estágio\Documentos das Sprints\Documentos\Sprint 6\Semana 12\Challenge 03\Testes candidatos à automação no Robot Framework\ServeRest API\support\fixtures\static\json_usuarios.json"&gt;c:\Users\raiqu\Desktop\Nero\Estágio\Documentos das Sprints\Documentos\Sprint 6\Semana 12\Challenge 03\Testes candidatos à automação no Robot Framework\ServeRest API\support\fixtures\static\json_usuarios.json&lt;/a&gt;'.</msg>
<msg time="2025-06-09T15:01:45.832488" level="INFO">${arquivo} = {
    "user_email_invalido":{
        "nome": "Raique2",
        "email": "userSemEmail",
        "password": "teste3",
        "administrador": "true"
    },
    "user_nome_vazio":{
        "nome": "...</msg>
<var>${arquivo}</var>
<arg>c:\\Users\\raiqu\\Desktop\\Nero\\Estágio\\Documentos das Sprints\\Documentos\\Sprint 6\\Semana 12\\Challenge 03\\Testes candidatos à automação no Robot Framework\\ServeRest API\\support\\common/../../support/fixtures/static/${nome_arquivo}</arg>
<doc>Returns the contents of a specified file.</doc>
<status status="PASS" start="2025-06-09T15:01:45.819842" elapsed="0.012845"/>
</kw>
<kw name="Evaluate" owner="BuiltIn">
<msg time="2025-06-09T15:01:45.833262" level="INFO">${data} = {'user_email_invalido': {'nome': 'Raique2', 'email': 'userSemEmail', 'password': 'teste3', 'administrador': 'true'}, 'user_nome_vazio': {'nome': '', 'email': 'testeEmail@qa.com', 'password': 'teste4',...</msg>
<var>${data}</var>
<arg>json.loads('''${arquivo}''')</arg>
<arg>json</arg>
<doc>Evaluates the given expression in Python and returns the result.</doc>
<status status="PASS" start="2025-06-09T15:01:45.832921" elapsed="0.000435"/>
</kw>
<return>
<value>${data}</value>
<status status="PASS" start="2025-06-09T15:01:45.833447" elapsed="0.000092"/>
</return>
<msg time="2025-06-09T15:01:45.833685" level="INFO">${json} = {'user_email_invalido': {'nome': 'Raique2', 'email': 'userSemEmail', 'password': 'teste3', 'administrador': 'true'}, 'user_nome_vazio': {'nome': '', 'email': 'testeEmail@qa.com', 'password': 'teste4',...</msg>
<var>${json}</var>
<arg>json_usuarios.json</arg>
<status status="PASS" start="2025-06-09T15:01:45.819494" elapsed="0.014267"/>
</kw>
<kw name="Set Variable" owner="BuiltIn">
<msg time="2025-06-09T15:01:45.834271" level="INFO">${dados_email_invalido} = {'nome': 'Raique2', 'email': 'userSemEmail', 'password': 'teste3', 'administrador': 'true'}</msg>
<var>${dados_email_invalido}</var>
<arg>${json["user_email_invalido"]}</arg>
<doc>Returns the given values which can then be assigned to a variables.</doc>
<status status="PASS" start="2025-06-09T15:01:45.833895" elapsed="0.000450"/>
</kw>
<kw name="Set Global Variable" owner="BuiltIn">
<msg time="2025-06-09T15:01:45.834649" level="INFO">${dados_email_invalido} = {'nome': 'Raique2', 'email': 'userSemEmail', 'password': 'teste3', 'administrador': 'true'}</msg>
<arg>${dados_email_invalido}</arg>
<doc>Makes a variable available globally in all tests and suites.</doc>
<status status="PASS" start="2025-06-09T15:01:45.834469" elapsed="0.000261"/>
</kw>
<status status="PASS" start="2025-06-09T15:01:45.819142" elapsed="0.015664"/>
</kw>
<kw name="POST endpoint /usuarios com email inválido" owner="usuarios_keywords">
<kw name="POST On Session" owner="RequestsLibrary">
<msg time="2025-06-09T15:01:46.021420" level="INFO">POST Request : url=https://compassuol.serverest.dev/usuarios 
 path_url=/usuarios 
 headers={'User-Agent': 'python-requests/2.32.3', 'Accept-Encoding': 'gzip, deflate', 'accept': 'application/json', 'Connection': 'keep-alive', 'Content-Type': 'application/json', 'Authorization': 'Bearer eyJhbGciOiJIUzI1NiIsInR5cCI6IkpXVCJ9.eyJlbWFpbCI6InRhcmFkZWFuQGV4YW1wbGUub3JnIiwicGFzc3dvcmQiOiJZN09IMXZCeCkzIiwiaWF0IjoxNzQ5NDkyMTA1LCJleHAiOjE3NDk0OTI3MDV9.rabjV6POoyDB-CN702kwPc06NIGDdGOAPxiwReq_b1k', 'Content-Length': '91'} 
 body=b'{"nome": "Raique2", "email": "userSemEmail", "password": "teste3", "administrador": "true"}' 
 </msg>
<msg time="2025-06-09T15:01:46.021682" level="INFO">POST Response : url=https://compassuol.serverest.dev/usuarios 
 status=400, reason=Bad Request 
 headers={'access-control-allow-origin': '*', 'x-dns-prefetch-control': 'off', 'x-frame-options': 'SAMEORIGIN', 'strict-transport-security': 'max-age=15552000; includeSubDomains', 'x-download-options': 'noopen', 'x-content-type-options': 'nosniff', 'x-xss-protection': '1; mode=block', 'content-type': 'application/json; charset=utf-8', 'x-cloud-trace-context': '9c4a59336b9921aabec2d301eefb4187', 'date': 'Mon, 09 Jun 2025 18:01:46 GMT', 'server': 'Google Frontend', 'Content-Length': '50'} 
 body={
    "email": "email deve ser um email válido"
} 
 </msg>
<msg time="2025-06-09T15:01:46.021919" level="INFO">C:\Users\raiqu\AppData\Local\Programs\Python\Python313\Lib\site-packages\urllib3\connectionpool.py:1097: InsecureRequestWarning: Unverified HTTPS request is being made to host 'compassuol.serverest.dev'. Adding certificate verification is strongly advised. See: https://urllib3.readthedocs.io/en/latest/advanced-usage.html#tls-warnings
  warnings.warn(</msg>
<msg time="2025-06-09T15:01:46.022365" level="INFO">${response} = &lt;Response [400]&gt;</msg>
<var>${response}</var>
<arg>alias=${alias_base}</arg>
<arg>url=/usuarios</arg>
<arg>json=&amp;{payload}</arg>
<arg>headers=${headers}</arg>
<arg>expected_status=${status_code_desejado}</arg>
<doc>Sends a POST request on a previously created HTTP Session.</doc>
<status status="PASS" start="2025-06-09T15:01:45.835593" elapsed="0.186880"/>
</kw>
<kw name="Log" owner="BuiltIn">
<msg time="2025-06-09T15:01:46.023337" level="INFO">Response: {'email': 'email deve ser um email válido'}</msg>
<arg>Response: ${response.json()}</arg>
<doc>Logs the given message with the given level.</doc>
<status status="PASS" start="2025-06-09T15:01:46.022734" elapsed="0.000719"/>
</kw>
<kw name="Set Test Variable" owner="BuiltIn">
<msg time="2025-06-09T15:01:46.023830" level="INFO">${response} = &lt;Response [400]&gt;</msg>
<arg>${response}</arg>
<doc>Makes a variable available everywhere within the scope of the current test.</doc>
<status status="PASS" start="2025-06-09T15:01:46.023633" elapsed="0.000283"/>
</kw>
<status status="PASS" start="2025-06-09T15:01:45.835235" elapsed="0.188767"/>
</kw>
<kw name="Validar se informar que o email é inválido" owner="usuarios_keywords">
<kw name="Should Be Equal" owner="BuiltIn">
<arg>${response.json()["email"]}</arg>
<arg>email deve ser um email válido</arg>
<doc>Fails if the given objects are unequal.</doc>
<status status="PASS" start="2025-06-09T15:01:46.024601" elapsed="0.000418"/>
</kw>
<kw name="Log" owner="BuiltIn">
<msg time="2025-06-09T15:01:46.025497" level="INFO">email: email deve ser um email válido</msg>
<arg>email: ${response.json()["email"]}</arg>
<doc>Logs the given message with the given level.</doc>
<status status="PASS" start="2025-06-09T15:01:46.025152" elapsed="0.000443"/>
</kw>
<doc>Verifica se retorna mensagem informando que o email
é inválido</doc>
<status status="PASS" start="2025-06-09T15:01:46.024330" elapsed="0.001346"/>
</kw>
<kw name="Validar Status Code &quot;400&quot;" owner="common" source_name="Validar Status Code &quot;${statuscode}&quot;">
<kw name="Should Be True" owner="BuiltIn">
<arg>${response.status_code} == ${statuscode}</arg>
<doc>Fails if the given condition is not true.</doc>
<status status="PASS" start="2025-06-09T15:01:46.026151" elapsed="0.000705"/>
</kw>
<kw name="Log" owner="BuiltIn">
<msg time="2025-06-09T15:01:46.027137" level="INFO">Status Code: 400</msg>
<arg>Status Code: ${statuscode}</arg>
<doc>Logs the given message with the given level.</doc>
<status status="PASS" start="2025-06-09T15:01:46.026997" elapsed="0.000219"/>
</kw>
<status status="PASS" start="2025-06-09T15:01:46.025920" elapsed="0.001367"/>
</kw>
<tag>Criar user com email invalido</tag>
<status status="PASS" start="2025-06-09T15:01:45.818626" elapsed="0.208891"/>
</test>
<test id="s1-s4-t4" name="US001-CT06: Criar usuário com campo &quot;nome&quot; vazio ou ausente" line="30">
<kw name="Payload cadastrar usuário com campo nome vazio" owner="common">
<kw name="Importar JSON Static" owner="common">
<kw name="Get File" owner="OperatingSystem">
<msg time="2025-06-09T15:01:46.029500" level="INFO" html="true">Getting file '&lt;a href="file://c:\Users\raiqu\Desktop\Nero\Estágio\Documentos das Sprints\Documentos\Sprint 6\Semana 12\Challenge 03\Testes candidatos à automação no Robot Framework\ServeRest API\support\fixtures\static\json_usuarios.json"&gt;c:\Users\raiqu\Desktop\Nero\Estágio\Documentos das Sprints\Documentos\Sprint 6\Semana 12\Challenge 03\Testes candidatos à automação no Robot Framework\ServeRest API\support\fixtures\static\json_usuarios.json&lt;/a&gt;'.</msg>
<msg time="2025-06-09T15:01:46.030011" level="INFO">${arquivo} = {
    "user_email_invalido":{
        "nome": "Raique2",
        "email": "userSemEmail",
        "password": "teste3",
        "administrador": "true"
    },
    "user_nome_vazio":{
        "nome": "...</msg>
<var>${arquivo}</var>
<arg>c:\\Users\\raiqu\\Desktop\\Nero\\Estágio\\Documentos das Sprints\\Documentos\\Sprint 6\\Semana 12\\Challenge 03\\Testes candidatos à automação no Robot Framework\\ServeRest API\\support\\common/../../support/fixtures/static/${nome_arquivo}</arg>
<doc>Returns the contents of a specified file.</doc>
<status status="PASS" start="2025-06-09T15:01:46.029275" elapsed="0.000839"/>
</kw>
<kw name="Evaluate" owner="BuiltIn">
<msg time="2025-06-09T15:01:46.030547" level="INFO">${data} = {'user_email_invalido': {'nome': 'Raique2', 'email': 'userSemEmail', 'password': 'teste3', 'administrador': 'true'}, 'user_nome_vazio': {'nome': '', 'email': 'testeEmail@qa.com', 'password': 'teste4',...</msg>
<var>${data}</var>
<arg>json.loads('''${arquivo}''')</arg>
<arg>json</arg>
<doc>Evaluates the given expression in Python and returns the result.</doc>
<status status="PASS" start="2025-06-09T15:01:46.030266" elapsed="0.000369"/>
</kw>
<return>
<value>${data}</value>
<status status="PASS" start="2025-06-09T15:01:46.030725" elapsed="0.000083"/>
</return>
<msg time="2025-06-09T15:01:46.030953" level="INFO">${json} = {'user_email_invalido': {'nome': 'Raique2', 'email': 'userSemEmail', 'password': 'teste3', 'administrador': 'true'}, 'user_nome_vazio': {'nome': '', 'email': 'testeEmail@qa.com', 'password': 'teste4',...</msg>
<var>${json}</var>
<arg>json_usuarios.json</arg>
<status status="PASS" start="2025-06-09T15:01:46.028956" elapsed="0.002075"/>
</kw>
<kw name="Set Variable" owner="BuiltIn">
<msg time="2025-06-09T15:01:46.031651" level="INFO">${dados_nome_vazio} = {'nome': '', 'email': 'testeEmail@qa.com', 'password': 'teste4', 'administrador': 'true'}</msg>
<var>${dados_nome_vazio}</var>
<arg>${json["user_nome_vazio"]}</arg>
<doc>Returns the given values which can then be assigned to a variables.</doc>
<status status="PASS" start="2025-06-09T15:01:46.031168" elapsed="0.000586"/>
</kw>
<kw name="Set Global Variable" owner="BuiltIn">
<msg time="2025-06-09T15:01:46.032127" level="INFO">${dados_nome_vazio} = {'nome': '', 'email': 'testeEmail@qa.com', 'password': 'teste4', 'administrador': 'true'}</msg>
<arg>${dados_nome_vazio}</arg>
<doc>Makes a variable available globally in all tests and suites.</doc>
<status status="PASS" start="2025-06-09T15:01:46.031908" elapsed="0.000316"/>
</kw>
<status status="PASS" start="2025-06-09T15:01:46.028685" elapsed="0.003631"/>
</kw>
<kw name="POST endpoint /usuarios com campo nome vazio" owner="usuarios_keywords">
<kw name="POST On Session" owner="RequestsLibrary">
<msg time="2025-06-09T15:01:46.202582" level="INFO">POST Request : url=https://compassuol.serverest.dev/usuarios 
 path_url=/usuarios 
 headers={'User-Agent': 'python-requests/2.32.3', 'Accept-Encoding': 'gzip, deflate', 'accept': 'application/json', 'Connection': 'keep-alive', 'Content-Type': 'application/json', 'Authorization': 'Bearer eyJhbGciOiJIUzI1NiIsInR5cCI6IkpXVCJ9.eyJlbWFpbCI6InRhcmFkZWFuQGV4YW1wbGUub3JnIiwicGFzc3dvcmQiOiJZN09IMXZCeCkzIiwiaWF0IjoxNzQ5NDkyMTA1LCJleHAiOjE3NDk0OTI3MDV9.rabjV6POoyDB-CN702kwPc06NIGDdGOAPxiwReq_b1k', 'Content-Length': '89'} 
 body=b'{"nome": "", "email": "testeEmail@qa.com", "password": "teste4", "administrador": "true"}' 
 </msg>
<msg time="2025-06-09T15:01:46.202822" level="INFO">POST Response : url=https://compassuol.serverest.dev/usuarios 
 status=400, reason=Bad Request 
 headers={'access-control-allow-origin': '*', 'x-dns-prefetch-control': 'off', 'x-frame-options': 'SAMEORIGIN', 'strict-transport-security': 'max-age=15552000; includeSubDomains', 'x-download-options': 'noopen', 'x-content-type-options': 'nosniff', 'x-xss-protection': '1; mode=block', 'content-type': 'application/json; charset=utf-8', 'x-cloud-trace-context': '25b083d50350518ad5f8baf2964b12c8', 'date': 'Mon, 09 Jun 2025 18:01:46 GMT', 'server': 'Google Frontend', 'Content-Length': '48'} 
 body={
    "nome": "nome não pode ficar em branco"
} 
 </msg>
<msg time="2025-06-09T15:01:46.203039" level="INFO">C:\Users\raiqu\AppData\Local\Programs\Python\Python313\Lib\site-packages\urllib3\connectionpool.py:1097: InsecureRequestWarning: Unverified HTTPS request is being made to host 'compassuol.serverest.dev'. Adding certificate verification is strongly advised. See: https://urllib3.readthedocs.io/en/latest/advanced-usage.html#tls-warnings
  warnings.warn(</msg>
<msg time="2025-06-09T15:01:46.203490" level="INFO">${response} = &lt;Response [400]&gt;</msg>
<var>${response}</var>
<arg>alias=${alias_base}</arg>
<arg>url=/usuarios</arg>
<arg>json=&amp;{payload}</arg>
<arg>headers=${headers}</arg>
<arg>expected_status=${status_code_desejado}</arg>
<doc>Sends a POST request on a previously created HTTP Session.</doc>
<status status="PASS" start="2025-06-09T15:01:46.032915" elapsed="0.170670"/>
</kw>
<kw name="Log" owner="BuiltIn">
<msg time="2025-06-09T15:01:46.204265" level="INFO">Response: {'nome': 'nome não pode ficar em branco'}</msg>
<arg>Response: ${response.json()}</arg>
<doc>Logs the given message with the given level.</doc>
<status status="PASS" start="2025-06-09T15:01:46.203795" elapsed="0.000571"/>
</kw>
<kw name="Set Test Variable" owner="BuiltIn">
<msg time="2025-06-09T15:01:46.204695" level="INFO">${response} = &lt;Response [400]&gt;</msg>
<arg>${response}</arg>
<doc>Makes a variable available everywhere within the scope of the current test.</doc>
<status status="PASS" start="2025-06-09T15:01:46.204517" elapsed="0.000265"/>
</kw>
<status status="PASS" start="2025-06-09T15:01:46.032604" elapsed="0.172300"/>
</kw>
<kw name="Validar se informa que o campo não pode ficar vazio" owner="usuarios_keywords">
<kw name="Should Be Equal" owner="BuiltIn">
<arg>${response.json()["nome"]}</arg>
<arg>nome não pode ficar em branco</arg>
<doc>Fails if the given objects are unequal.</doc>
<status status="PASS" start="2025-06-09T15:01:46.205597" elapsed="0.000430"/>
</kw>
<kw name="Log" owner="BuiltIn">
<msg time="2025-06-09T15:01:46.206516" level="INFO">nome: nome não pode ficar em branco</msg>
<arg>nome: ${response.json()["nome"]}</arg>
<doc>Logs the given message with the given level.</doc>
<status status="PASS" start="2025-06-09T15:01:46.206163" elapsed="0.000447"/>
</kw>
<doc>Verifica se retorna mensagem informando que o campo nome
não pode ficar vazio</doc>
<status status="PASS" start="2025-06-09T15:01:46.205321" elapsed="0.001369"/>
</kw>
<kw name="Validar Status Code &quot;400&quot;" owner="common" source_name="Validar Status Code &quot;${statuscode}&quot;">
<kw name="Should Be True" owner="BuiltIn">
<arg>${response.status_code} == ${statuscode}</arg>
<doc>Fails if the given condition is not true.</doc>
<status status="PASS" start="2025-06-09T15:01:46.207267" elapsed="0.000686"/>
</kw>
<kw name="Log" owner="BuiltIn">
<msg time="2025-06-09T15:01:46.208292" level="INFO">Status Code: 400</msg>
<arg>Status Code: ${statuscode}</arg>
<doc>Logs the given message with the given level.</doc>
<status status="PASS" start="2025-06-09T15:01:46.208124" elapsed="0.000270"/>
</kw>
<status status="PASS" start="2025-06-09T15:01:46.207001" elapsed="0.001488"/>
</kw>
<tag>Criar user com nome vazio</tag>
<status status="PASS" start="2025-06-09T15:01:46.028231" elapsed="0.180511"/>
</test>
<kw name="Finalizar sessão" owner="base" type="TEARDOWN">
<kw name="Delete All Sessions" owner="RequestsLibrary">
<msg time="2025-06-09T15:01:46.209960" level="INFO">Deleting All Sessions</msg>
<doc>Removes all the session objects</doc>
<status status="PASS" start="2025-06-09T15:01:46.209857" elapsed="0.000234"/>
</kw>
<kw name="Log" owner="BuiltIn">
<msg time="2025-06-09T15:01:46.210342" level="INFO">Sessões encerradas.</msg>
<arg>Sessões encerradas.</arg>
<doc>Logs the given message with the given level.</doc>
<status status="PASS" start="2025-06-09T15:01:46.210223" elapsed="0.000213"/>
</kw>
<status status="PASS" start="2025-06-09T15:01:46.209654" elapsed="0.000870"/>
</kw>
<doc>Cenários de teste candidatos à automação
para o endpoint /usuarios</doc>
<status status="PASS" start="2025-06-09T15:01:44.507684" elapsed="1.702903"/>
</suite>
<status status="FAIL" start="2025-06-09T15:01:29.179193" elapsed="17.032696"/>
</suite>
<statistics>
<total>
<stat pass="13" fail="1" skip="0">All Tests</stat>
</total>
<tag>
<stat pass="0" fail="1" skip="0">Ações na rota produtos sem token</stat>
<stat pass="1" fail="0" skip="0">Cadastrar carrinho sem token</stat>
<stat pass="1" fail="0" skip="0">Cancelar compra sem token</stat>
<stat pass="1" fail="0" skip="0">Concluir compra sem carrinho</stat>
<stat pass="1" fail="0" skip="0">Criar produto com name duplicado</stat>
<stat pass="1" fail="0" skip="0">Criar produto válido</stat>
<stat pass="1" fail="0" skip="0">Criar user com email duplicado</stat>
<stat pass="1" fail="0" skip="0">Criar user com email invalido</stat>
<stat pass="1" fail="0" skip="0">Criar user com nome vazio</stat>
<stat pass="1" fail="0" skip="0">Criar user valido</stat>
<stat pass="1" fail="0" skip="0">Excluir produto</stat>
<stat pass="1" fail="0" skip="0">Excluir produto de carrinho ativo</stat>
<stat pass="1" fail="0" skip="0">login com email não cadastrado</stat>
<stat pass="1" fail="0" skip="0">login válido</stat>
</tag>
<suite>
<stat name="Tests" id="s1" pass="13" fail="1" skip="0">Tests</stat>
<stat name="Carrinhos Tests" id="s1-s1" pass="3" fail="0" skip="0">Tests.Carrinhos Tests</stat>
<stat name="Login Tests" id="s1-s2" pass="2" fail="0" skip="0">Tests.Login Tests</stat>
<stat name="Produtos Tests" id="s1-s3" pass="4" fail="1" skip="0">Tests.Produtos Tests</stat>
<stat name="Usuarios Tests" id="s1-s4" pass="4" fail="0" skip="0">Tests.Usuarios Tests</stat>
</suite>
</statistics>
<errors>
</errors>
</robot>
